{"C:\\Users\\CHANCERY AND SCRIBE\\Desktop\\Wayfare\\server\\test\\bookings.js":{"path":"C:\\Users\\CHANCERY AND SCRIBE\\Desktop\\Wayfare\\server\\test\\bookings.js","statementMap":{"0":{"start":{"line":3,"column":29},"end":{"line":3,"column":84}},"1":{"start":{"line":5,"column":19},"end":{"line":5,"column":80}},"2":{"start":{"line":7,"column":25},"end":{"line":7,"column":99}},"3":{"start":{"line":9,"column":12},"end":{"line":9,"column":51}},"4":{"start":{"line":11,"column":16},"end":{"line":11,"column":60}},"5":{"start":{"line":13,"column":13},"end":{"line":13,"column":56}},"6":{"start":{"line":15,"column":13},"end":{"line":15,"column":88}},"7":{"start":{"line":17,"column":11},"end":{"line":17,"column":68}},"8":{"start":{"line":19,"column":13},"end":{"line":19,"column":88}},"9":{"start":{"line":21,"column":13},"end":{"line":21,"column":72}},"10":{"start":{"line":23,"column":16},"end":{"line":23,"column":94}},"11":{"start":{"line":26,"column":0},"end":{"line":26,"column":43}},"12":{"start":{"line":28,"column":13},"end":{"line":28,"column":36}},"13":{"start":{"line":29,"column":0},"end":{"line":712,"column":3}},"14":{"start":{"line":36,"column":2},"end":{"line":113,"column":7}},"15":{"start":{"line":42,"column":4},"end":{"line":112,"column":16}},"16":{"start":{"line":43,"column":6},"end":{"line":111,"column":7}},"17":{"start":{"line":44,"column":8},"end":{"line":110,"column":9}},"18":{"start":{"line":46,"column":12},"end":{"line":52,"column":14}},"19":{"start":{"line":53,"column":12},"end":{"line":59,"column":14}},"20":{"start":{"line":60,"column":12},"end":{"line":66,"column":14}},"21":{"start":{"line":67,"column":12},"end":{"line":73,"column":14}},"22":{"start":{"line":74,"column":12},"end":{"line":74,"column":30}},"23":{"start":{"line":75,"column":12},"end":{"line":75,"column":58}},"24":{"start":{"line":78,"column":12},"end":{"line":78,"column":34}},"25":{"start":{"line":79,"column":12},"end":{"line":79,"column":30}},"26":{"start":{"line":80,"column":12},"end":{"line":80,"column":58}},"27":{"start":{"line":83,"column":12},"end":{"line":83,"column":34}},"28":{"start":{"line":84,"column":12},"end":{"line":84,"column":31}},"29":{"start":{"line":85,"column":12},"end":{"line":85,"column":58}},"30":{"start":{"line":88,"column":12},"end":{"line":88,"column":34}},"31":{"start":{"line":89,"column":12},"end":{"line":89,"column":31}},"32":{"start":{"line":90,"column":12},"end":{"line":90,"column":53}},"33":{"start":{"line":93,"column":12},"end":{"line":93,"column":32}},"34":{"start":{"line":94,"column":12},"end":{"line":100,"column":14}},"35":{"start":{"line":101,"column":12},"end":{"line":101,"column":31}},"36":{"start":{"line":102,"column":12},"end":{"line":102,"column":57}},"37":{"start":{"line":105,"column":12},"end":{"line":105,"column":33}},"38":{"start":{"line":109,"column":12},"end":{"line":109,"column":35}},"39":{"start":{"line":114,"column":2},"end":{"line":144,"column":7}},"40":{"start":{"line":119,"column":4},"end":{"line":143,"column":17}},"41":{"start":{"line":120,"column":6},"end":{"line":142,"column":7}},"42":{"start":{"line":121,"column":8},"end":{"line":141,"column":9}},"43":{"start":{"line":123,"column":12},"end":{"line":123,"column":31}},"44":{"start":{"line":124,"column":12},"end":{"line":124,"column":63}},"45":{"start":{"line":127,"column":12},"end":{"line":127,"column":31}},"46":{"start":{"line":128,"column":12},"end":{"line":128,"column":63}},"47":{"start":{"line":131,"column":12},"end":{"line":131,"column":31}},"48":{"start":{"line":132,"column":12},"end":{"line":132,"column":63}},"49":{"start":{"line":135,"column":12},"end":{"line":135,"column":31}},"50":{"start":{"line":136,"column":12},"end":{"line":136,"column":66}},"51":{"start":{"line":140,"column":12},"end":{"line":140,"column":36}},"52":{"start":{"line":145,"column":2},"end":{"line":292,"column":5}},"53":{"start":{"line":146,"column":4},"end":{"line":176,"column":9}},"54":{"start":{"line":152,"column":6},"end":{"line":175,"column":19}},"55":{"start":{"line":153,"column":8},"end":{"line":174,"column":9}},"56":{"start":{"line":154,"column":10},"end":{"line":173,"column":11}},"57":{"start":{"line":156,"column":14},"end":{"line":159,"column":16}},"58":{"start":{"line":160,"column":14},"end":{"line":160,"column":33}},"59":{"start":{"line":161,"column":14},"end":{"line":161,"column":142}},"60":{"start":{"line":164,"column":14},"end":{"line":164,"column":35}},"61":{"start":{"line":165,"column":14},"end":{"line":165,"column":96}},"62":{"start":{"line":166,"column":14},"end":{"line":166,"column":55}},"63":{"start":{"line":167,"column":14},"end":{"line":167,"column":167}},"64":{"start":{"line":168,"column":14},"end":{"line":168,"column":65}},"65":{"start":{"line":172,"column":14},"end":{"line":172,"column":38}},"66":{"start":{"line":177,"column":4},"end":{"line":205,"column":9}},"67":{"start":{"line":183,"column":6},"end":{"line":204,"column":19}},"68":{"start":{"line":184,"column":8},"end":{"line":203,"column":9}},"69":{"start":{"line":185,"column":10},"end":{"line":202,"column":11}},"70":{"start":{"line":187,"column":14},"end":{"line":187,"column":33}},"71":{"start":{"line":188,"column":14},"end":{"line":190,"column":17}},"72":{"start":{"line":193,"column":14},"end":{"line":193,"column":35}},"73":{"start":{"line":194,"column":14},"end":{"line":194,"column":96}},"74":{"start":{"line":195,"column":14},"end":{"line":195,"column":55}},"75":{"start":{"line":196,"column":14},"end":{"line":196,"column":167}},"76":{"start":{"line":197,"column":14},"end":{"line":197,"column":65}},"77":{"start":{"line":201,"column":14},"end":{"line":201,"column":38}},"78":{"start":{"line":206,"column":4},"end":{"line":230,"column":9}},"79":{"start":{"line":212,"column":6},"end":{"line":229,"column":19}},"80":{"start":{"line":213,"column":8},"end":{"line":228,"column":9}},"81":{"start":{"line":214,"column":10},"end":{"line":227,"column":11}},"82":{"start":{"line":216,"column":14},"end":{"line":216,"column":33}},"83":{"start":{"line":217,"column":14},"end":{"line":217,"column":132}},"84":{"start":{"line":220,"column":14},"end":{"line":220,"column":35}},"85":{"start":{"line":221,"column":14},"end":{"line":221,"column":75}},"86":{"start":{"line":222,"column":14},"end":{"line":222,"column":53}},"87":{"start":{"line":226,"column":14},"end":{"line":226,"column":38}},"88":{"start":{"line":231,"column":4},"end":{"line":255,"column":9}},"89":{"start":{"line":237,"column":6},"end":{"line":254,"column":19}},"90":{"start":{"line":238,"column":8},"end":{"line":253,"column":9}},"91":{"start":{"line":239,"column":10},"end":{"line":252,"column":11}},"92":{"start":{"line":241,"column":14},"end":{"line":241,"column":33}},"93":{"start":{"line":242,"column":14},"end":{"line":242,"column":97}},"94":{"start":{"line":245,"column":14},"end":{"line":245,"column":35}},"95":{"start":{"line":246,"column":14},"end":{"line":246,"column":75}},"96":{"start":{"line":247,"column":14},"end":{"line":247,"column":53}},"97":{"start":{"line":251,"column":14},"end":{"line":251,"column":38}},"98":{"start":{"line":256,"column":4},"end":{"line":291,"column":9}},"99":{"start":{"line":262,"column":6},"end":{"line":290,"column":19}},"100":{"start":{"line":263,"column":8},"end":{"line":289,"column":9}},"101":{"start":{"line":264,"column":10},"end":{"line":288,"column":11}},"102":{"start":{"line":266,"column":14},"end":{"line":266,"column":33}},"103":{"start":{"line":267,"column":14},"end":{"line":270,"column":32}},"104":{"start":{"line":273,"column":14},"end":{"line":276,"column":16}},"105":{"start":{"line":277,"column":14},"end":{"line":277,"column":33}},"106":{"start":{"line":278,"column":14},"end":{"line":278,"column":139}},"107":{"start":{"line":281,"column":14},"end":{"line":281,"column":35}},"108":{"start":{"line":282,"column":14},"end":{"line":282,"column":75}},"109":{"start":{"line":283,"column":14},"end":{"line":283,"column":53}},"110":{"start":{"line":287,"column":14},"end":{"line":287,"column":38}},"111":{"start":{"line":293,"column":2},"end":{"line":460,"column":5}},"112":{"start":{"line":294,"column":4},"end":{"line":330,"column":9}},"113":{"start":{"line":300,"column":6},"end":{"line":329,"column":19}},"114":{"start":{"line":301,"column":8},"end":{"line":328,"column":9}},"115":{"start":{"line":302,"column":10},"end":{"line":327,"column":11}},"116":{"start":{"line":304,"column":14},"end":{"line":307,"column":16}},"117":{"start":{"line":308,"column":14},"end":{"line":308,"column":33}},"118":{"start":{"line":309,"column":14},"end":{"line":309,"column":80}},"119":{"start":{"line":312,"column":14},"end":{"line":312,"column":42}},"120":{"start":{"line":313,"column":14},"end":{"line":313,"column":33}},"121":{"start":{"line":314,"column":14},"end":{"line":314,"column":155}},"122":{"start":{"line":317,"column":14},"end":{"line":317,"column":35}},"123":{"start":{"line":318,"column":14},"end":{"line":318,"column":44}},"124":{"start":{"line":319,"column":14},"end":{"line":319,"column":65}},"125":{"start":{"line":320,"column":14},"end":{"line":320,"column":55}},"126":{"start":{"line":321,"column":14},"end":{"line":321,"column":45}},"127":{"start":{"line":322,"column":14},"end":{"line":322,"column":159}},"128":{"start":{"line":326,"column":14},"end":{"line":326,"column":38}},"129":{"start":{"line":331,"column":4},"end":{"line":356,"column":9}},"130":{"start":{"line":337,"column":6},"end":{"line":355,"column":19}},"131":{"start":{"line":338,"column":8},"end":{"line":354,"column":9}},"132":{"start":{"line":339,"column":10},"end":{"line":353,"column":11}},"133":{"start":{"line":341,"column":14},"end":{"line":341,"column":33}},"134":{"start":{"line":342,"column":14},"end":{"line":342,"column":126}},"135":{"start":{"line":345,"column":14},"end":{"line":345,"column":35}},"136":{"start":{"line":346,"column":14},"end":{"line":346,"column":44}},"137":{"start":{"line":347,"column":14},"end":{"line":347,"column":53}},"138":{"start":{"line":348,"column":14},"end":{"line":348,"column":65}},"139":{"start":{"line":352,"column":14},"end":{"line":352,"column":38}},"140":{"start":{"line":357,"column":4},"end":{"line":391,"column":9}},"141":{"start":{"line":363,"column":6},"end":{"line":390,"column":20}},"142":{"start":{"line":364,"column":8},"end":{"line":389,"column":9}},"143":{"start":{"line":365,"column":10},"end":{"line":388,"column":11}},"144":{"start":{"line":367,"column":14},"end":{"line":370,"column":16}},"145":{"start":{"line":371,"column":14},"end":{"line":371,"column":34}},"146":{"start":{"line":372,"column":14},"end":{"line":372,"column":80}},"147":{"start":{"line":375,"column":14},"end":{"line":375,"column":43}},"148":{"start":{"line":376,"column":14},"end":{"line":376,"column":34}},"149":{"start":{"line":377,"column":14},"end":{"line":377,"column":120}},"150":{"start":{"line":380,"column":14},"end":{"line":380,"column":36}},"151":{"start":{"line":381,"column":14},"end":{"line":381,"column":44}},"152":{"start":{"line":382,"column":14},"end":{"line":382,"column":53}},"153":{"start":{"line":383,"column":14},"end":{"line":383,"column":65}},"154":{"start":{"line":387,"column":14},"end":{"line":387,"column":39}},"155":{"start":{"line":392,"column":4},"end":{"line":426,"column":9}},"156":{"start":{"line":398,"column":6},"end":{"line":425,"column":20}},"157":{"start":{"line":399,"column":8},"end":{"line":424,"column":9}},"158":{"start":{"line":400,"column":10},"end":{"line":423,"column":11}},"159":{"start":{"line":402,"column":14},"end":{"line":405,"column":16}},"160":{"start":{"line":406,"column":14},"end":{"line":406,"column":34}},"161":{"start":{"line":407,"column":14},"end":{"line":407,"column":80}},"162":{"start":{"line":410,"column":14},"end":{"line":410,"column":43}},"163":{"start":{"line":411,"column":14},"end":{"line":411,"column":34}},"164":{"start":{"line":412,"column":14},"end":{"line":412,"column":155}},"165":{"start":{"line":415,"column":14},"end":{"line":415,"column":36}},"166":{"start":{"line":416,"column":14},"end":{"line":416,"column":44}},"167":{"start":{"line":417,"column":14},"end":{"line":417,"column":53}},"168":{"start":{"line":418,"column":14},"end":{"line":418,"column":65}},"169":{"start":{"line":422,"column":14},"end":{"line":422,"column":39}},"170":{"start":{"line":427,"column":4},"end":{"line":459,"column":9}},"171":{"start":{"line":433,"column":6},"end":{"line":458,"column":20}},"172":{"start":{"line":434,"column":8},"end":{"line":457,"column":9}},"173":{"start":{"line":435,"column":10},"end":{"line":456,"column":11}},"174":{"start":{"line":437,"column":14},"end":{"line":437,"column":34}},"175":{"start":{"line":438,"column":14},"end":{"line":441,"column":32}},"176":{"start":{"line":444,"column":14},"end":{"line":444,"column":34}},"177":{"start":{"line":445,"column":14},"end":{"line":445,"column":130}},"178":{"start":{"line":448,"column":14},"end":{"line":448,"column":36}},"179":{"start":{"line":449,"column":14},"end":{"line":449,"column":44}},"180":{"start":{"line":450,"column":14},"end":{"line":450,"column":53}},"181":{"start":{"line":451,"column":14},"end":{"line":451,"column":65}},"182":{"start":{"line":455,"column":14},"end":{"line":455,"column":39}},"183":{"start":{"line":461,"column":2},"end":{"line":605,"column":5}},"184":{"start":{"line":462,"column":4},"end":{"line":502,"column":9}},"185":{"start":{"line":468,"column":6},"end":{"line":501,"column":20}},"186":{"start":{"line":469,"column":8},"end":{"line":500,"column":9}},"187":{"start":{"line":470,"column":10},"end":{"line":499,"column":11}},"188":{"start":{"line":472,"column":14},"end":{"line":472,"column":34}},"189":{"start":{"line":473,"column":14},"end":{"line":476,"column":32}},"190":{"start":{"line":479,"column":14},"end":{"line":479,"column":34}},"191":{"start":{"line":480,"column":14},"end":{"line":483,"column":32}},"192":{"start":{"line":486,"column":14},"end":{"line":486,"column":34}},"193":{"start":{"line":487,"column":14},"end":{"line":487,"column":124}},"194":{"start":{"line":490,"column":14},"end":{"line":490,"column":36}},"195":{"start":{"line":491,"column":14},"end":{"line":491,"column":44}},"196":{"start":{"line":492,"column":14},"end":{"line":492,"column":55}},"197":{"start":{"line":493,"column":14},"end":{"line":493,"column":44}},"198":{"start":{"line":494,"column":14},"end":{"line":494,"column":47}},"199":{"start":{"line":498,"column":14},"end":{"line":498,"column":39}},"200":{"start":{"line":503,"column":4},"end":{"line":538,"column":9}},"201":{"start":{"line":509,"column":6},"end":{"line":537,"column":20}},"202":{"start":{"line":510,"column":8},"end":{"line":536,"column":9}},"203":{"start":{"line":511,"column":10},"end":{"line":535,"column":11}},"204":{"start":{"line":513,"column":14},"end":{"line":513,"column":34}},"205":{"start":{"line":514,"column":14},"end":{"line":517,"column":32}},"206":{"start":{"line":520,"column":14},"end":{"line":520,"column":34}},"207":{"start":{"line":521,"column":14},"end":{"line":521,"column":124}},"208":{"start":{"line":524,"column":14},"end":{"line":524,"column":36}},"209":{"start":{"line":525,"column":14},"end":{"line":525,"column":44}},"210":{"start":{"line":526,"column":14},"end":{"line":526,"column":55}},"211":{"start":{"line":527,"column":14},"end":{"line":527,"column":44}},"212":{"start":{"line":528,"column":14},"end":{"line":530,"column":17}},"213":{"start":{"line":529,"column":16},"end":{"line":529,"column":61}},"214":{"start":{"line":534,"column":14},"end":{"line":534,"column":39}},"215":{"start":{"line":539,"column":4},"end":{"line":571,"column":9}},"216":{"start":{"line":545,"column":6},"end":{"line":570,"column":20}},"217":{"start":{"line":546,"column":8},"end":{"line":569,"column":9}},"218":{"start":{"line":547,"column":10},"end":{"line":568,"column":11}},"219":{"start":{"line":549,"column":14},"end":{"line":549,"column":34}},"220":{"start":{"line":550,"column":14},"end":{"line":553,"column":32}},"221":{"start":{"line":556,"column":14},"end":{"line":556,"column":34}},"222":{"start":{"line":557,"column":14},"end":{"line":557,"column":89}},"223":{"start":{"line":560,"column":14},"end":{"line":560,"column":36}},"224":{"start":{"line":561,"column":14},"end":{"line":561,"column":44}},"225":{"start":{"line":562,"column":14},"end":{"line":562,"column":53}},"226":{"start":{"line":563,"column":14},"end":{"line":563,"column":65}},"227":{"start":{"line":567,"column":14},"end":{"line":567,"column":39}},"228":{"start":{"line":572,"column":4},"end":{"line":604,"column":9}},"229":{"start":{"line":578,"column":6},"end":{"line":603,"column":20}},"230":{"start":{"line":579,"column":8},"end":{"line":602,"column":9}},"231":{"start":{"line":580,"column":10},"end":{"line":601,"column":11}},"232":{"start":{"line":582,"column":14},"end":{"line":582,"column":34}},"233":{"start":{"line":583,"column":14},"end":{"line":586,"column":32}},"234":{"start":{"line":589,"column":14},"end":{"line":589,"column":34}},"235":{"start":{"line":590,"column":14},"end":{"line":590,"column":121}},"236":{"start":{"line":593,"column":14},"end":{"line":593,"column":36}},"237":{"start":{"line":594,"column":14},"end":{"line":594,"column":44}},"238":{"start":{"line":595,"column":14},"end":{"line":595,"column":53}},"239":{"start":{"line":596,"column":14},"end":{"line":596,"column":65}},"240":{"start":{"line":600,"column":14},"end":{"line":600,"column":39}},"241":{"start":{"line":606,"column":2},"end":{"line":711,"column":5}},"242":{"start":{"line":607,"column":4},"end":{"line":640,"column":9}},"243":{"start":{"line":613,"column":6},"end":{"line":639,"column":20}},"244":{"start":{"line":614,"column":8},"end":{"line":638,"column":9}},"245":{"start":{"line":615,"column":10},"end":{"line":637,"column":11}},"246":{"start":{"line":617,"column":14},"end":{"line":620,"column":16}},"247":{"start":{"line":621,"column":14},"end":{"line":621,"column":34}},"248":{"start":{"line":622,"column":14},"end":{"line":622,"column":83}},"249":{"start":{"line":625,"column":14},"end":{"line":625,"column":40}},"250":{"start":{"line":626,"column":14},"end":{"line":626,"column":34}},"251":{"start":{"line":627,"column":14},"end":{"line":627,"column":158}},"252":{"start":{"line":630,"column":14},"end":{"line":630,"column":36}},"253":{"start":{"line":631,"column":14},"end":{"line":631,"column":44}},"254":{"start":{"line":632,"column":14},"end":{"line":632,"column":48}},"255":{"start":{"line":636,"column":14},"end":{"line":636,"column":39}},"256":{"start":{"line":641,"column":4},"end":{"line":675,"column":9}},"257":{"start":{"line":647,"column":6},"end":{"line":674,"column":20}},"258":{"start":{"line":648,"column":8},"end":{"line":673,"column":9}},"259":{"start":{"line":649,"column":10},"end":{"line":672,"column":11}},"260":{"start":{"line":651,"column":14},"end":{"line":654,"column":16}},"261":{"start":{"line":655,"column":14},"end":{"line":655,"column":34}},"262":{"start":{"line":656,"column":14},"end":{"line":656,"column":83}},"263":{"start":{"line":659,"column":14},"end":{"line":659,"column":40}},"264":{"start":{"line":660,"column":14},"end":{"line":660,"column":34}},"265":{"start":{"line":661,"column":14},"end":{"line":661,"column":123}},"266":{"start":{"line":664,"column":14},"end":{"line":664,"column":36}},"267":{"start":{"line":665,"column":14},"end":{"line":665,"column":44}},"268":{"start":{"line":666,"column":14},"end":{"line":666,"column":53}},"269":{"start":{"line":667,"column":14},"end":{"line":667,"column":65}},"270":{"start":{"line":671,"column":14},"end":{"line":671,"column":39}},"271":{"start":{"line":676,"column":4},"end":{"line":710,"column":9}},"272":{"start":{"line":682,"column":6},"end":{"line":709,"column":20}},"273":{"start":{"line":683,"column":8},"end":{"line":708,"column":9}},"274":{"start":{"line":684,"column":10},"end":{"line":707,"column":11}},"275":{"start":{"line":686,"column":14},"end":{"line":689,"column":16}},"276":{"start":{"line":690,"column":14},"end":{"line":690,"column":34}},"277":{"start":{"line":691,"column":14},"end":{"line":691,"column":83}},"278":{"start":{"line":694,"column":14},"end":{"line":694,"column":40}},"279":{"start":{"line":695,"column":14},"end":{"line":695,"column":34}},"280":{"start":{"line":696,"column":14},"end":{"line":696,"column":158}},"281":{"start":{"line":699,"column":14},"end":{"line":699,"column":36}},"282":{"start":{"line":700,"column":14},"end":{"line":700,"column":44}},"283":{"start":{"line":701,"column":14},"end":{"line":701,"column":53}},"284":{"start":{"line":702,"column":14},"end":{"line":702,"column":65}},"285":{"start":{"line":706,"column":14},"end":{"line":706,"column":39}}},"fnMap":{"0":{"name":"(anonymous_0)","decl":{"start":{"line":29,"column":20},"end":{"line":29,"column":21}},"loc":{"start":{"line":29,"column":32},"end":{"line":712,"column":1}},"line":29},"1":{"name":"_callee","decl":{"start":{"line":40,"column":40},"end":{"line":40,"column":47}},"loc":{"start":{"line":40,"column":50},"end":{"line":113,"column":3}},"line":40},"2":{"name":"_callee$","decl":{"start":{"line":42,"column":49},"end":{"line":42,"column":57}},"loc":{"start":{"line":42,"column":68},"end":{"line":112,"column":5}},"line":42},"3":{"name":"_callee2","decl":{"start":{"line":118,"column":40},"end":{"line":118,"column":48}},"loc":{"start":{"line":118,"column":51},"end":{"line":144,"column":3}},"line":118},"4":{"name":"_callee2$","decl":{"start":{"line":119,"column":49},"end":{"line":119,"column":58}},"loc":{"start":{"line":119,"column":70},"end":{"line":143,"column":5}},"line":119},"5":{"name":"(anonymous_5)","decl":{"start":{"line":145,"column":29},"end":{"line":145,"column":30}},"loc":{"start":{"line":145,"column":41},"end":{"line":292,"column":3}},"line":145},"6":{"name":"_callee3","decl":{"start":{"line":150,"column":42},"end":{"line":150,"column":50}},"loc":{"start":{"line":150,"column":53},"end":{"line":176,"column":5}},"line":150},"7":{"name":"_callee3$","decl":{"start":{"line":152,"column":51},"end":{"line":152,"column":60}},"loc":{"start":{"line":152,"column":72},"end":{"line":175,"column":7}},"line":152},"8":{"name":"_callee4","decl":{"start":{"line":181,"column":42},"end":{"line":181,"column":50}},"loc":{"start":{"line":181,"column":53},"end":{"line":205,"column":5}},"line":181},"9":{"name":"_callee4$","decl":{"start":{"line":183,"column":51},"end":{"line":183,"column":60}},"loc":{"start":{"line":183,"column":72},"end":{"line":204,"column":7}},"line":183},"10":{"name":"_callee5","decl":{"start":{"line":210,"column":42},"end":{"line":210,"column":50}},"loc":{"start":{"line":210,"column":53},"end":{"line":230,"column":5}},"line":210},"11":{"name":"_callee5$","decl":{"start":{"line":212,"column":51},"end":{"line":212,"column":60}},"loc":{"start":{"line":212,"column":72},"end":{"line":229,"column":7}},"line":212},"12":{"name":"_callee6","decl":{"start":{"line":235,"column":42},"end":{"line":235,"column":50}},"loc":{"start":{"line":235,"column":53},"end":{"line":255,"column":5}},"line":235},"13":{"name":"_callee6$","decl":{"start":{"line":237,"column":51},"end":{"line":237,"column":60}},"loc":{"start":{"line":237,"column":72},"end":{"line":254,"column":7}},"line":237},"14":{"name":"_callee7","decl":{"start":{"line":260,"column":42},"end":{"line":260,"column":50}},"loc":{"start":{"line":260,"column":53},"end":{"line":291,"column":5}},"line":260},"15":{"name":"_callee7$","decl":{"start":{"line":262,"column":51},"end":{"line":262,"column":60}},"loc":{"start":{"line":262,"column":72},"end":{"line":290,"column":7}},"line":262},"16":{"name":"(anonymous_16)","decl":{"start":{"line":293,"column":28},"end":{"line":293,"column":29}},"loc":{"start":{"line":293,"column":40},"end":{"line":460,"column":3}},"line":293},"17":{"name":"_callee8","decl":{"start":{"line":298,"column":42},"end":{"line":298,"column":50}},"loc":{"start":{"line":298,"column":53},"end":{"line":330,"column":5}},"line":298},"18":{"name":"_callee8$","decl":{"start":{"line":300,"column":51},"end":{"line":300,"column":60}},"loc":{"start":{"line":300,"column":72},"end":{"line":329,"column":7}},"line":300},"19":{"name":"_callee9","decl":{"start":{"line":335,"column":42},"end":{"line":335,"column":50}},"loc":{"start":{"line":335,"column":53},"end":{"line":356,"column":5}},"line":335},"20":{"name":"_callee9$","decl":{"start":{"line":337,"column":51},"end":{"line":337,"column":60}},"loc":{"start":{"line":337,"column":72},"end":{"line":355,"column":7}},"line":337},"21":{"name":"_callee10","decl":{"start":{"line":361,"column":42},"end":{"line":361,"column":51}},"loc":{"start":{"line":361,"column":54},"end":{"line":391,"column":5}},"line":361},"22":{"name":"_callee10$","decl":{"start":{"line":363,"column":51},"end":{"line":363,"column":61}},"loc":{"start":{"line":363,"column":74},"end":{"line":390,"column":7}},"line":363},"23":{"name":"_callee11","decl":{"start":{"line":396,"column":42},"end":{"line":396,"column":51}},"loc":{"start":{"line":396,"column":54},"end":{"line":426,"column":5}},"line":396},"24":{"name":"_callee11$","decl":{"start":{"line":398,"column":51},"end":{"line":398,"column":61}},"loc":{"start":{"line":398,"column":74},"end":{"line":425,"column":7}},"line":398},"25":{"name":"_callee12","decl":{"start":{"line":431,"column":42},"end":{"line":431,"column":51}},"loc":{"start":{"line":431,"column":54},"end":{"line":459,"column":5}},"line":431},"26":{"name":"_callee12$","decl":{"start":{"line":433,"column":51},"end":{"line":433,"column":61}},"loc":{"start":{"line":433,"column":74},"end":{"line":458,"column":7}},"line":433},"27":{"name":"(anonymous_27)","decl":{"start":{"line":461,"column":31},"end":{"line":461,"column":32}},"loc":{"start":{"line":461,"column":43},"end":{"line":605,"column":3}},"line":461},"28":{"name":"_callee13","decl":{"start":{"line":466,"column":42},"end":{"line":466,"column":51}},"loc":{"start":{"line":466,"column":54},"end":{"line":502,"column":5}},"line":466},"29":{"name":"_callee13$","decl":{"start":{"line":468,"column":51},"end":{"line":468,"column":61}},"loc":{"start":{"line":468,"column":74},"end":{"line":501,"column":7}},"line":468},"30":{"name":"_callee14","decl":{"start":{"line":507,"column":42},"end":{"line":507,"column":51}},"loc":{"start":{"line":507,"column":54},"end":{"line":538,"column":5}},"line":507},"31":{"name":"_callee14$","decl":{"start":{"line":509,"column":51},"end":{"line":509,"column":61}},"loc":{"start":{"line":509,"column":74},"end":{"line":537,"column":7}},"line":509},"32":{"name":"(anonymous_32)","decl":{"start":{"line":528,"column":36},"end":{"line":528,"column":37}},"loc":{"start":{"line":528,"column":55},"end":{"line":530,"column":15}},"line":528},"33":{"name":"_callee15","decl":{"start":{"line":543,"column":42},"end":{"line":543,"column":51}},"loc":{"start":{"line":543,"column":54},"end":{"line":571,"column":5}},"line":543},"34":{"name":"_callee15$","decl":{"start":{"line":545,"column":51},"end":{"line":545,"column":61}},"loc":{"start":{"line":545,"column":74},"end":{"line":570,"column":7}},"line":545},"35":{"name":"_callee16","decl":{"start":{"line":576,"column":42},"end":{"line":576,"column":51}},"loc":{"start":{"line":576,"column":54},"end":{"line":604,"column":5}},"line":576},"36":{"name":"_callee16$","decl":{"start":{"line":578,"column":51},"end":{"line":578,"column":61}},"loc":{"start":{"line":578,"column":74},"end":{"line":603,"column":7}},"line":578},"37":{"name":"(anonymous_37)","decl":{"start":{"line":606,"column":29},"end":{"line":606,"column":30}},"loc":{"start":{"line":606,"column":41},"end":{"line":711,"column":3}},"line":606},"38":{"name":"_callee17","decl":{"start":{"line":611,"column":42},"end":{"line":611,"column":51}},"loc":{"start":{"line":611,"column":54},"end":{"line":640,"column":5}},"line":611},"39":{"name":"_callee17$","decl":{"start":{"line":613,"column":51},"end":{"line":613,"column":61}},"loc":{"start":{"line":613,"column":74},"end":{"line":639,"column":7}},"line":613},"40":{"name":"_callee18","decl":{"start":{"line":645,"column":42},"end":{"line":645,"column":51}},"loc":{"start":{"line":645,"column":54},"end":{"line":675,"column":5}},"line":645},"41":{"name":"_callee18$","decl":{"start":{"line":647,"column":51},"end":{"line":647,"column":61}},"loc":{"start":{"line":647,"column":74},"end":{"line":674,"column":7}},"line":647},"42":{"name":"_callee19","decl":{"start":{"line":680,"column":42},"end":{"line":680,"column":51}},"loc":{"start":{"line":680,"column":54},"end":{"line":710,"column":5}},"line":680},"43":{"name":"_callee19$","decl":{"start":{"line":682,"column":51},"end":{"line":682,"column":61}},"loc":{"start":{"line":682,"column":74},"end":{"line":709,"column":7}},"line":682}},"branchMap":{"0":{"loc":{"start":{"line":44,"column":8},"end":{"line":110,"column":9}},"type":"switch","locations":[{"start":{"line":45,"column":10},"end":{"line":75,"column":58}},{"start":{"line":77,"column":10},"end":{"line":80,"column":58}},{"start":{"line":82,"column":10},"end":{"line":85,"column":58}},{"start":{"line":87,"column":10},"end":{"line":90,"column":53}},{"start":{"line":92,"column":10},"end":{"line":102,"column":57}},{"start":{"line":104,"column":10},"end":{"line":105,"column":33}},{"start":{"line":107,"column":10},"end":{"line":107,"column":18}},{"start":{"line":108,"column":10},"end":{"line":109,"column":35}}],"line":44},"1":{"loc":{"start":{"line":121,"column":8},"end":{"line":141,"column":9}},"type":"switch","locations":[{"start":{"line":122,"column":10},"end":{"line":124,"column":63}},{"start":{"line":126,"column":10},"end":{"line":128,"column":63}},{"start":{"line":130,"column":10},"end":{"line":132,"column":63}},{"start":{"line":134,"column":10},"end":{"line":136,"column":66}},{"start":{"line":138,"column":10},"end":{"line":138,"column":17}},{"start":{"line":139,"column":10},"end":{"line":140,"column":36}}],"line":121},"2":{"loc":{"start":{"line":154,"column":10},"end":{"line":173,"column":11}},"type":"switch","locations":[{"start":{"line":155,"column":12},"end":{"line":161,"column":142}},{"start":{"line":163,"column":12},"end":{"line":168,"column":65}},{"start":{"line":170,"column":12},"end":{"line":170,"column":19}},{"start":{"line":171,"column":12},"end":{"line":172,"column":38}}],"line":154},"3":{"loc":{"start":{"line":185,"column":10},"end":{"line":202,"column":11}},"type":"switch","locations":[{"start":{"line":186,"column":12},"end":{"line":190,"column":17}},{"start":{"line":192,"column":12},"end":{"line":197,"column":65}},{"start":{"line":199,"column":12},"end":{"line":199,"column":19}},{"start":{"line":200,"column":12},"end":{"line":201,"column":38}}],"line":185},"4":{"loc":{"start":{"line":214,"column":10},"end":{"line":227,"column":11}},"type":"switch","locations":[{"start":{"line":215,"column":12},"end":{"line":217,"column":132}},{"start":{"line":219,"column":12},"end":{"line":222,"column":53}},{"start":{"line":224,"column":12},"end":{"line":224,"column":19}},{"start":{"line":225,"column":12},"end":{"line":226,"column":38}}],"line":214},"5":{"loc":{"start":{"line":239,"column":10},"end":{"line":252,"column":11}},"type":"switch","locations":[{"start":{"line":240,"column":12},"end":{"line":242,"column":97}},{"start":{"line":244,"column":12},"end":{"line":247,"column":53}},{"start":{"line":249,"column":12},"end":{"line":249,"column":19}},{"start":{"line":250,"column":12},"end":{"line":251,"column":38}}],"line":239},"6":{"loc":{"start":{"line":264,"column":10},"end":{"line":288,"column":11}},"type":"switch","locations":[{"start":{"line":265,"column":12},"end":{"line":270,"column":32}},{"start":{"line":272,"column":12},"end":{"line":278,"column":139}},{"start":{"line":280,"column":12},"end":{"line":283,"column":53}},{"start":{"line":285,"column":12},"end":{"line":285,"column":19}},{"start":{"line":286,"column":12},"end":{"line":287,"column":38}}],"line":264},"7":{"loc":{"start":{"line":302,"column":10},"end":{"line":327,"column":11}},"type":"switch","locations":[{"start":{"line":303,"column":12},"end":{"line":309,"column":80}},{"start":{"line":311,"column":12},"end":{"line":314,"column":155}},{"start":{"line":316,"column":12},"end":{"line":322,"column":159}},{"start":{"line":324,"column":12},"end":{"line":324,"column":20}},{"start":{"line":325,"column":12},"end":{"line":326,"column":38}}],"line":302},"8":{"loc":{"start":{"line":339,"column":10},"end":{"line":353,"column":11}},"type":"switch","locations":[{"start":{"line":340,"column":12},"end":{"line":342,"column":126}},{"start":{"line":344,"column":12},"end":{"line":348,"column":65}},{"start":{"line":350,"column":12},"end":{"line":350,"column":19}},{"start":{"line":351,"column":12},"end":{"line":352,"column":38}}],"line":339},"9":{"loc":{"start":{"line":365,"column":10},"end":{"line":388,"column":11}},"type":"switch","locations":[{"start":{"line":366,"column":12},"end":{"line":372,"column":80}},{"start":{"line":374,"column":12},"end":{"line":377,"column":120}},{"start":{"line":379,"column":12},"end":{"line":383,"column":65}},{"start":{"line":385,"column":12},"end":{"line":385,"column":20}},{"start":{"line":386,"column":12},"end":{"line":387,"column":39}}],"line":365},"10":{"loc":{"start":{"line":400,"column":10},"end":{"line":423,"column":11}},"type":"switch","locations":[{"start":{"line":401,"column":12},"end":{"line":407,"column":80}},{"start":{"line":409,"column":12},"end":{"line":412,"column":155}},{"start":{"line":414,"column":12},"end":{"line":418,"column":65}},{"start":{"line":420,"column":12},"end":{"line":420,"column":20}},{"start":{"line":421,"column":12},"end":{"line":422,"column":39}}],"line":400},"11":{"loc":{"start":{"line":435,"column":10},"end":{"line":456,"column":11}},"type":"switch","locations":[{"start":{"line":436,"column":12},"end":{"line":441,"column":32}},{"start":{"line":443,"column":12},"end":{"line":445,"column":130}},{"start":{"line":447,"column":12},"end":{"line":451,"column":65}},{"start":{"line":453,"column":12},"end":{"line":453,"column":19}},{"start":{"line":454,"column":12},"end":{"line":455,"column":39}}],"line":435},"12":{"loc":{"start":{"line":470,"column":10},"end":{"line":499,"column":11}},"type":"switch","locations":[{"start":{"line":471,"column":12},"end":{"line":476,"column":32}},{"start":{"line":478,"column":12},"end":{"line":483,"column":32}},{"start":{"line":485,"column":12},"end":{"line":487,"column":124}},{"start":{"line":489,"column":12},"end":{"line":494,"column":47}},{"start":{"line":496,"column":12},"end":{"line":496,"column":20}},{"start":{"line":497,"column":12},"end":{"line":498,"column":39}}],"line":470},"13":{"loc":{"start":{"line":511,"column":10},"end":{"line":535,"column":11}},"type":"switch","locations":[{"start":{"line":512,"column":12},"end":{"line":517,"column":32}},{"start":{"line":519,"column":12},"end":{"line":521,"column":124}},{"start":{"line":523,"column":12},"end":{"line":530,"column":17}},{"start":{"line":532,"column":12},"end":{"line":532,"column":19}},{"start":{"line":533,"column":12},"end":{"line":534,"column":39}}],"line":511},"14":{"loc":{"start":{"line":547,"column":10},"end":{"line":568,"column":11}},"type":"switch","locations":[{"start":{"line":548,"column":12},"end":{"line":553,"column":32}},{"start":{"line":555,"column":12},"end":{"line":557,"column":89}},{"start":{"line":559,"column":12},"end":{"line":563,"column":65}},{"start":{"line":565,"column":12},"end":{"line":565,"column":19}},{"start":{"line":566,"column":12},"end":{"line":567,"column":39}}],"line":547},"15":{"loc":{"start":{"line":580,"column":10},"end":{"line":601,"column":11}},"type":"switch","locations":[{"start":{"line":581,"column":12},"end":{"line":586,"column":32}},{"start":{"line":588,"column":12},"end":{"line":590,"column":121}},{"start":{"line":592,"column":12},"end":{"line":596,"column":65}},{"start":{"line":598,"column":12},"end":{"line":598,"column":19}},{"start":{"line":599,"column":12},"end":{"line":600,"column":39}}],"line":580},"16":{"loc":{"start":{"line":615,"column":10},"end":{"line":637,"column":11}},"type":"switch","locations":[{"start":{"line":616,"column":12},"end":{"line":622,"column":83}},{"start":{"line":624,"column":12},"end":{"line":627,"column":158}},{"start":{"line":629,"column":12},"end":{"line":632,"column":48}},{"start":{"line":634,"column":12},"end":{"line":634,"column":19}},{"start":{"line":635,"column":12},"end":{"line":636,"column":39}}],"line":615},"17":{"loc":{"start":{"line":649,"column":10},"end":{"line":672,"column":11}},"type":"switch","locations":[{"start":{"line":650,"column":12},"end":{"line":656,"column":83}},{"start":{"line":658,"column":12},"end":{"line":661,"column":123}},{"start":{"line":663,"column":12},"end":{"line":667,"column":65}},{"start":{"line":669,"column":12},"end":{"line":669,"column":20}},{"start":{"line":670,"column":12},"end":{"line":671,"column":39}}],"line":649},"18":{"loc":{"start":{"line":684,"column":10},"end":{"line":707,"column":11}},"type":"switch","locations":[{"start":{"line":685,"column":12},"end":{"line":691,"column":83}},{"start":{"line":693,"column":12},"end":{"line":696,"column":158}},{"start":{"line":698,"column":12},"end":{"line":702,"column":65}},{"start":{"line":704,"column":12},"end":{"line":704,"column":20}},{"start":{"line":705,"column":12},"end":{"line":706,"column":39}}],"line":684}},"s":{"0":1,"1":1,"2":1,"3":1,"4":1,"5":1,"6":1,"7":1,"8":1,"9":1,"10":1,"11":1,"12":1,"13":1,"14":1,"15":17,"16":102,"17":102,"18":17,"19":17,"20":17,"21":17,"22":17,"23":17,"24":17,"25":17,"26":17,"27":17,"28":17,"29":17,"30":17,"31":17,"32":17,"33":17,"34":17,"35":17,"36":17,"37":17,"38":17,"39":1,"40":17,"41":85,"42":85,"43":17,"44":17,"45":17,"46":17,"47":17,"48":17,"49":17,"50":17,"51":17,"52":1,"53":1,"54":1,"55":2,"56":2,"57":1,"58":1,"59":1,"60":1,"61":1,"62":1,"63":1,"64":1,"65":1,"66":1,"67":1,"68":2,"69":2,"70":1,"71":1,"72":1,"73":1,"74":1,"75":1,"76":1,"77":1,"78":1,"79":1,"80":2,"81":2,"82":1,"83":1,"84":1,"85":1,"86":1,"87":1,"88":1,"89":1,"90":2,"91":2,"92":1,"93":1,"94":1,"95":1,"96":1,"97":1,"98":1,"99":1,"100":3,"101":3,"102":1,"103":1,"104":1,"105":1,"106":1,"107":1,"108":1,"109":1,"110":1,"111":1,"112":1,"113":1,"114":3,"115":3,"116":1,"117":1,"118":1,"119":1,"120":1,"121":1,"122":1,"123":1,"124":1,"125":1,"126":1,"127":1,"128":1,"129":1,"130":1,"131":2,"132":2,"133":1,"134":1,"135":1,"136":1,"137":1,"138":1,"139":1,"140":1,"141":1,"142":3,"143":3,"144":1,"145":1,"146":1,"147":1,"148":1,"149":1,"150":1,"151":1,"152":1,"153":1,"154":1,"155":1,"156":1,"157":3,"158":3,"159":1,"160":1,"161":1,"162":1,"163":1,"164":1,"165":1,"166":1,"167":1,"168":1,"169":1,"170":1,"171":1,"172":3,"173":3,"174":1,"175":1,"176":1,"177":1,"178":1,"179":1,"180":1,"181":1,"182":1,"183":1,"184":1,"185":1,"186":4,"187":4,"188":1,"189":1,"190":1,"191":1,"192":1,"193":1,"194":1,"195":1,"196":1,"197":1,"198":1,"199":1,"200":1,"201":1,"202":3,"203":3,"204":1,"205":1,"206":1,"207":1,"208":1,"209":1,"210":1,"211":1,"212":1,"213":1,"214":1,"215":1,"216":1,"217":3,"218":3,"219":1,"220":1,"221":1,"222":1,"223":1,"224":1,"225":1,"226":1,"227":1,"228":1,"229":1,"230":3,"231":3,"232":1,"233":1,"234":1,"235":1,"236":1,"237":1,"238":1,"239":1,"240":1,"241":1,"242":1,"243":1,"244":3,"245":3,"246":1,"247":1,"248":1,"249":1,"250":1,"251":1,"252":1,"253":1,"254":1,"255":1,"256":1,"257":1,"258":3,"259":3,"260":1,"261":1,"262":1,"263":1,"264":1,"265":1,"266":1,"267":1,"268":1,"269":1,"270":1,"271":1,"272":1,"273":3,"274":3,"275":1,"276":1,"277":1,"278":1,"279":1,"280":1,"281":1,"282":1,"283":1,"284":1,"285":1},"f":{"0":1,"1":17,"2":102,"3":17,"4":85,"5":1,"6":1,"7":2,"8":1,"9":2,"10":1,"11":2,"12":1,"13":2,"14":1,"15":3,"16":1,"17":1,"18":3,"19":1,"20":2,"21":1,"22":3,"23":1,"24":3,"25":1,"26":3,"27":1,"28":1,"29":4,"30":1,"31":3,"32":1,"33":1,"34":3,"35":1,"36":3,"37":1,"38":1,"39":3,"40":1,"41":3,"42":1,"43":3},"b":{"0":[17,17,17,17,17,17,17,17],"1":[17,17,17,17,17,17],"2":[1,1,1,1],"3":[1,1,1,1],"4":[1,1,1,1],"5":[1,1,1,1],"6":[1,1,1,1,1],"7":[1,1,1,1,1],"8":[1,1,1,1],"9":[1,1,1,1,1],"10":[1,1,1,1,1],"11":[1,1,1,1,1],"12":[1,1,1,1,1,1],"13":[1,1,1,1,1],"14":[1,1,1,1,1],"15":[1,1,1,1,1],"16":[1,1,1,1,1],"17":[1,1,1,1,1],"18":[1,1,1,1,1]},"_coverageSchema":"43e27e138ebf9cfc5966b082cf9a028302ed4184","hash":"1ca066e15dd53e3c7189bfaeab959092220b043f","contentHash":"18addcb72d744459f05d31008e9cda90760447382fe577b9a204725a49d12342"},"C:\\Users\\CHANCERY AND SCRIBE\\Desktop\\Wayfare\\server\\index.js":{"path":"C:\\Users\\CHANCERY AND SCRIBE\\Desktop\\Wayfare\\server\\index.js","statementMap":{"0":{"start":{"line":3,"column":29},"end":{"line":3,"column":84}},"1":{"start":{"line":5,"column":0},"end":{"line":7,"column":3}},"2":{"start":{"line":8,"column":0},"end":{"line":8,"column":28}},"3":{"start":{"line":10,"column":15},"end":{"line":10,"column":57}},"4":{"start":{"line":12,"column":13},"end":{"line":12,"column":62}},"5":{"start":{"line":14,"column":13},"end":{"line":14,"column":62}},"6":{"start":{"line":16,"column":13},"end":{"line":16,"column":62}},"7":{"start":{"line":18,"column":16},"end":{"line":18,"column":68}},"8":{"start":{"line":20,"column":10},"end":{"line":20,"column":36}},"9":{"start":{"line":21,"column":0},"end":{"line":21,"column":36}},"10":{"start":{"line":22,"column":0},"end":{"line":24,"column":4}},"11":{"start":{"line":25,"column":0},"end":{"line":25,"column":43}},"12":{"start":{"line":26,"column":0},"end":{"line":26,"column":44}},"13":{"start":{"line":27,"column":0},"end":{"line":27,"column":44}},"14":{"start":{"line":28,"column":0},"end":{"line":28,"column":50}},"15":{"start":{"line":29,"column":0},"end":{"line":31,"column":3}},"16":{"start":{"line":30,"column":2},"end":{"line":30,"column":35}},"17":{"start":{"line":32,"column":11},"end":{"line":32,"column":35}},"18":{"start":{"line":33,"column":0},"end":{"line":35,"column":3}},"19":{"start":{"line":34,"column":2},"end":{"line":34,"column":56}},"20":{"start":{"line":36,"column":15},"end":{"line":36,"column":18}},"21":{"start":{"line":37,"column":0},"end":{"line":37,"column":30}}},"fnMap":{"0":{"name":"(anonymous_0)","decl":{"start":{"line":29,"column":19},"end":{"line":29,"column":20}},"loc":{"start":{"line":29,"column":39},"end":{"line":31,"column":1}},"line":29},"1":{"name":"(anonymous_1)","decl":{"start":{"line":33,"column":17},"end":{"line":33,"column":18}},"loc":{"start":{"line":33,"column":29},"end":{"line":35,"column":1}},"line":33}},"branchMap":{"0":{"loc":{"start":{"line":32,"column":11},"end":{"line":32,"column":35}},"type":"binary-expr","locations":[{"start":{"line":32,"column":11},"end":{"line":32,"column":27}},{"start":{"line":32,"column":31},"end":{"line":32,"column":35}}],"line":32}},"s":{"0":1,"1":1,"2":1,"3":1,"4":1,"5":1,"6":1,"7":1,"8":1,"9":1,"10":1,"11":1,"12":1,"13":1,"14":1,"15":1,"16":0,"17":1,"18":1,"19":1,"20":1,"21":1},"f":{"0":0,"1":1},"b":{"0":[1,1]},"_coverageSchema":"43e27e138ebf9cfc5966b082cf9a028302ed4184","hash":"39ad2b74b26ce02af8e62ca69254a33bd3854588","contentHash":"e9e73aa38ea9d5de745f074889432d971e50b63859521cfd84f85f227ecdc896"},"C:\\Users\\CHANCERY AND SCRIBE\\Desktop\\Wayfare\\server\\routes\\users.js":{"path":"C:\\Users\\CHANCERY AND SCRIBE\\Desktop\\Wayfare\\server\\routes\\users.js","statementMap":{"0":{"start":{"line":3,"column":29},"end":{"line":3,"column":84}},"1":{"start":{"line":5,"column":0},"end":{"line":7,"column":3}},"2":{"start":{"line":8,"column":0},"end":{"line":8,"column":28}},"3":{"start":{"line":10,"column":15},"end":{"line":10,"column":57}},"4":{"start":{"line":12,"column":13},"end":{"line":12,"column":69}},"5":{"start":{"line":14,"column":23},"end":{"line":14,"column":64}},"6":{"start":{"line":16,"column":22},"end":{"line":16,"column":62}},"7":{"start":{"line":18,"column":13},"end":{"line":18,"column":41}},"8":{"start":{"line":20,"column":0},"end":{"line":20,"column":84}},"9":{"start":{"line":21,"column":0},"end":{"line":21,"column":81}},"10":{"start":{"line":22,"column":0},"end":{"line":22,"column":118}},"11":{"start":{"line":23,"column":15},"end":{"line":23,"column":21}},"12":{"start":{"line":24,"column":0},"end":{"line":24,"column":30}}},"fnMap":{},"branchMap":{},"s":{"0":1,"1":1,"2":1,"3":1,"4":1,"5":1,"6":1,"7":1,"8":1,"9":1,"10":1,"11":1,"12":1},"f":{},"b":{},"_coverageSchema":"43e27e138ebf9cfc5966b082cf9a028302ed4184","hash":"0685ae8f28adc39e02c8f4a1776e19e17d0eb189","contentHash":"a706e915eadde95563433ff9bc45c59520a26fafdc15c036349fc5507c787342"},"C:\\Users\\CHANCERY AND SCRIBE\\Desktop\\Wayfare\\server\\controlllers\\users.js":{"path":"C:\\Users\\CHANCERY AND SCRIBE\\Desktop\\Wayfare\\server\\controlllers\\users.js","statementMap":{"0":{"start":{"line":3,"column":29},"end":{"line":3,"column":84}},"1":{"start":{"line":5,"column":0},"end":{"line":7,"column":3}},"2":{"start":{"line":8,"column":0},"end":{"line":8,"column":28}},"3":{"start":{"line":10,"column":21},"end":{"line":10,"column":91}},"4":{"start":{"line":12,"column":32},"end":{"line":12,"column":113}},"5":{"start":{"line":14,"column":19},"end":{"line":14,"column":80}},"6":{"start":{"line":16,"column":25},"end":{"line":16,"column":99}},"7":{"start":{"line":18,"column":23},"end":{"line":18,"column":95}},"8":{"start":{"line":20,"column":20},"end":{"line":20,"column":89}},"9":{"start":{"line":22,"column":9},"end":{"line":22,"column":40}},"10":{"start":{"line":24,"column":13},"end":{"line":24,"column":88}},"11":{"start":{"line":28,"column":0},"end":{"line":233,"column":3}},"12":{"start":{"line":30,"column":4},"end":{"line":30,"column":49}},"13":{"start":{"line":33,"column":2},"end":{"line":231,"column":6}},"14":{"start":{"line":36,"column":20},"end":{"line":73,"column":9}},"15":{"start":{"line":40,"column":8},"end":{"line":72,"column":36}},"16":{"start":{"line":41,"column":10},"end":{"line":71,"column":11}},"17":{"start":{"line":42,"column":12},"end":{"line":70,"column":13}},"18":{"start":{"line":44,"column":16},"end":{"line":44,"column":34}},"19":{"start":{"line":45,"column":16},"end":{"line":45,"column":34}},"20":{"start":{"line":46,"column":16},"end":{"line":46,"column":62}},"21":{"start":{"line":49,"column":16},"end":{"line":49,"column":40}},"22":{"start":{"line":50,"column":16},"end":{"line":57,"column":20}},"23":{"start":{"line":60,"column":16},"end":{"line":60,"column":34}},"24":{"start":{"line":61,"column":16},"end":{"line":61,"column":51}},"25":{"start":{"line":62,"column":16},"end":{"line":65,"column":20}},"26":{"start":{"line":69,"column":16},"end":{"line":69,"column":39}},"27":{"start":{"line":76,"column":8},"end":{"line":76,"column":46}},"28":{"start":{"line":79,"column":6},"end":{"line":79,"column":20}},"29":{"start":{"line":84,"column":19},"end":{"line":159,"column":9}},"30":{"start":{"line":88,"column":8},"end":{"line":158,"column":38}},"31":{"start":{"line":89,"column":10},"end":{"line":157,"column":11}},"32":{"start":{"line":90,"column":12},"end":{"line":156,"column":13}},"33":{"start":{"line":92,"column":16},"end":{"line":92,"column":35}},"34":{"start":{"line":93,"column":16},"end":{"line":93,"column":72}},"35":{"start":{"line":96,"column":16},"end":{"line":96,"column":38}},"36":{"start":{"line":98,"column":16},"end":{"line":101,"column":17}},"37":{"start":{"line":99,"column":18},"end":{"line":99,"column":37}},"38":{"start":{"line":100,"column":18},"end":{"line":100,"column":24}},"39":{"start":{"line":103,"column":16},"end":{"line":106,"column":20}},"40":{"start":{"line":109,"column":16},"end":{"line":109,"column":35}},"41":{"start":{"line":110,"column":16},"end":{"line":110,"column":35}},"42":{"start":{"line":111,"column":16},"end":{"line":111,"column":80}},"43":{"start":{"line":114,"column":16},"end":{"line":114,"column":49}},"44":{"start":{"line":116,"column":16},"end":{"line":119,"column":17}},"45":{"start":{"line":117,"column":18},"end":{"line":117,"column":38}},"46":{"start":{"line":118,"column":18},"end":{"line":118,"column":24}},"47":{"start":{"line":121,"column":16},"end":{"line":124,"column":20}},"48":{"start":{"line":127,"column":16},"end":{"line":127,"column":173}},"49":{"start":{"line":128,"column":16},"end":{"line":132,"column":18}},"50":{"start":{"line":133,"column":16},"end":{"line":133,"column":36}},"51":{"start":{"line":134,"column":16},"end":{"line":134,"column":54}},"52":{"start":{"line":137,"column":16},"end":{"line":137,"column":39}},"53":{"start":{"line":138,"column":16},"end":{"line":143,"column":20}},"54":{"start":{"line":146,"column":16},"end":{"line":146,"column":36}},"55":{"start":{"line":147,"column":16},"end":{"line":147,"column":53}},"56":{"start":{"line":148,"column":16},"end":{"line":151,"column":20}},"57":{"start":{"line":155,"column":16},"end":{"line":155,"column":40}},"58":{"start":{"line":162,"column":8},"end":{"line":162,"column":45}},"59":{"start":{"line":165,"column":6},"end":{"line":165,"column":19}},"60":{"start":{"line":170,"column":22},"end":{"line":223,"column":9}},"61":{"start":{"line":175,"column":8},"end":{"line":222,"column":38}},"62":{"start":{"line":176,"column":10},"end":{"line":221,"column":11}},"63":{"start":{"line":177,"column":12},"end":{"line":220,"column":13}},"64":{"start":{"line":179,"column":16},"end":{"line":179,"column":35}},"65":{"start":{"line":180,"column":16},"end":{"line":180,"column":35}},"66":{"start":{"line":181,"column":16},"end":{"line":181,"column":78}},"67":{"start":{"line":184,"column":16},"end":{"line":184,"column":43}},"68":{"start":{"line":186,"column":16},"end":{"line":189,"column":17}},"69":{"start":{"line":187,"column":18},"end":{"line":187,"column":37}},"70":{"start":{"line":188,"column":18},"end":{"line":188,"column":24}},"71":{"start":{"line":191,"column":16},"end":{"line":194,"column":20}},"72":{"start":{"line":197,"column":16},"end":{"line":197,"column":206}},"73":{"start":{"line":198,"column":16},"end":{"line":207,"column":20}},"74":{"start":{"line":210,"column":16},"end":{"line":210,"column":36}},"75":{"start":{"line":211,"column":16},"end":{"line":211,"column":53}},"76":{"start":{"line":212,"column":16},"end":{"line":215,"column":20}},"77":{"start":{"line":219,"column":16},"end":{"line":219,"column":40}},"78":{"start":{"line":226,"column":8},"end":{"line":226,"column":48}},"79":{"start":{"line":229,"column":6},"end":{"line":229,"column":22}},"80":{"start":{"line":232,"column":2},"end":{"line":232,"column":14}},"81":{"start":{"line":235,"column":15},"end":{"line":235,"column":19}},"82":{"start":{"line":236,"column":0},"end":{"line":236,"column":30}}},"fnMap":{"0":{"name":"(anonymous_0)","decl":{"start":{"line":28,"column":0},"end":{"line":28,"column":1}},"loc":{"start":{"line":28,"column":12},"end":{"line":233,"column":1}},"line":28},"1":{"name":"User","decl":{"start":{"line":29,"column":11},"end":{"line":29,"column":15}},"loc":{"start":{"line":29,"column":18},"end":{"line":31,"column":3}},"line":29},"2":{"name":"(anonymous_2)","decl":{"start":{"line":35,"column":11},"end":{"line":35,"column":12}},"loc":{"start":{"line":35,"column":23},"end":{"line":80,"column":5}},"line":35},"3":{"name":"_callee","decl":{"start":{"line":38,"column":44},"end":{"line":38,"column":51}},"loc":{"start":{"line":38,"column":62},"end":{"line":73,"column":7}},"line":38},"4":{"name":"_callee$","decl":{"start":{"line":40,"column":53},"end":{"line":40,"column":61}},"loc":{"start":{"line":40,"column":72},"end":{"line":72,"column":9}},"line":40},"5":{"name":"create","decl":{"start":{"line":75,"column":15},"end":{"line":75,"column":21}},"loc":{"start":{"line":75,"column":31},"end":{"line":77,"column":7}},"line":75},"6":{"name":"(anonymous_6)","decl":{"start":{"line":83,"column":11},"end":{"line":83,"column":12}},"loc":{"start":{"line":83,"column":23},"end":{"line":166,"column":5}},"line":83},"7":{"name":"_callee2","decl":{"start":{"line":86,"column":44},"end":{"line":86,"column":52}},"loc":{"start":{"line":86,"column":63},"end":{"line":159,"column":7}},"line":86},"8":{"name":"_callee2$","decl":{"start":{"line":88,"column":53},"end":{"line":88,"column":62}},"loc":{"start":{"line":88,"column":74},"end":{"line":158,"column":9}},"line":88},"9":{"name":"login","decl":{"start":{"line":161,"column":15},"end":{"line":161,"column":20}},"loc":{"start":{"line":161,"column":31},"end":{"line":163,"column":7}},"line":161},"10":{"name":"(anonymous_10)","decl":{"start":{"line":169,"column":11},"end":{"line":169,"column":12}},"loc":{"start":{"line":169,"column":23},"end":{"line":230,"column":5}},"line":169},"11":{"name":"_callee3","decl":{"start":{"line":172,"column":44},"end":{"line":172,"column":52}},"loc":{"start":{"line":172,"column":63},"end":{"line":223,"column":7}},"line":172},"12":{"name":"_callee3$","decl":{"start":{"line":175,"column":53},"end":{"line":175,"column":62}},"loc":{"start":{"line":175,"column":74},"end":{"line":222,"column":9}},"line":175},"13":{"name":"findUser","decl":{"start":{"line":225,"column":15},"end":{"line":225,"column":23}},"loc":{"start":{"line":225,"column":34},"end":{"line":227,"column":7}},"line":225}},"branchMap":{"0":{"loc":{"start":{"line":42,"column":12},"end":{"line":70,"column":13}},"type":"switch","locations":[{"start":{"line":43,"column":14},"end":{"line":46,"column":62}},{"start":{"line":48,"column":14},"end":{"line":57,"column":20}},{"start":{"line":59,"column":14},"end":{"line":65,"column":20}},{"start":{"line":67,"column":14},"end":{"line":67,"column":22}},{"start":{"line":68,"column":14},"end":{"line":69,"column":39}}],"line":42},"1":{"loc":{"start":{"line":90,"column":12},"end":{"line":156,"column":13}},"type":"switch","locations":[{"start":{"line":91,"column":14},"end":{"line":93,"column":72}},{"start":{"line":95,"column":14},"end":{"line":106,"column":20}},{"start":{"line":108,"column":14},"end":{"line":111,"column":80}},{"start":{"line":113,"column":14},"end":{"line":124,"column":20}},{"start":{"line":126,"column":14},"end":{"line":134,"column":54}},{"start":{"line":136,"column":14},"end":{"line":143,"column":20}},{"start":{"line":145,"column":14},"end":{"line":151,"column":20}},{"start":{"line":153,"column":14},"end":{"line":153,"column":22}},{"start":{"line":154,"column":14},"end":{"line":155,"column":40}}],"line":90},"2":{"loc":{"start":{"line":98,"column":16},"end":{"line":101,"column":17}},"type":"if","locations":[{"start":{"line":98,"column":16},"end":{"line":101,"column":17}},{"start":{"line":98,"column":16},"end":{"line":101,"column":17}}],"line":98},"3":{"loc":{"start":{"line":116,"column":16},"end":{"line":119,"column":17}},"type":"if","locations":[{"start":{"line":116,"column":16},"end":{"line":119,"column":17}},{"start":{"line":116,"column":16},"end":{"line":119,"column":17}}],"line":116},"4":{"loc":{"start":{"line":177,"column":12},"end":{"line":220,"column":13}},"type":"switch","locations":[{"start":{"line":178,"column":14},"end":{"line":181,"column":78}},{"start":{"line":183,"column":14},"end":{"line":194,"column":20}},{"start":{"line":196,"column":14},"end":{"line":207,"column":20}},{"start":{"line":209,"column":14},"end":{"line":215,"column":20}},{"start":{"line":217,"column":14},"end":{"line":217,"column":22}},{"start":{"line":218,"column":14},"end":{"line":219,"column":40}}],"line":177},"5":{"loc":{"start":{"line":186,"column":16},"end":{"line":189,"column":17}},"type":"if","locations":[{"start":{"line":186,"column":16},"end":{"line":189,"column":17}},{"start":{"line":186,"column":16},"end":{"line":189,"column":17}}],"line":186}},"s":{"0":1,"1":1,"2":1,"3":1,"4":1,"5":1,"6":1,"7":1,"8":1,"9":1,"10":1,"11":1,"12":0,"13":1,"14":1,"15":3,"16":9,"17":9,"18":3,"19":3,"20":3,"21":2,"22":2,"23":1,"24":1,"25":1,"26":3,"27":3,"28":1,"29":1,"30":3,"31":12,"32":15,"33":3,"34":3,"35":3,"36":3,"37":2,"38":2,"39":1,"40":2,"41":2,"42":2,"43":2,"44":2,"45":1,"46":1,"47":1,"48":1,"49":1,"50":1,"51":1,"52":1,"53":1,"54":0,"55":0,"56":0,"57":3,"58":3,"59":1,"60":1,"61":2,"62":6,"63":7,"64":2,"65":2,"66":2,"67":1,"68":1,"69":1,"70":1,"71":0,"72":1,"73":1,"74":1,"75":1,"76":1,"77":2,"78":2,"79":1,"80":1,"81":1,"82":1},"f":{"0":1,"1":0,"2":1,"3":3,"4":9,"5":3,"6":1,"7":3,"8":12,"9":3,"10":1,"11":2,"12":6,"13":2},"b":{"0":[3,2,1,0,3],"1":[3,3,2,2,1,1,0,0,3],"2":[2,1],"3":[1,1],"4":[2,1,1,1,0,2],"5":[1,0]},"_coverageSchema":"43e27e138ebf9cfc5966b082cf9a028302ed4184","hash":"c99ec845a5ca6f4b5b8cc75483833673fb33200c","contentHash":"34e0e5528e73ad3204d931281f243c66592693c68d89c033321d0d7489092da8"},"C:\\Users\\CHANCERY AND SCRIBE\\Desktop\\Wayfare\\server\\helperFunctions\\a.js":{"path":"C:\\Users\\CHANCERY AND SCRIBE\\Desktop\\Wayfare\\server\\helperFunctions\\a.js","statementMap":{"0":{"start":{"line":3,"column":29},"end":{"line":3,"column":84}},"1":{"start":{"line":5,"column":0},"end":{"line":7,"column":3}},"2":{"start":{"line":8,"column":0},"end":{"line":8,"column":100}},"3":{"start":{"line":10,"column":19},"end":{"line":10,"column":80}},"4":{"start":{"line":12,"column":25},"end":{"line":12,"column":99}},"5":{"start":{"line":14,"column":20},"end":{"line":14,"column":67}},"6":{"start":{"line":16,"column":14},"end":{"line":16,"column":55}},"7":{"start":{"line":20,"column":0},"end":{"line":51,"column":3}},"8":{"start":{"line":21,"column":13},"end":{"line":46,"column":5}},"9":{"start":{"line":24,"column":4},"end":{"line":45,"column":32}},"10":{"start":{"line":25,"column":6},"end":{"line":44,"column":7}},"11":{"start":{"line":26,"column":8},"end":{"line":43,"column":9}},"12":{"start":{"line":28,"column":12},"end":{"line":28,"column":30}},"13":{"start":{"line":29,"column":12},"end":{"line":29,"column":30}},"14":{"start":{"line":30,"column":12},"end":{"line":30,"column":57}},"15":{"start":{"line":33,"column":12},"end":{"line":33,"column":60}},"16":{"start":{"line":36,"column":12},"end":{"line":36,"column":30}},"17":{"start":{"line":37,"column":12},"end":{"line":37,"column":47}},"18":{"start":{"line":38,"column":12},"end":{"line":38,"column":41}},"19":{"start":{"line":42,"column":12},"end":{"line":42,"column":35}},"20":{"start":{"line":48,"column":2},"end":{"line":50,"column":4}},"21":{"start":{"line":49,"column":4},"end":{"line":49,"column":39}},"22":{"start":{"line":53,"column":0},"end":{"line":53,"column":36}},"23":{"start":{"line":57,"column":0},"end":{"line":99,"column":3}},"24":{"start":{"line":58,"column":14},"end":{"line":94,"column":5}},"25":{"start":{"line":62,"column":4},"end":{"line":93,"column":33}},"26":{"start":{"line":63,"column":6},"end":{"line":92,"column":7}},"27":{"start":{"line":64,"column":8},"end":{"line":91,"column":9}},"28":{"start":{"line":66,"column":12},"end":{"line":66,"column":31}},"29":{"start":{"line":67,"column":12},"end":{"line":67,"column":31}},"30":{"start":{"line":68,"column":12},"end":{"line":68,"column":70}},"31":{"start":{"line":71,"column":12},"end":{"line":71,"column":46}},"32":{"start":{"line":73,"column":12},"end":{"line":76,"column":13}},"33":{"start":{"line":74,"column":14},"end":{"line":74,"column":33}},"34":{"start":{"line":75,"column":14},"end":{"line":75,"column":20}},"35":{"start":{"line":78,"column":12},"end":{"line":78,"column":53}},"36":{"start":{"line":81,"column":12},"end":{"line":81,"column":52}},"37":{"start":{"line":84,"column":12},"end":{"line":84,"column":31}},"38":{"start":{"line":85,"column":12},"end":{"line":85,"column":49}},"39":{"start":{"line":86,"column":12},"end":{"line":86,"column":53}},"40":{"start":{"line":90,"column":12},"end":{"line":90,"column":36}},"41":{"start":{"line":96,"column":2},"end":{"line":98,"column":4}},"42":{"start":{"line":97,"column":4},"end":{"line":97,"column":40}},"43":{"start":{"line":101,"column":0},"end":{"line":101,"column":40}},"44":{"start":{"line":105,"column":0},"end":{"line":140,"column":3}},"45":{"start":{"line":106,"column":14},"end":{"line":135,"column":5}},"46":{"start":{"line":110,"column":4},"end":{"line":134,"column":33}},"47":{"start":{"line":111,"column":6},"end":{"line":133,"column":7}},"48":{"start":{"line":112,"column":8},"end":{"line":132,"column":9}},"49":{"start":{"line":114,"column":12},"end":{"line":114,"column":31}},"50":{"start":{"line":115,"column":12},"end":{"line":115,"column":31}},"51":{"start":{"line":116,"column":12},"end":{"line":118,"column":15}},"52":{"start":{"line":121,"column":12},"end":{"line":121,"column":35}},"53":{"start":{"line":122,"column":12},"end":{"line":122,"column":53}},"54":{"start":{"line":125,"column":12},"end":{"line":125,"column":31}},"55":{"start":{"line":126,"column":12},"end":{"line":126,"column":49}},"56":{"start":{"line":127,"column":12},"end":{"line":127,"column":42}},"57":{"start":{"line":131,"column":12},"end":{"line":131,"column":36}},"58":{"start":{"line":137,"column":2},"end":{"line":139,"column":4}},"59":{"start":{"line":138,"column":4},"end":{"line":138,"column":40}},"60":{"start":{"line":142,"column":0},"end":{"line":142,"column":38}},"61":{"start":{"line":144,"column":17},"end":{"line":152,"column":1}},"62":{"start":{"line":145,"column":2},"end":{"line":149,"column":3}},"63":{"start":{"line":146,"column":4},"end":{"line":148,"column":5}},"64":{"start":{"line":147,"column":6},"end":{"line":147,"column":74}},"65":{"start":{"line":151,"column":2},"end":{"line":151,"column":14}},"66":{"start":{"line":154,"column":0},"end":{"line":154,"column":32}}},"fnMap":{"0":{"name":"(anonymous_0)","decl":{"start":{"line":20,"column":0},"end":{"line":20,"column":1}},"loc":{"start":{"line":20,"column":12},"end":{"line":51,"column":1}},"line":20},"1":{"name":"_callee","decl":{"start":{"line":23,"column":40},"end":{"line":23,"column":47}},"loc":{"start":{"line":23,"column":58},"end":{"line":46,"column":3}},"line":23},"2":{"name":"_callee$","decl":{"start":{"line":24,"column":49},"end":{"line":24,"column":57}},"loc":{"start":{"line":24,"column":68},"end":{"line":45,"column":5}},"line":24},"3":{"name":"hashPassword","decl":{"start":{"line":48,"column":18},"end":{"line":48,"column":30}},"loc":{"start":{"line":48,"column":35},"end":{"line":50,"column":3}},"line":48},"4":{"name":"(anonymous_4)","decl":{"start":{"line":57,"column":0},"end":{"line":57,"column":1}},"loc":{"start":{"line":57,"column":12},"end":{"line":99,"column":1}},"line":57},"5":{"name":"_callee2","decl":{"start":{"line":60,"column":40},"end":{"line":60,"column":48}},"loc":{"start":{"line":60,"column":73},"end":{"line":94,"column":3}},"line":60},"6":{"name":"_callee2$","decl":{"start":{"line":62,"column":49},"end":{"line":62,"column":58}},"loc":{"start":{"line":62,"column":70},"end":{"line":93,"column":5}},"line":62},"7":{"name":"verifyPassword","decl":{"start":{"line":96,"column":18},"end":{"line":96,"column":32}},"loc":{"start":{"line":96,"column":43},"end":{"line":98,"column":3}},"line":96},"8":{"name":"(anonymous_8)","decl":{"start":{"line":105,"column":0},"end":{"line":105,"column":1}},"loc":{"start":{"line":105,"column":12},"end":{"line":140,"column":1}},"line":105},"9":{"name":"_callee3","decl":{"start":{"line":108,"column":40},"end":{"line":108,"column":48}},"loc":{"start":{"line":108,"column":58},"end":{"line":135,"column":3}},"line":108},"10":{"name":"_callee3$","decl":{"start":{"line":110,"column":49},"end":{"line":110,"column":58}},"loc":{"start":{"line":110,"column":70},"end":{"line":134,"column":5}},"line":110},"11":{"name":"generateToken","decl":{"start":{"line":137,"column":18},"end":{"line":137,"column":31}},"loc":{"start":{"line":137,"column":37},"end":{"line":139,"column":3}},"line":137},"12":{"name":"verifyUser","decl":{"start":{"line":144,"column":26},"end":{"line":144,"column":36}},"loc":{"start":{"line":144,"column":53},"end":{"line":152,"column":1}},"line":144}},"branchMap":{"0":{"loc":{"start":{"line":26,"column":8},"end":{"line":43,"column":9}},"type":"switch","locations":[{"start":{"line":27,"column":10},"end":{"line":30,"column":57}},{"start":{"line":32,"column":10},"end":{"line":33,"column":60}},{"start":{"line":35,"column":10},"end":{"line":38,"column":41}},{"start":{"line":40,"column":10},"end":{"line":40,"column":17}},{"start":{"line":41,"column":10},"end":{"line":42,"column":35}}],"line":26},"1":{"loc":{"start":{"line":64,"column":8},"end":{"line":91,"column":9}},"type":"switch","locations":[{"start":{"line":65,"column":10},"end":{"line":68,"column":70}},{"start":{"line":70,"column":10},"end":{"line":78,"column":53}},{"start":{"line":80,"column":10},"end":{"line":81,"column":52}},{"start":{"line":83,"column":10},"end":{"line":86,"column":53}},{"start":{"line":88,"column":10},"end":{"line":88,"column":18}},{"start":{"line":89,"column":10},"end":{"line":90,"column":36}}],"line":64},"2":{"loc":{"start":{"line":73,"column":12},"end":{"line":76,"column":13}},"type":"if","locations":[{"start":{"line":73,"column":12},"end":{"line":76,"column":13}},{"start":{"line":73,"column":12},"end":{"line":76,"column":13}}],"line":73},"3":{"loc":{"start":{"line":112,"column":8},"end":{"line":132,"column":9}},"type":"switch","locations":[{"start":{"line":113,"column":10},"end":{"line":118,"column":15}},{"start":{"line":120,"column":10},"end":{"line":122,"column":53}},{"start":{"line":124,"column":10},"end":{"line":127,"column":42}},{"start":{"line":129,"column":10},"end":{"line":129,"column":18}},{"start":{"line":130,"column":10},"end":{"line":131,"column":36}}],"line":112},"4":{"loc":{"start":{"line":145,"column":2},"end":{"line":149,"column":3}},"type":"if","locations":[{"start":{"line":145,"column":2},"end":{"line":149,"column":3}},{"start":{"line":145,"column":2},"end":{"line":149,"column":3}}],"line":145},"5":{"loc":{"start":{"line":146,"column":4},"end":{"line":148,"column":5}},"type":"if","locations":[{"start":{"line":146,"column":4},"end":{"line":148,"column":5}},{"start":{"line":146,"column":4},"end":{"line":148,"column":5}}],"line":146}},"s":{"0":1,"1":1,"2":1,"3":1,"4":1,"5":1,"6":1,"7":1,"8":1,"9":103,"10":309,"11":309,"12":103,"13":103,"14":103,"15":103,"16":0,"17":0,"18":0,"19":103,"20":1,"21":103,"22":1,"23":1,"24":1,"25":2,"26":6,"27":7,"28":2,"29":2,"30":2,"31":2,"32":2,"33":1,"34":1,"35":1,"36":1,"37":0,"38":0,"39":0,"40":2,"41":1,"42":2,"43":1,"44":1,"45":1,"46":104,"47":312,"48":312,"49":104,"50":104,"51":104,"52":104,"53":104,"54":0,"55":0,"56":0,"57":104,"58":1,"59":104,"60":1,"61":1,"62":6,"63":6,"64":3,"65":3,"66":1},"f":{"0":1,"1":103,"2":309,"3":103,"4":1,"5":2,"6":6,"7":2,"8":1,"9":104,"10":312,"11":104,"12":6},"b":{"0":[103,103,0,0,103],"1":[2,2,1,0,0,2],"2":[1,1],"3":[104,104,0,0,104],"4":[6,0],"5":[3,3]},"_coverageSchema":"43e27e138ebf9cfc5966b082cf9a028302ed4184","hash":"0074f648e733750adedf5e2ccb09a7bd945bf163","contentHash":"3ecd16242b35a75b0e9e30f6029d1070551dd2d960265381a240c2f7f963db15"},"C:\\Users\\CHANCERY AND SCRIBE\\Desktop\\Wayfare\\server\\helperFunctions\\users.helperFunctions.js":{"path":"C:\\Users\\CHANCERY AND SCRIBE\\Desktop\\Wayfare\\server\\helperFunctions\\users.helperFunctions.js","statementMap":{"0":{"start":{"line":3,"column":29},"end":{"line":3,"column":84}},"1":{"start":{"line":5,"column":0},"end":{"line":7,"column":3}},"2":{"start":{"line":8,"column":0},"end":{"line":8,"column":28}},"3":{"start":{"line":10,"column":19},"end":{"line":10,"column":80}},"4":{"start":{"line":12,"column":21},"end":{"line":12,"column":91}},"5":{"start":{"line":14,"column":25},"end":{"line":14,"column":99}},"6":{"start":{"line":16,"column":23},"end":{"line":16,"column":95}},"7":{"start":{"line":18,"column":20},"end":{"line":18,"column":89}},"8":{"start":{"line":20,"column":13},"end":{"line":20,"column":55}},"9":{"start":{"line":22,"column":9},"end":{"line":22,"column":23}},"10":{"start":{"line":26,"column":0},"end":{"line":185,"column":3}},"11":{"start":{"line":28,"column":4},"end":{"line":28,"column":65}},"12":{"start":{"line":31,"column":2},"end":{"line":183,"column":6}},"13":{"start":{"line":34,"column":24},"end":{"line":97,"column":9}},"14":{"start":{"line":38,"column":8},"end":{"line":96,"column":37}},"15":{"start":{"line":39,"column":10},"end":{"line":95,"column":11}},"16":{"start":{"line":40,"column":12},"end":{"line":94,"column":13}},"17":{"start":{"line":42,"column":16},"end":{"line":42,"column":143}},"18":{"start":{"line":44,"column":16},"end":{"line":44,"column":34}},"19":{"start":{"line":45,"column":16},"end":{"line":45,"column":66}},"20":{"start":{"line":48,"column":16},"end":{"line":48,"column":45}},"21":{"start":{"line":50,"column":16},"end":{"line":53,"column":17}},"22":{"start":{"line":51,"column":18},"end":{"line":51,"column":36}},"23":{"start":{"line":52,"column":18},"end":{"line":52,"column":24}},"24":{"start":{"line":55,"column":16},"end":{"line":55,"column":60}},"25":{"start":{"line":59,"column":16},"end":{"line":59,"column":150}},"26":{"start":{"line":60,"column":16},"end":{"line":60,"column":34}},"27":{"start":{"line":61,"column":16},"end":{"line":61,"column":35}},"28":{"start":{"line":62,"column":16},"end":{"line":62,"column":54}},"29":{"start":{"line":65,"column":16},"end":{"line":65,"column":47}},"30":{"start":{"line":66,"column":16},"end":{"line":66,"column":81}},"31":{"start":{"line":67,"column":16},"end":{"line":67,"column":35}},"32":{"start":{"line":68,"column":16},"end":{"line":68,"column":68}},"33":{"start":{"line":71,"column":16},"end":{"line":71,"column":44}},"34":{"start":{"line":72,"column":16},"end":{"line":76,"column":18}},"35":{"start":{"line":77,"column":16},"end":{"line":77,"column":35}},"36":{"start":{"line":78,"column":16},"end":{"line":78,"column":54}},"37":{"start":{"line":81,"column":16},"end":{"line":81,"column":38}},"38":{"start":{"line":82,"column":16},"end":{"line":84,"column":36}},"39":{"start":{"line":87,"column":16},"end":{"line":87,"column":35}},"40":{"start":{"line":88,"column":16},"end":{"line":88,"column":51}},"41":{"start":{"line":89,"column":16},"end":{"line":89,"column":45}},"42":{"start":{"line":93,"column":16},"end":{"line":93,"column":39}},"43":{"start":{"line":100,"column":8},"end":{"line":100,"column":50}},"44":{"start":{"line":103,"column":6},"end":{"line":103,"column":24}},"45":{"start":{"line":108,"column":28},"end":{"line":136,"column":9}},"46":{"start":{"line":112,"column":8},"end":{"line":135,"column":37}},"47":{"start":{"line":113,"column":10},"end":{"line":134,"column":11}},"48":{"start":{"line":114,"column":12},"end":{"line":133,"column":13}},"49":{"start":{"line":116,"column":16},"end":{"line":116,"column":67}},"50":{"start":{"line":117,"column":16},"end":{"line":117,"column":35}},"51":{"start":{"line":118,"column":16},"end":{"line":118,"column":35}},"52":{"start":{"line":119,"column":16},"end":{"line":119,"column":66}},"53":{"start":{"line":122,"column":16},"end":{"line":122,"column":39}},"54":{"start":{"line":123,"column":16},"end":{"line":123,"column":60}},"55":{"start":{"line":126,"column":16},"end":{"line":126,"column":35}},"56":{"start":{"line":127,"column":16},"end":{"line":127,"column":53}},"57":{"start":{"line":128,"column":16},"end":{"line":128,"column":46}},"58":{"start":{"line":132,"column":16},"end":{"line":132,"column":40}},"59":{"start":{"line":139,"column":8},"end":{"line":139,"column":54}},"60":{"start":{"line":142,"column":6},"end":{"line":142,"column":28}},"61":{"start":{"line":147,"column":25},"end":{"line":175,"column":9}},"62":{"start":{"line":151,"column":8},"end":{"line":174,"column":37}},"63":{"start":{"line":152,"column":10},"end":{"line":173,"column":11}},"64":{"start":{"line":153,"column":12},"end":{"line":172,"column":13}},"65":{"start":{"line":155,"column":16},"end":{"line":155,"column":45}},"66":{"start":{"line":156,"column":16},"end":{"line":156,"column":69}},"67":{"start":{"line":157,"column":16},"end":{"line":157,"column":35}},"68":{"start":{"line":158,"column":16},"end":{"line":158,"column":35}},"69":{"start":{"line":159,"column":16},"end":{"line":159,"column":63}},"70":{"start":{"line":162,"column":16},"end":{"line":162,"column":66}},"71":{"start":{"line":165,"column":16},"end":{"line":165,"column":35}},"72":{"start":{"line":166,"column":16},"end":{"line":166,"column":53}},"73":{"start":{"line":167,"column":16},"end":{"line":167,"column":54}},"74":{"start":{"line":171,"column":16},"end":{"line":171,"column":40}},"75":{"start":{"line":178,"column":8},"end":{"line":178,"column":51}},"76":{"start":{"line":181,"column":6},"end":{"line":181,"column":25}},"77":{"start":{"line":184,"column":2},"end":{"line":184,"column":30}},"78":{"start":{"line":187,"column":15},"end":{"line":187,"column":35}},"79":{"start":{"line":188,"column":0},"end":{"line":188,"column":30}}},"fnMap":{"0":{"name":"(anonymous_0)","decl":{"start":{"line":26,"column":0},"end":{"line":26,"column":1}},"loc":{"start":{"line":26,"column":12},"end":{"line":185,"column":1}},"line":26},"1":{"name":"UsersHelperFunctions","decl":{"start":{"line":27,"column":11},"end":{"line":27,"column":31}},"loc":{"start":{"line":27,"column":34},"end":{"line":29,"column":3}},"line":27},"2":{"name":"(anonymous_2)","decl":{"start":{"line":33,"column":11},"end":{"line":33,"column":12}},"loc":{"start":{"line":33,"column":23},"end":{"line":104,"column":5}},"line":33},"3":{"name":"_callee","decl":{"start":{"line":36,"column":44},"end":{"line":36,"column":51}},"loc":{"start":{"line":36,"column":58},"end":{"line":97,"column":7}},"line":36},"4":{"name":"_callee$","decl":{"start":{"line":38,"column":53},"end":{"line":38,"column":61}},"loc":{"start":{"line":38,"column":72},"end":{"line":96,"column":9}},"line":38},"5":{"name":"createUser","decl":{"start":{"line":99,"column":15},"end":{"line":99,"column":25}},"loc":{"start":{"line":99,"column":30},"end":{"line":101,"column":7}},"line":99},"6":{"name":"(anonymous_6)","decl":{"start":{"line":107,"column":11},"end":{"line":107,"column":12}},"loc":{"start":{"line":107,"column":23},"end":{"line":143,"column":5}},"line":107},"7":{"name":"_callee2","decl":{"start":{"line":110,"column":44},"end":{"line":110,"column":52}},"loc":{"start":{"line":110,"column":60},"end":{"line":136,"column":7}},"line":110},"8":{"name":"_callee2$","decl":{"start":{"line":112,"column":53},"end":{"line":112,"column":62}},"loc":{"start":{"line":112,"column":74},"end":{"line":135,"column":9}},"line":112},"9":{"name":"getUserByEmail","decl":{"start":{"line":138,"column":15},"end":{"line":138,"column":29}},"loc":{"start":{"line":138,"column":35},"end":{"line":140,"column":7}},"line":138},"10":{"name":"(anonymous_10)","decl":{"start":{"line":146,"column":11},"end":{"line":146,"column":12}},"loc":{"start":{"line":146,"column":23},"end":{"line":182,"column":5}},"line":146},"11":{"name":"_callee3","decl":{"start":{"line":149,"column":44},"end":{"line":149,"column":52}},"loc":{"start":{"line":149,"column":63},"end":{"line":175,"column":7}},"line":149},"12":{"name":"_callee3$","decl":{"start":{"line":151,"column":53},"end":{"line":151,"column":62}},"loc":{"start":{"line":151,"column":74},"end":{"line":174,"column":9}},"line":151},"13":{"name":"getUserById","decl":{"start":{"line":177,"column":15},"end":{"line":177,"column":26}},"loc":{"start":{"line":177,"column":37},"end":{"line":179,"column":7}},"line":177}},"branchMap":{"0":{"loc":{"start":{"line":40,"column":12},"end":{"line":94,"column":13}},"type":"switch","locations":[{"start":{"line":41,"column":14},"end":{"line":45,"column":66}},{"start":{"line":47,"column":14},"end":{"line":55,"column":60}},{"start":{"line":57,"column":14},"end":{"line":62,"column":54}},{"start":{"line":64,"column":14},"end":{"line":68,"column":68}},{"start":{"line":70,"column":14},"end":{"line":78,"column":54}},{"start":{"line":80,"column":14},"end":{"line":84,"column":36}},{"start":{"line":86,"column":14},"end":{"line":89,"column":45}},{"start":{"line":91,"column":14},"end":{"line":91,"column":22}},{"start":{"line":92,"column":14},"end":{"line":93,"column":39}}],"line":40},"1":{"loc":{"start":{"line":50,"column":16},"end":{"line":53,"column":17}},"type":"if","locations":[{"start":{"line":50,"column":16},"end":{"line":53,"column":17}},{"start":{"line":50,"column":16},"end":{"line":53,"column":17}}],"line":50},"2":{"loc":{"start":{"line":114,"column":12},"end":{"line":133,"column":13}},"type":"switch","locations":[{"start":{"line":115,"column":14},"end":{"line":119,"column":66}},{"start":{"line":121,"column":14},"end":{"line":123,"column":60}},{"start":{"line":125,"column":14},"end":{"line":128,"column":46}},{"start":{"line":130,"column":14},"end":{"line":130,"column":22}},{"start":{"line":131,"column":14},"end":{"line":132,"column":40}}],"line":114},"3":{"loc":{"start":{"line":153,"column":12},"end":{"line":172,"column":13}},"type":"switch","locations":[{"start":{"line":154,"column":14},"end":{"line":159,"column":63}},{"start":{"line":161,"column":14},"end":{"line":162,"column":66}},{"start":{"line":164,"column":14},"end":{"line":167,"column":54}},{"start":{"line":169,"column":14},"end":{"line":169,"column":22}},{"start":{"line":170,"column":14},"end":{"line":171,"column":40}}],"line":153}},"s":{"0":1,"1":1,"2":1,"3":1,"4":1,"5":1,"6":1,"7":1,"8":1,"9":1,"10":1,"11":0,"12":1,"13":1,"14":104,"15":621,"16":724,"17":104,"18":104,"19":104,"20":104,"21":104,"22":103,"23":103,"24":1,"25":103,"26":103,"27":103,"28":103,"29":103,"30":103,"31":103,"32":103,"33":103,"34":103,"35":103,"36":103,"37":103,"38":103,"39":0,"40":0,"41":0,"42":104,"43":104,"44":1,"45":1,"46":107,"47":321,"48":321,"49":107,"50":107,"51":107,"52":107,"53":107,"54":107,"55":0,"56":0,"57":0,"58":107,"59":107,"60":1,"61":1,"62":2,"63":5,"64":5,"65":2,"66":1,"67":1,"68":1,"69":1,"70":1,"71":0,"72":0,"73":0,"74":2,"75":2,"76":1,"77":1,"78":1,"79":1},"f":{"0":1,"1":0,"2":1,"3":104,"4":621,"5":104,"6":1,"7":107,"8":321,"9":107,"10":1,"11":2,"12":5,"13":2},"b":{"0":[104,104,103,103,103,103,0,0,104],"1":[103,1],"2":[107,107,0,0,107],"3":[2,1,0,0,2]},"_coverageSchema":"43e27e138ebf9cfc5966b082cf9a028302ed4184","hash":"90efca9c3233cadb06255413051b1d85afb36096","contentHash":"afdf3067f09649f0909d41c1c8795ef48848a5519d1cfc48981fdf2ee0669de2"},"C:\\Users\\CHANCERY AND SCRIBE\\Desktop\\Wayfare\\server\\helperFunctions\\query.js":{"path":"C:\\Users\\CHANCERY AND SCRIBE\\Desktop\\Wayfare\\server\\helperFunctions\\query.js","statementMap":{"0":{"start":{"line":3,"column":29},"end":{"line":3,"column":84}},"1":{"start":{"line":5,"column":0},"end":{"line":7,"column":3}},"2":{"start":{"line":8,"column":0},"end":{"line":8,"column":28}},"3":{"start":{"line":10,"column":19},"end":{"line":10,"column":80}},"4":{"start":{"line":12,"column":25},"end":{"line":12,"column":99}},"5":{"start":{"line":14,"column":16},"end":{"line":14,"column":45}},"6":{"start":{"line":18,"column":0},"end":{"line":53,"column":3}},"7":{"start":{"line":19,"column":13},"end":{"line":48,"column":5}},"8":{"start":{"line":24,"column":4},"end":{"line":47,"column":32}},"9":{"start":{"line":25,"column":6},"end":{"line":46,"column":7}},"10":{"start":{"line":26,"column":8},"end":{"line":45,"column":9}},"11":{"start":{"line":28,"column":12},"end":{"line":28,"column":30}},"12":{"start":{"line":29,"column":12},"end":{"line":29,"column":30}},"13":{"start":{"line":30,"column":12},"end":{"line":30,"column":52}},"14":{"start":{"line":33,"column":12},"end":{"line":33,"column":34}},"15":{"start":{"line":34,"column":12},"end":{"line":34,"column":30}},"16":{"start":{"line":35,"column":12},"end":{"line":35,"column":51}},"17":{"start":{"line":38,"column":12},"end":{"line":38,"column":30}},"18":{"start":{"line":39,"column":12},"end":{"line":39,"column":47}},"19":{"start":{"line":40,"column":12},"end":{"line":40,"column":41}},"20":{"start":{"line":44,"column":12},"end":{"line":44,"column":35}},"21":{"start":{"line":50,"column":2},"end":{"line":52,"column":4}},"22":{"start":{"line":51,"column":4},"end":{"line":51,"column":39}},"23":{"start":{"line":55,"column":15},"end":{"line":55,"column":20}},"24":{"start":{"line":56,"column":0},"end":{"line":56,"column":30}}},"fnMap":{"0":{"name":"(anonymous_0)","decl":{"start":{"line":18,"column":0},"end":{"line":18,"column":1}},"loc":{"start":{"line":18,"column":12},"end":{"line":53,"column":1}},"line":18},"1":{"name":"_callee","decl":{"start":{"line":21,"column":40},"end":{"line":21,"column":47}},"loc":{"start":{"line":21,"column":60},"end":{"line":48,"column":3}},"line":21},"2":{"name":"_callee$","decl":{"start":{"line":24,"column":49},"end":{"line":24,"column":57}},"loc":{"start":{"line":24,"column":68},"end":{"line":47,"column":5}},"line":24},"3":{"name":"query","decl":{"start":{"line":50,"column":18},"end":{"line":50,"column":23}},"loc":{"start":{"line":50,"column":33},"end":{"line":52,"column":3}},"line":50}},"branchMap":{"0":{"loc":{"start":{"line":26,"column":8},"end":{"line":45,"column":9}},"type":"switch","locations":[{"sta
[...]
mn":4},"end":{"line":171,"column":9}},"54":{"start":{"line":146,"column":6},"end":{"line":170,"column":19}},"55":{"start":{"line":147,"column":8},"end":{"line":169,"column":9}},"56":{"start":{"line":148,"column":10},"end":{"line":168,"column":11}},"57":{"start":{"line":150,"column":14},"end":{"line":155,"column":16}},"58":{"start":{"line":156,"column":14},"end":{"line":156,"column":33}},"59":{"start":{"line":157,"column":14},"end":{"line":157,"column":105}},"60":{"start":{"line":160,"column":14},"end":{"line":160,"column":35}},"61":{"start":{"line":161,"column":14},"end":{"line":161,"column":82}},"62":{"start":{"line":162,"column":14},"end":{"line":162,"column":88}},"63":{"start":{"line":163,"column":14},"end":{"line":163,"column":92}},"64":{"start":{"line":167,"column":14},"end":{"line":167,"column":38}},"65":{"start":{"line":172,"column":4},"end":{"line":202,"column":9}},"66":{"start":{"line":178,"column":6},"end":{"line":201,"column":19}},"67":{"start":{"line":179,"column":8},"end":{"line":200,"column":9}},"68":{"start":{"line":180,"column":10},"end":{"line":199,"column":11}},"69":{"start":{"line":182,"column":14},"end":{"line":187,"column":16}},"70":{"start":{"line":188,"column":14},"end":{"line":188,"column":33}},"71":{"start":{"line":189,"column":14},"end":{"line":189,"column":107}},"72":{"start":{"line":192,"column":14},"end":{"line":192,"column":35}},"73":{"start":{"line":193,"column":14},"end":{"line":193,"column":77}},"74":{"start":{"line":194,"column":14},"end":{"line":194,"column":88}},"75":{"start":{"line":198,"column":14},"end":{"line":198,"column":38}},"76":{"start":{"line":204,"column":2},"end":{"line":325,"column":5}},"77":{"start":{"line":205,"column":4},"end":{"line":234,"column":9}},"78":{"start":{"line":211,"column":6},"end":{"line":233,"column":19}},"79":{"start":{"line":212,"column":8},"end":{"line":232,"column":9}},"80":{"start":{"line":213,"column":10},"end":{"line":231,"column":11}},"81":{"start":{"line":215,"column":14},"end":{"line":218,"column":16}},"82":{"start":{"line":219,"column":14},"end":{"line":219,"column":33}},"83":{"start":{"line":220,"column":14},"end":{"line":220,"column":108}},"84":{"start":{"line":223,"column":14},"end":{"line":223,"column":35}},"85":{"start":{"line":224,"column":14},"end":{"line":224,"column":77}},"86":{"start":{"line":225,"column":14},"end":{"line":225,"column":92}},"87":{"start":{"line":226,"column":14},"end":{"line":226,"column":81}},"88":{"start":{"line":230,"column":14},"end":{"line":230,"column":38}},"89":{"start":{"line":235,"column":4},"end":{"line":264,"column":9}},"90":{"start":{"line":241,"column":6},"end":{"line":263,"column":19}},"91":{"start":{"line":242,"column":8},"end":{"line":262,"column":9}},"92":{"start":{"line":243,"column":10},"end":{"line":261,"column":11}},"93":{"start":{"line":245,"column":14},"end":{"line":248,"column":16}},"94":{"start":{"line":249,"column":14},"end":{"line":249,"column":33}},"95":{"start":{"line":250,"column":14},"end":{"line":250,"column":108}},"96":{"start":{"line":253,"column":14},"end":{"line":253,"column":35}},"97":{"start":{"line":254,"column":14},"end":{"line":254,"column":77}},"98":{"start":{"line":255,"column":14},"end":{"line":255,"column":88}},"99":{"start":{"line":256,"column":14},"end":{"line":256,"column":97}},"100":{"start":{"line":260,"column":14},"end":{"line":260,"column":38}},"101":{"start":{"line":265,"column":4},"end":{"line":294,"column":9}},"102":{"start":{"line":271,"column":6},"end":{"line":293,"column":19}},"103":{"start":{"line":272,"column":8},"end":{"line":292,"column":9}},"104":{"start":{"line":273,"column":10},"end":{"line":291,"column":11}},"105":{"start":{"line":275,"column":14},"end":{"line":278,"column":16}},"106":{"start":{"line":279,"column":14},"end":{"line":279,"column":33}},"107":{"start":{"line":280,"column":14},"end":{"line":280,"column":108}},"108":{"start":{"line":283,"column":14},"end":{"line":283,"column":35}},"109":{"start":{"line":284,"column":14},"end":{"line":284,"column":77}},"110":{"start":{"line":285,"column":14},"end":{"line":285,"column":88}},"111":{"start":{"line":286,"column":14},"end":{"line":286,"column":97}},"112":{"start":{"line":290,"column":14},"end":{"line":290,"column":38}},"113":{"start":{"line":295,"column":4},"end":{"line":324,"column":9}},"114":{"start":{"line":301,"column":6},"end":{"line":323,"column":20}},"115":{"start":{"line":302,"column":8},"end":{"line":322,"column":9}},"116":{"start":{"line":303,"column":10},"end":{"line":321,"column":11}},"117":{"start":{"line":305,"column":14},"end":{"line":308,"column":16}},"118":{"start":{"line":309,"column":14},"end":{"line":309,"column":34}},"119":{"start":{"line":310,"column":14},"end":{"line":310,"column":108}},"120":{"start":{"line":313,"column":14},"end":{"line":313,"column":36}},"121":{"start":{"line":314,"column":14},"end":{"line":314,"column":77}},"122":{"start":{"line":315,"column":14},"end":{"line":315,"column":88}},"123":{"start":{"line":316,"column":14},"end":{"line":316,"column":97}},"124":{"start":{"line":320,"column":14},"end":{"line":320,"column":39}},"125":{"start":{"line":326,"column":2},"end":{"line":417,"column":5}},"126":{"start":{"line":327,"column":4},"end":{"line":352,"column":9}},"127":{"start":{"line":333,"column":6},"end":{"line":351,"column":20}},"128":{"start":{"line":334,"column":8},"end":{"line":350,"column":9}},"129":{"start":{"line":335,"column":10},"end":{"line":349,"column":11}},"130":{"start":{"line":337,"column":14},"end":{"line":337,"column":34}},"131":{"start":{"line":338,"column":14},"end":{"line":338,"column":147}},"132":{"start":{"line":341,"column":14},"end":{"line":341,"column":36}},"133":{"start":{"line":342,"column":14},"end":{"line":342,"column":82}},"134":{"start":{"line":343,"column":14},"end":{"line":343,"column":139}},"135":{"start":{"line":344,"column":14},"end":{"line":344,"column":73}},"136":{"start":{"line":348,"column":14},"end":{"line":348,"column":39}},"137":{"start":{"line":353,"column":4},"end":{"line":378,"column":9}},"138":{"start":{"line":359,"column":6},"end":{"line":377,"column":20}},"139":{"start":{"line":360,"column":8},"end":{"line":376,"column":9}},"140":{"start":{"line":361,"column":10},"end":{"line":375,"column":11}},"141":{"start":{"line":363,"column":14},"end":{"line":363,"column":34}},"142":{"start":{"line":364,"column":14},"end":{"line":364,"column":93}},"143":{"start":{"line":367,"column":14},"end":{"line":367,"column":36}},"144":{"start":{"line":368,"column":14},"end":{"line":368,"column":80}},"145":{"start":{"line":369,"column":14},"end":{"line":369,"column":53}},"146":{"start":{"line":370,"column":14},"end":{"line":370,"column":78}},"147":{"start":{"line":374,"column":14},"end":{"line":374,"column":39}},"148":{"start":{"line":379,"column":4},"end":{"line":416,"column":9}},"149":{"start":{"line":385,"column":6},"end":{"line":415,"column":20}},"150":{"start":{"line":386,"column":8},"end":{"line":414,"column":9}},"151":{"start":{"line":387,"column":10},"end":{"line":413,"column":11}},"152":{"start":{"line":389,"column":14},"end":{"line":395,"column":16}},"153":{"start":{"line":396,"column":14},"end":{"line":396,"column":34}},"154":{"start":{"line":397,"column":14},"end":{"line":397,"column":57}},"155":{"start":{"line":400,"column":14},"end":{"line":400,"column":44}},"156":{"start":{"line":401,"column":14},"end":{"line":401,"column":34}},"157":{"start":{"line":402,"column":14},"end":{"line":402,"column":154}},"158":{"start":{"line":405,"column":14},"end":{"line":405,"column":36}},"159":{"start":{"line":406,"column":14},"end":{"line":406,"column":80}},"160":{"start":{"line":407,"column":14},"end":{"line":407,"column":53}},"161":{"start":{"line":408,"column":14},"end":{"line":408,"column":78}},"162":{"start":{"line":412,"column":14},"end":{"line":412,"column":39}}},"fnMap":{"0":{"name":"(anonymous_0)","decl":{"start":{"line":23,"column":18},"end":{"line":23,"column":19}},"loc":{"start":{"line":23,"column":30},"end":{"line":418,"column":1}},"line":23},"1":{"name":"_callee","decl":{"start":{"line":29,"column":40},"end":{"line":29,"column":47}},"loc":{"start":{"line":29,"column":50},"end":{"line":54,"column":3}},"line":29},"2":{"name":"_callee$","decl":{"start":{"line":31,"column":49},"end":{"line":31,"column":57}},"loc":{"start":{"line":31,"column":68},"end":{"line":53,"column":5}},"line":31},"3":{"name":"_callee2","decl":{"start":{"line":59,"column":40},"end":{"line":59,"column":48}},"loc":{"start":{"line":59,"column":51},"end":{"line":73,"column":3}},"line":59},"4":{"name":"_callee2$","decl":{"start":{"line":60,"column":49},"end":{"line":60,"column":58}},"loc":{"start":{"line":60,"column":70},"end":{"line":72,"column":5}},"line":60},"5":{"name":"(anonymous_5)","decl":{"start":{"line":74,"column":28},"end":{"line":74,"column":29}},"loc":{"start":{"line":74,"column":40},"end":{"line":203,"column":3}},"line":74},"6":{"name":"_callee3","decl":{"start":{"line":79,"column":42},"end":{"line":79,"column":50}},"loc":{"start":{"line":79,"column":53},"end":{"line":107,"column":5}},"line":79},"7":{"name":"_callee3$","decl":{"start":{"line":81,"column":51},"end":{"line":81,"column":60}},"loc":{"start":{"line":81,"column":72},"end":{"line":106,"column":7}},"line":81},"8":{"name":"_callee4","decl":{"start":{"line":112,"column":42},"end":{"line":112,"column":50}},"loc":{"start":{"line":112,"column":53},"end":{"line":139,"column":5}},"line":112},"9":{"name":"_callee4$","decl":{"start":{"line":114,"column":51},"end":{"line":114,"column":60}},"loc":{"start":{"line":114,"column":72},"end":{"line":138,"column":7}},"line":114},"10":{"name":"_callee5","decl":{"start":{"line":144,"column":42},"end":{"line":144,"column":50}},"loc":{"start":{"line":144,"column":53},"end":{"line":171,"column":5}},"line":144},"11":{"name":"_callee5$","decl":{"start":{"line":146,"column":51},"end":{"line":146,"column":60}},"loc":{"start":{"line":146,"column":72},"end":{"line":170,"column":7}},"line":146},"12":{"name":"_callee6","decl":{"start":{"line":176,"column":42},"end":{"line":176,"column":50}},"loc":{"start":{"line":176,"column":53},"end":{"line":202,"column":5}},"line":176},"13":{"name":"_callee6$","decl":{"start":{"line":178,"column":51},"end":{"line":178,"column":60}},"loc":{"start":{"line":178,"column":72},"end":{"line":201,"column":7}},"line":178},"14":{"name":"(anonymous_14)","decl":{"start":{"line":204,"column":26},"end":{"line":204,"column":27}},"loc":{"start":{"line":204,"column":38},"end":{"line":325,"column":3}},"line":204},"15":{"name":"_callee7","decl":{"start":{"line":209,"column":42},"end":{"line":209,"column":50}},"loc":{"start":{"line":209,"column":53},"end":{"line":234,"column":5}},"line":209},"16":{"name":"_callee7$","decl":{"start":{"line":211,"column":51},"end":{"line":211,"column":60}},"loc":{"start":{"line":211,"column":72},"end":{"line":233,"column":7}},"line":211},"17":{"name":"_callee8","decl":{"start":{"line":239,"column":42},"end":{"line":239,"column":50}},"loc":{"start":{"line":239,"column":53},"end":{"line":264,"column":5}},"line":239},"18":{"name":"_callee8$","decl":{"start":{"line":241,"column":51},"end":{"line":241,"column":60}},"loc":{"start":{"line":241,"column":72},"end":{"line":263,"column":7}},"line":241},"19":{"name":"_callee9","decl":{"start":{"line":269,"column":42},"end":{"line":269,"column":50}},"loc":{"start":{"line":269,"column":53},"end":{"line":294,"column":5}},"line":269},"20":{"name":"_callee9$","decl":{"start":{"line":271,"column":51},"end":{"line":271,"column":60}},"loc":{"start":{"line":271,"column":72},"end":{"line":293,"column":7}},"line":271},"21":{"name":"_callee10","decl":{"start":{"line":299,"column":42},"end":{"line":299,"column":51}},"loc":{"start":{"line":299,"column":54},"end":{"line":324,"column":5}},"line":299},"22":{"name":"_callee10$","decl":{"start":{"line":301,"column":51},"end":{"line":301,"column":61}},"loc":{"start":{"line":301,"column":74},"end":{"line":323,"column":7}},"line":301},"23":{"name":"(anonymous_23)","decl":{"start":{"line":326,"column":25},"end":{"line":326,"column":26}},"loc":{"start":{"line":326,"column":37},"end":{"line":417,"column":3}},"line":326},"24":{"name":"_callee11","decl":{"start":{"line":331,"column":42},"end":{"line":331,"column":51}},"loc":{"start":{"line":331,"column":54},"end":{"line":352,"column":5}},"line":331},"25":{"name":"_callee11$","decl":{"start":{"line":333,"column":51},"end":{"line":333,"column":61}},"loc":{"start":{"line":333,"column":74},"end":{"line":351,"column":7}},"line":333},"26":{"name":"_callee12","decl":{"start":{"line":357,"column":42},"end":{"line":357,"column":51}},"loc":{"start":{"line":357,"column":54},"end":{"line":378,"column":5}},"line":357},"27":{"name":"_callee12$","decl":{"start":{"line":359,"column":51},"end":{"line":359,"column":61}},"loc":{"start":{"line":359,"column":74},"end":{"line":377,"column":7}},"line":359},"28":{"name":"_callee13","decl":{"start":{"line":383,"column":42},"end":{"line":383,"column":51}},"loc":{"start":{"line":383,"column":54},"end":{"line":416,"column":5}},"line":383},"29":{"name":"_callee13$","decl":{"start":{"line":385,"column":51},"end":{"line":385,"column":61}},"loc":{"start":{"line":385,"column":74},"end":{"line":415,"column":7}},"line":385}},"branchMap":{"0":{"loc":{"start":{"line":33,"column":8},"end":{"line":51,"column":9}},"type":"switch","locations":[{"start":{"line":34,"column":10},"end":{"line":43,"column":57}},{"start":{"line":45,"column":10},"end":{"line":46,"column":33}},{"start":{"line":48,"column":10},"end":{"line":48,"column":17}},{"start":{"line":49,"column":10},"end":{"line":50,"column":35}}],"line":33},"1":{"loc":{"start":{"line":62,"column":8},"end":{"line":70,"column":9}},"type":"switch","locations":[{"start":{"line":63,"column":10},"end":{"line":65,"column":63}},{"start":{"line":67,"column":10},"end":{"line":67,"column":17}},{"start":{"line":68,"column":10},"end":{"line":69,"column":36}}],"line":62},"2":{"loc":{"start":{"line":83,"column":10},"end":{"line":104,"column":11}},"type":"switch","locations":[{"start":{"line":84,"column":12},"end":{"line":92,"column":107}},{"start":{"line":94,"column":12},"end":{"line":99,"column":147}},{"start":{"line":101,"column":12},"end":{"line":101,"column":19}},{"start":{"line":102,"column":12},"end":{"line":103,"column":38}}],"line":83},"3":{"loc":{"start":{"line":116,"column":10},"end":{"line":136,"column":11}},"type":"switch","locations":[{"start":{"line":117,"column":12},"end":{"line":125,"column":107}},{"start":{"line":127,"column":12},"end":{"line":131,"column":86}},{"start":{"line":133,"column":12},"end":{"line":133,"column":19}},{"start":{"line":134,"column":12},"end":{"line":135,"column":38}}],"line":116},"4":{"loc":{"start":{"line":148,"column":10},"end":{"line":168,"column":11}},"type":"switch","locations":[{"start":{"line":149,"column":12},"end":{"line":157,"column":105}},{"start":{"line":159,"column":12},"end":{"line":163,"column":92}},{"start":{"line":165,"column":12},"end":{"line":165,"column":19}},{"start":{"line":166,"column":12},"end":{"line":167,"column":38}}],"line":148},"5":{"loc":{"start":{"line":180,"column":10},"end":{"line":199,"column":11}},"type":"switch","locations":[{"start":{"line":181,"column":12},"end":{"line":189,"column":107}},{"start":{"line":191,"column":12},"end":{"line":194,"column":88}},{"start":{"line":196,"column":12},"end":{"line":196,"column":19}},{"start":{"line":197,"column":12},"end":{"line":198,"column":38}}],"line":180},"6":{"loc":{"start":{"line":213,"column":10},"end":{"line":231,"column":11}},"type":"switch","locations":[{"start":{"line":214,"column":12},"end":{"line":220,"column":108}},{"start":{"line":222,"column":12},"end":{"line":226,"column":81}},{"start":{"line":228,"column":12},"end":{"line":228,"column":19}},{"start":{"line":229,"column":12},"end":{"line":230,"column":38}}],"line":213},"7":{"loc":{"start":{"line":243,"column":10},"end":{"line":261,"column":11}},"type":"switch","locations":[{"start":{"line":244,"column":12},"end":{"line":250,"column":108}},{"start":{"line":252,"column":12},"end":{"line":256,"column":97}},{"start":{"line":258,"column":12},"end":{"line":258,"column":19}},{"start":{"line":259,"column":12},"end":{"line":260,"column":38}}],"line":243},"8":{"loc":{"start":{"line":273,"column":10},"end":{"line":291,"column":11}},"type":"switch","locations":[{"start":{"line":274,"column":12},"end":{"line":280,"column":108}},{"start":{"line":282,"column":12},"end":{"line":286,"column":97}},{"start":{"line":288,"column":12},"end":{"line":288,"column":19}},{"start":{"line":289,"column":12},"end":{"line":290,"column":38}}],"line":273},"9":{"loc":{"start":{"line":303,"column":10},"end":{"line":321,"column":11}},"type":"switch","locations":[{"start":{"line":304,"column":12},"end":{"line":310,"column":108}},{"start":{"line":312,"column":12},"end":{"line":316,"column":97}},{"start":{"line":318,"column":12},"end":{"line":318,"column":19}},{"start":{"line":319,"column":12},"end":{"line":320,"column":39}}],"line":303},"10":{"loc":{"start":{"line":335,"column":10},"end":{"line":349,"column":11}},"type":"switch","locations":[{"start":{"line":336,"column":12},"end":{"line":338,"column":147}},{"start":{"line":340,"column":12},"end":{"line":344,"column":73}},{"start":{"line":346,"column":12},"end":{"line":346,"column":19}},{"start":{"line":347,"column":12},"end":{"line":348,"column":39}}],"line":335},"11":{"loc":{"start":{"line":361,"column":10},"end":{"line":375,"column":11}},"type":"switch","locations":[{"start":{"line":362,"column":12},"end":{"line":364,"column":93}},{"start":{"line":366,"column":12},"end":{"line":370,"column":78}},{"start":{"line":372,"column":12},"end":{"line":372,"column":19}},{"start":{"line":373,"column":12},"end":{"line":374,"column":39}}],"line":361},"12":{"loc":{"start":{"line":387,"column":10},"end":{"line":413,"column":11}},"type":"switch","locations":[{"start":{"line":388,"column":12},"end":{"line":397,"column":57}},{"start":{"line":399,"column":12},"end":{"line":402,"column":154}},{"start":{"line":404,"column":12},"end":{"line":408,"column":78}},{"start":{"line":410,"column":12},"end":{"line":410,"column":20}},{"start":{"line":411,"column":12},"end":{"line":412,"column":39}}],"line":387}},"s":{"0":1,"1":1,"2":1,"3":1,"4":1,"5":1,"6":1,"7":1,"8":1,"9":1,"10":1,"11":1,"12":11,"13":22,"14":22,"15":11,"16":11,"17":11,"18":11,"19":11,"20":1,"21":11,"22":22,"23":22,"24":11,"25":11,"26":11,"27":1,"28":1,"29":1,"30":2,"31":2,"32":1,"33":1,"34":1,"35":1,"36":1,"37":1,"38":1,"39":1,"40":1,"41":1,"42":1,"43":2,"44":2,"45":1,"46":1,"47":1,"48":1,"49":1,"50":1,"51":1,"52":1,"53":1,"54":1,"55":2,"56":2,"57":1,"58":1,"59":1,"60":1,"61":1,"62":1,"63":1,"64":1,"65":1,"66":1,"67":2,"68":2,"69":1,"70":1,"71":1,"72":1,"73":1,"74":1,"75":1,"76":1,"77":1,"78":1,"79":2,"80":2,"81":1,"82":1,"83":1,"84":1,"85":1,"86":1,"87":1,"88":1,"89":1,"90":1,"91":2,"92":2,"93":1,"94":1,"95":1,"96":1,"97":1,"98":1,"99":1,"100":1,"101":1,"102":1,"103":2,"104":2,"105":1,"106":1,"107":1,"108":1,"109":1,"110":1,"111":1,"112":1,"113":1,"114":1,"115":2,"116":2,"117":1,"118":1,"119":1,"120":1,"121":1,"122":1,"123":1,"124":1,"125":1,"126":1,"127":1,"128":2,"129":2,"130":1,"131":1,"132":1,"133":1,"134":1,"135":1,"136":1,"137":1,"138":1,"139":2,"140":2,"141":1,"142":1,"143":1,"144":1,"145":1,"146":1,"147":1,"148":1,"149":1,"150":3,"151":3,"152":1,"153":1,"154":1,"155":1,"156":1,"157":1,"158":1,"159":1,"160":1,"161":1,"162":1},"f":{"0":1,"1":11,"2":22,"3":11,"4":22,"5":1,"6":1,"7":2,"8":1,"9":2,"10":1,"11":2,"12":1,"13":2,"14":1,"15":1,"16":2,"17":1,"18":2,"19":1,"20":2,"21":1,"22":2,"23":1,"24":1,"25":2,"26":1,"27":2,"28":1,"29":3},"b":{"0":[11,11,11,11],"1":[11,11,11],"2":[1,1,1,1],"3":[1,1,1,1],"4":[1,1,1,1],"5":[1,1,1,1],"6":[1,1,1,1],"7":[1,1,1,1],"8":[1,1,1,1],"9":[1,1,1,1],"10":[1,1,1,1],"11":[1,1,1,1],"12":[1,1,1,1,1]},"_coverageSchema":"43e27e138ebf9cfc5966b082cf9a028302ed4184","hash":"b6050db8f85138af2136fe8fb54f5a870a290e76","contentHash":"479c03e6eb99b1f46e5d0f7a02143bd2840bccf2907d190cb87182b15ba40677"}}