{"C:\\Users\\CHANCERY AND SCRIBE\\Desktop\\Wayfare\\index.js":{"path":"C:\\Users\\CHANCERY AND SCRIBE\\Desktop\\Wayfare\\index.js","statementMap":{"0":{"start":{"line":3,"column":29},"end":{"line":3,"column":84}},"1":{"start":{"line":5,"column":0},"end":{"line":7,"column":3}},"2":{"start":{"line":8,"column":0},"end":{"line":8,"column":28}},"3":{"start":{"line":10,"column":15},"end":{"line":10,"column":57}},"4":{"start":{"line":12,"column":13},"end":{"line":12,"column":62}},"5":{"start":{"line":14,"column":13},"end":{"line":14,"column":62}},"6":{"start":{"line":16,"column":13},"end":{"line":16,"column":62}},"7":{"start":{"line":18,"column":16},"end":{"line":18,"column":68}},"8":{"start":{"line":20,"column":10},"end":{"line":20,"column":36}},"9":{"start":{"line":21,"column":0},"end":{"line":21,"column":36}},"10":{"start":{"line":22,"column":0},"end":{"line":24,"column":4}},"11":{"start":{"line":25,"column":0},"end":{"line":25,"column":43}},"12":{"start":{"line":26,"column":0},"end":{"line":26,"column":44}},"13":{"start":{"line":27,"column":0},"end":{"line":27,"column":44}},"14":{"start":{"line":28,"column":0},"end":{"line":28,"column":50}},"15":{"start":{"line":29,"column":0},"end":{"line":31,"column":3}},"16":{"start":{"line":30,"column":2},"end":{"line":30,"column":35}},"17":{"start":{"line":32,"column":11},"end":{"line":32,"column":35}},"18":{"start":{"line":33,"column":0},"end":{"line":35,"column":3}},"19":{"start":{"line":34,"column":2},"end":{"line":34,"column":56}},"20":{"start":{"line":36,"column":15},"end":{"line":36,"column":18}},"21":{"start":{"line":37,"column":0},"end":{"line":37,"column":30}}},"fnMap":{"0":{"name":"(anonymous_0)","decl":{"start":{"line":29,"column":19},"end":{"line":29,"column":20}},"loc":{"start":{"line":29,"column":39},"end":{"line":31,"column":1}},"line":29},"1":{"name":"(anonymous_1)","decl":{"start":{"line":33,"column":17},"end":{"line":33,"column":18}},"loc":{"start":{"line":33,"column":29},"end":{"line":35,"column":1}},"line":33}},"branchMap":{"0":{"loc":{"start":{"line":32,"column":11},"end":{"line":32,"column":35}},"type":"binary-expr","locations":[{"start":{"line":32,"column":11},"end":{"line":32,"column":27}},{"start":{"line":32,"column":31},"end":{"line":32,"column":35}}],"line":32}},"s":{"0":1,"1":1,"2":1,"3":1,"4":1,"5":1,"6":1,"7":1,"8":1,"9":1,"10":1,"11":1,"12":1,"13":1,"14":1,"15":1,"16":0,"17":1,"18":1,"19":1,"20":1,"21":1},"f":{"0":0,"1":1},"b":{"0":[1,1]},"_coverageSchema":"43e27e138ebf9cfc5966b082cf9a028302ed4184","hash":"1f343e6fe5b2f88e7e2229f438c66e0ab2897e3f","contentHash":"6e6d92fbf5ea4976a9dd5b10285137cb9fa8156e3643a273fd451aac2d6db143"},"C:\\Users\\CHANCERY AND SCRIBE\\Desktop\\Wayfare\\routes\\users.js":{"path":"C:\\Users\\CHANCERY AND SCRIBE\\Desktop\\Wayfare\\routes\\users.js","statementMap":{"0":{"start":{"line":3,"column":29},"end":{"line":3,"column":84}},"1":{"start":{"line":5,"column":0},"end":{"line":7,"column":3}},"2":{"start":{"line":8,"column":0},"end":{"line":8,"column":28}},"3":{"start":{"line":10,"column":15},"end":{"line":10,"column":57}},"4":{"start":{"line":12,"column":13},"end":{"line":12,"column":69}},"5":{"start":{"line":14,"column":23},"end":{"line":14,"column":64}},"6":{"start":{"line":16,"column":22},"end":{"line":16,"column":62}},"7":{"start":{"line":18,"column":13},"end":{"line":18,"column":41}},"8":{"start":{"line":20,"column":0},"end":{"line":20,"column":84}},"9":{"start":{"line":21,"column":0},"end":{"line":21,"column":81}},"10":{"start":{"line":22,"column":0},"end":{"line":22,"column":118}},"11":{"start":{"line":23,"column":15},"end":{"line":23,"column":21}},"12":{"start":{"line":24,"column":0},"end":{"line":24,"column":30}}},"fnMap":{},"branchMap":{},"s":{"0":1,"1":1,"2":1,"3":1,"4":1,"5":1,"6":1,"7":1,"8":1,"9":1,"10":1,"11":1,"12":1},"f":{},"b":{},"_coverageSchema":"43e27e138ebf9cfc5966b082cf9a028302ed4184","hash":"831846d951dd11961d7dfcbabbe618036257d156","contentHash":"10ad9f4401f0aa338fd8f4f9e29807aa93f7de3dae8bc6b912fda1bd8a11c88f"},"C:\\Users\\CHANCERY AND SCRIBE\\Desktop\\Wayfare\\controlllers\\users.js":{"path":"C:\\Users\\CHANCERY AND SCRIBE\\Desktop\\Wayfare\\controlllers\\users.js","statementMap":{"0":{"start":{"line":3,"column":29},"end":{"line":3,"column":84}},"1":{"start":{"line":5,"column":0},"end":{"line":7,"column":3}},"2":{"start":{"line":8,"column":0},"end":{"line":8,"column":28}},"3":{"start":{"line":10,"column":21},"end":{"line":10,"column":91}},"4":{"start":{"line":12,"column":32},"end":{"line":12,"column":113}},"5":{"start":{"line":14,"column":19},"end":{"line":14,"column":80}},"6":{"start":{"line":16,"column":25},"end":{"line":16,"column":99}},"7":{"start":{"line":18,"column":23},"end":{"line":18,"column":95}},"8":{"start":{"line":20,"column":20},"end":{"line":20,"column":89}},"9":{"start":{"line":22,"column":9},"end":{"line":22,"column":40}},"10":{"start":{"line":24,"column":13},"end":{"line":24,"column":88}},"11":{"start":{"line":28,"column":0},"end":{"line":233,"column":3}},"12":{"start":{"line":30,"column":4},"end":{"line":30,"column":49}},"13":{"start":{"line":33,"column":2},"end":{"line":231,"column":6}},"14":{"start":{"line":36,"column":20},"end":{"line":73,"column":9}},"15":{"start":{"line":40,"column":8},"end":{"line":72,"column":36}},"16":{"start":{"line":41,"column":10},"end":{"line":71,"column":11}},"17":{"start":{"line":42,"column":12},"end":{"line":70,"column":13}},"18":{"start":{"line":44,"column":16},"end":{"line":44,"column":34}},"19":{"start":{"line":45,"column":16},"end":{"line":45,"column":34}},"20":{"start":{"line":46,"column":16},"end":{"line":46,"column":62}},"21":{"start":{"line":49,"column":16},"end":{"line":49,"column":40}},"22":{"start":{"line":50,"column":16},"end":{"line":57,"column":20}},"23":{"start":{"line":60,"column":16},"end":{"line":60,"column":34}},"24":{"start":{"line":61,"column":16},"end":{"line":61,"column":51}},"25":{"start":{"line":62,"column":16},"end":{"line":65,"column":20}},"26":{"start":{"line":69,"column":16},"end":{"line":69,"column":39}},"27":{"start":{"line":76,"column":8},"end":{"line":76,"column":46}},"28":{"start":{"line":79,"column":6},"end":{"line":79,"column":20}},"29":{"start":{"line":84,"column":19},"end":{"line":159,"column":9}},"30":{"start":{"line":88,"column":8},"end":{"line":158,"column":38}},"31":{"start":{"line":89,"column":10},"end":{"line":157,"column":11}},"32":{"start":{"line":90,"column":12},"end":{"line":156,"column":13}},"33":{"start":{"line":92,"column":16},"end":{"line":92,"column":35}},"34":{"start":{"line":93,"column":16},"end":{"line":93,"column":72}},"35":{"start":{"line":96,"column":16},"end":{"line":96,"column":38}},"36":{"start":{"line":98,"column":16},"end":{"line":101,"column":17}},"37":{"start":{"line":99,"column":18},"end":{"line":99,"column":37}},"38":{"start":{"line":100,"column":18},"end":{"line":100,"column":24}},"39":{"start":{"line":103,"column":16},"end":{"line":106,"column":20}},"40":{"start":{"line":109,"column":16},"end":{"line":109,"column":35}},"41":{"start":{"line":110,"column":16},"end":{"line":110,"column":35}},"42":{"start":{"line":111,"column":16},"end":{"line":111,"column":80}},"43":{"start":{"line":114,"column":16},"end":{"line":114,"column":49}},"44":{"start":{"line":116,"column":16},"end":{"line":119,"column":17}},"45":{"start":{"line":117,"column":18},"end":{"line":117,"column":38}},"46":{"start":{"line":118,"column":18},"end":{"line":118,"column":24}},"47":{"start":{"line":121,"column":16},"end":{"line":124,"column":20}},"48":{"start":{"line":127,"column":16},"end":{"line":127,"column":173}},"49":{"start":{"line":128,"column":16},"end":{"line":132,"column":18}},"50":{"start":{"line":133,"column":16},"end":{"line":133,"column":36}},"51":{"start":{"line":134,"column":16},"end":{"line":134,"column":54}},"52":{"start":{"line":137,"column":16},"end":{"line":137,"column":39}},"53":{"start":{"line":138,"column":16},"end":{"line":143,"column":20}},"54":{"start":{"line":146,"column":16},"end":{"line":146,"column":36}},"55":{"start":{"line":147,"column":16},"end":{"line":147,"column":53}},"56":{"start":{"line":148,"column":16},"end":{"line":151,"column":20}},"57":{"start":{"line":155,"column":16},"end":{"line":155,"column":40}},"58":{"start":{"line":162,"column":8},"end":{"line":162,"column":45}},"59":{"start":{"line":165,"column":6},"end":{"line":165,"column":19}},"60":{"start":{"line":170,"column":22},"end":{"line":223,"column":9}},"61":{"start":{"line":175,"column":8},"end":{"line":222,"column":38}},"62":{"start":{"line":176,"column":10},"end":{"line":221,"column":11}},"63":{"start":{"line":177,"column":12},"end":{"line":220,"column":13}},"64":{"start":{"line":179,"column":16},"end":{"line":179,"column":35}},"65":{"start":{"line":180,"column":16},"end":{"line":180,"column":35}},"66":{"start":{"line":181,"column":16},"end":{"line":181,"column":78}},"67":{"start":{"line":184,"column":16},"end":{"line":184,"column":43}},"68":{"start":{"line":186,"column":16},"end":{"line":189,"column":17}},"69":{"start":{"line":187,"column":18},"end":{"line":187,"column":37}},"70":{"start":{"line":188,"column":18},"end":{"line":188,"column":24}},"71":{"start":{"line":191,"column":16},"end":{"line":194,"column":20}},"72":{"start":{"line":197,"column":16},"end":{"line":197,"column":206}},"73":{"start":{"line":198,"column":16},"end":{"line":207,"column":20}},"74":{"start":{"line":210,"column":16},"end":{"line":210,"column":36}},"75":{"start":{"line":211,"column":16},"end":{"line":211,"column":53}},"76":{"start":{"line":212,"column":16},"end":{"line":215,"column":20}},"77":{"start":{"line":219,"column":16},"end":{"line":219,"column":40}},"78":{"start":{"line":226,"column":8},"end":{"line":226,"column":48}},"79":{"start":{"line":229,"column":6},"end":{"line":229,"column":22}},"80":{"start":{"line":232,"column":2},"end":{"line":232,"column":14}},"81":{"start":{"line":235,"column":15},"end":{"line":235,"column":19}},"82":{"start":{"line":236,"column":0},"end":{"line":236,"column":30}}},"fnMap":{"0":{"name":"(anonymous_0)","decl":{"start":{"line":28,"column":0},"end":{"line":28,"column":1}},"loc":{"start":{"line":28,"column":12},"end":{"line":233,"column":1}},"line":28},"1":{"name":"User","decl":{"start":{"line":29,"column":11},"end":{"line":29,"column":15}},"loc":{"start":{"line":29,"column":18},"end":{"line":31,"column":3}},"line":29},"2":{"name":"(anonymous_2)","decl":{"start":{"line":35,"column":11},"end":{"line":35,"column":12}},"loc":{"start":{"line":35,"column":23},"end":{"line":80,"column":5}},"line":35},"3":{"name":"_callee","decl":{"start":{"line":38,"column":44},"end":{"line":38,"column":51}},"loc":{"start":{"line":38,"column":62},"end":{"line":73,"column":7}},"line":38},"4":{"name":"_callee$","decl":{"start":{"line":40,"column":53},"end":{"line":40,"column":61}},"loc":{"start":{"line":40,"column":72},"end":{"line":72,"column":9}},"line":40},"5":{"name":"create","decl":{"start":{"line":75,"column":15},"end":{"line":75,"column":21}},"loc":{"start":{"line":75,"column":31},"end":{"line":77,"column":7}},"line":75},"6":{"name":"(anonymous_6)","decl":{"start":{"line":83,"column":11},"end":{"line":83,"column":12}},"loc":{"start":{"line":83,"column":23},"end":{"line":166,"column":5}},"line":83},"7":{"name":"_callee2","decl":{"start":{"line":86,"column":44},"end":{"line":86,"column":52}},"loc":{"start":{"line":86,"column":63},"end":{"line":159,"column":7}},"line":86},"8":{"name":"_callee2$","decl":{"start":{"line":88,"column":53},"end":{"line":88,"column":62}},"loc":{"start":{"line":88,"column":74},"end":{"line":158,"column":9}},"line":88},"9":{"name":"login","decl":{"start":{"line":161,"column":15},"end":{"line":161,"column":20}},"loc":{"start":{"line":161,"column":31},"end":{"line":163,"column":7}},"line":161},"10":{"name":"(anonymous_10)","decl":{"start":{"line":169,"column":11},"end":{"line":169,"column":12}},"loc":{"start":{"line":169,"column":23},"end":{"line":230,"column":5}},"line":169},"11":{"name":"_callee3","decl":{"start":{"line":172,"column":44},"end":{"line":172,"column":52}},"loc":{"start":{"line":172,"column":63},"end":{"line":223,"column":7}},"line":172},"12":{"name":"_callee3$","decl":{"start":{"line":175,"column":53},"end":{"line":175,"column":62}},"loc":{"start":{"line":175,"column":74},"end":{"line":222,"column":9}},"line":175},"13":{"name":"findUser","decl":{"start":{"line":225,"column":15},"end":{"line":225,"column":23}},"loc":{"start":{"line":225,"column":34},"end":{"line":227,"column":7}},"line":225}},"branchMap":{"0":{"loc":{"start":{"line":42,"column":12},"end":{"line":70,"column":13}},"type":"switch","locations":[{"start":{"line":43,"column":14},"end":{"line":46,"column":62}},{"start":{"line":48,"column":14},"end":{"line":57,"column":20}},{"start":{"line":59,"column":14},"end":{"line":65,"column":20}},{"start":{"line":67,"column":14},"end":{"line":67,"column":22}},{"start":{"line":68,"column":14},"end":{"line":69,"column":39}}],"line":42},"1":{"loc":{"start":{"line":90,"column":12},"end":{"line":156,"column":13}},"type":"switch","locations":[{"start":{"line":91,"column":14},"end":{"line":93,"column":72}},{"start":{"line":95,"column":14},"end":{"line":106,"column":20}},{"start":{"line":108,"column":14},"end":{"line":111,"column":80}},{"start":{"line":113,"column":14},"end":{"line":124,"column":20}},{"start":{"line":126,"column":14},"end":{"line":134,"column":54}},{"start":{"line":136,"column":14},"end":{"line":143,"column":20}},{"start":{"line":145,"column":14},"end":{"line":151,"column":20}},{"start":{"line":153,"column":14},"end":{"line":153,"column":22}},{"start":{"line":154,"column":14},"end":{"line":155,"column":40}}],"line":90},"2":{"loc":{"start":{"line":98,"column":16},"end":{"line":101,"column":17}},"type":"if","locations":[{"start":{"line":98,"column":16},"end":{"line":101,"column":17}},{"start":{"line":98,"column":16},"end":{"line":101,"column":17}}],"line":98},"3":{"loc":{"start":{"line":116,"column":16},"end":{"line":119,"column":17}},"type":"if","locations":[{"start":{"line":116,"column":16},"end":{"line":119,"column":17}},{"start":{"line":116,"column":16},"end":{"line":119,"column":17}}],"line":116},"4":{"loc":{"start":{"line":177,"column":12},"end":{"line":220,"column":13}},"type":"switch","locations":[{"start":{"line":178,"column":14},"end":{"line":181,"column":78}},{"start":{"line":183,"column":14},"end":{"line":194,"column":20}},{"start":{"line":196,"column":14},"end":{"line":207,"column":20}},{"start":{"line":209,"column":14},"end":{"line":215,"column":20}},{"start":{"line":217,"column":14},"end":{"line":217,"column":22}},{"start":{"line":218,"column":14},"end":{"line":219,"column":40}}],"line":177},"5":{"loc":{"start":{"line":186,"column":16},"end":{"line":189,"column":17}},"type":"if","locations":[{"start":{"line":186,"column":16},"end":{"line":189,"column":17}},{"start":{"line":186,"column":16},"end":{"line":189,"column":17}}],"line":186}},"s":{"0":1,"1":1,"2":1,"3":1,"4":1,"5":1,"6":1,"7":1,"8":1,"9":1,"10":1,"11":1,"12":0,"13":1,"14":1,"15":3,"16":9,"17":9,"18":3,"19":3,"20":3,"21":2,"22":2,"23":1,"24":1,"25":1,"26":3,"27":3,"28":1,"29":1,"30":3,"31":12,"32":15,"33":3,"34":3,"35":3,"36":3,"37":2,"38":2,"39":1,"40":2,"41":2,"42":2,"43":2,"44":2,"45":1,"46":1,"47":1,"48":1,"49":1,"50":1,"51":1,"52":1,"53":1,"54":0,"55":0,"56":0,"57":3,"58":3,"59":1,"60":1,"61":2,"62":6,"63":7,"64":2,"65":2,"66":2,"67":1,"68":1,"69":1,"70":1,"71":0,"72":1,"73":1,"74":1,"75":1,"76":1,"77":2,"78":2,"79":1,"80":1,"81":1,"82":1},"f":{"0":1,"1":0,"2":1,"3":3,"4":9,"5":3,"6":1,"7":3,"8":12,"9":3,"10":1,"11":2,"12":6,"13":2},"b":{"0":[3,2,1,0,3],"1":[3,3,2,2,1,1,0,0,3],"2":[2,1],"3":[1,1],"4":[2,1,1,1,0,2],"5":[1,0]},"_coverageSchema":"43e27e138ebf9cfc5966b082cf9a028302ed4184","hash":"c1e0149369b4cd22ad4cf92ee605661b9a4cf898","contentHash":"64638927b383c3abf8cb0b9f1ebd56ce363139daf81e128945274149003f229f"},"C:\\Users\\CHANCERY AND SCRIBE\\Desktop\\Wayfare\\helperFunctions\\a.js":{"path":"C:\\Users\\CHANCERY AND SCRIBE\\Desktop\\Wayfare\\helperFunctions\\a.js","statementMap":{"0":{"start":{"line":3,"column":29},"end":{"line":3,"column":84}},"1":{"start":{"line":5,"column":0},"end":{"line":7,"column":3}},"2":{"start":{"line":8,"column":0},"end":{"line":8,"column":100}},"3":{"start":{"line":10,"column":19},"end":{"line":10,"column":80}},"4":{"start":{"line":12,"column":25},"end":{"line":12,"column":99}},"5":{"start":{"line":14,"column":20},"end":{"line":14,"column":67}},"6":{"start":{"line":16,"column":14},"end":{"line":16,"column":55}},"7":{"start":{"line":20,"column":0},"end":{"line":51,"column":3}},"8":{"start":{"line":21,"column":13},"end":{"line":46,"column":5}},"9":{"start":{"line":24,"column":4},"end":{"line":45,"column":32}},"10":{"start":{"line":25,"column":6},"end":{"line":44,"column":7}},"11":{"start":{"line":26,"column":8},"end":{"line":43,"column":9}},"12":{"start":{"line":28,"column":12},"end":{"line":28,"column":30}},"13":{"start":{"line":29,"column":12},"end":{"line":29,"column":30}},"14":{"start":{"line":30,"column":12},"end":{"line":30,"column":57}},"15":{"start":{"line":33,"column":12},"end":{"line":33,"column":60}},"16":{"start":{"line":36,"column":12},"end":{"line":36,"column":30}},"17":{"start":{"line":37,"column":12},"end":{"line":37,"column":47}},"18":{"start":{"line":38,"column":12},"end":{"line":38,"column":41}},"19":{"start":{"line":42,"column":12},"end":{"line":42,"column":35}},"20":{"start":{"line":48,"column":2},"end":{"line":50,"column":4}},"21":{"start":{"line":49,"column":4},"end":{"line":49,"column":39}},"22":{"start":{"line":53,"column":0},"end":{"line":53,"column":36}},"23":{"start":{"line":57,"column":0},"end":{"line":99,"column":3}},"24":{"start":{"line":58,"column":14},"end":{"line":94,"column":5}},"25":{"start":{"line":62,"column":4},"end":{"line":93,"column":33}},"26":{"start":{"line":63,"column":6},"end":{"line":92,"column":7}},"27":{"start":{"line":64,"column":8},"end":{"line":91,"column":9}},"28":{"start":{"line":66,"column":12},"end":{"line":66,"column":31}},"29":{"start":{"line":67,"column":12},"end":{"line":67,"column":31}},"30":{"start":{"line":68,"column":12},"end":{"line":68,"column":70}},"31":{"start":{"line":71,"column":12},"end":{"line":71,"column":46}},"32":{"start":{"line":73,"column":12},"end":{"line":76,"column":13}},"33":{"start":{"line":74,"column":14},"end":{"line":74,"column":33}},"34":{"start":{"line":75,"column":14},"end":{"line":75,"column":20}},"35":{"start":{"line":78,"column":12},"end":{"line":78,"column":53}},"36":{"start":{"line":81,"column":12},"end":{"line":81,"column":52}},"37":{"start":{"line":84,"column":12},"end":{"line":84,"column":31}},"38":{"start":{"line":85,"column":12},"end":{"line":85,"column":49}},"39":{"start":{"line":86,"column":12},"end":{"line":86,"column":53}},"40":{"start":{"line":90,"column":12},"end":{"line":90,"column":36}},"41":{"start":{"line":96,"column":2},"end":{"line":98,"column":4}},"42":{"start":{"line":97,"column":4},"end":{"line":97,"column":40}},"43":{"start":{"line":101,"column":0},"end":{"line":101,"column":40}},"44":{"start":{"line":105,"column":0},"end":{"line":140,"column":3}},"45":{"start":{"line":106,"column":14},"end":{"line":135,"column":5}},"46":{"start":{"line":110,"column":4},"end":{"line":134,"column":33}},"47":{"start":{"line":111,"column":6},"end":{"line":133,"column":7}},"48":{"start":{"line":112,"column":8},"end":{"line":132,"column":9}},"49":{"start":{"line":114,"column":12},"end":{"line":114,"column":31}},"50":{"start":{"line":115,"column":12},"end":{"line":115,"column":31}},"51":{"start":{"line":116,"column":12},"end":{"line":118,"column":15}},"52":{"start":{"line":121,"column":12},"end":{"line":121,"column":35}},"53":{"start":{"line":122,"column":12},"end":{"line":122,"column":53}},"54":{"start":{"line":125,"column":12},"end":{"line":125,"column":31}},"55":{"start":{"line":126,"column":12},"end":{"line":126,"column":49}},"56":{"start":{"line":127,"column":12},"end":{"line":127,"column":42}},"57":{"start":{"line":131,"column":12},"end":{"line":131,"column":36}},"58":{"start":{"line":137,"column":2},"end":{"line":139,"column":4}},"59":{"start":{"line":138,"column":4},"end":{"line":138,"column":40}},"60":{"start":{"line":142,"column":0},"end":{"line":142,"column":38}},"61":{"start":{"line":144,"column":17},"end":{"line":152,"column":1}},"62":{"start":{"line":145,"column":2},"end":{"line":149,"column":3}},"63":{"start":{"line":146,"column":4},"end":{"line":148,"column":5}},"64":{"start":{"line":147,"column":6},"end":{"line":147,"column":74}},"65":{"start":{"line":151,"column":2},"end":{"line":151,"column":14}},"66":{"start":{"line":154,"column":0},"end":{"line":154,"column":32}}},"fnMap":{"0":{"name":"(anonymous_0)","decl":{"start":{"line":20,"column":0},"end":{"line":20,"column":1}},"loc":{"start":{"line":20,"column":12},"end":{"line":51,"column":1}},"line":20},"1":{"name":"_callee","decl":{"start":{"line":23,"column":40},"end":{"line":23,"column":47}},"loc":{"start":{"line":23,"column":58},"end":{"line":46,"column":3}},"line":23},"2":{"name":"_callee$","decl":{"start":{"line":24,"column":49},"end":{"line":24,"column":57}},"loc":{"start":{"line":24,"column":68},"end":{"line":45,"column":5}},"line":24},"3":{"name":"hashPassword","decl":{"start":{"line":48,"column":18},"end":{"line":48,"column":30}},"loc":{"start":{"line":48,"column":35},"end":{"line":50,"column":3}},"line":48},"4":{"name":"(anonymous_4)","decl":{"start":{"line":57,"column":0},"end":{"line":57,"column":1}},"loc":{"start":{"line":57,"column":12},"end":{"line":99,"column":1}},"line":57},"5":{"name":"_callee2","decl":{"start":{"line":60,"column":40},"end":{"line":60,"column":48}},"loc":{"start":{"line":60,"column":73},"end":{"line":94,"column":3}},"line":60},"6":{"name":"_callee2$","decl":{"start":{"line":62,"column":49},"end":{"line":62,"column":58}},"loc":{"start":{"line":62,"column":70},"end":{"line":93,"column":5}},"line":62},"7":{"name":"verifyPassword","decl":{"start":{"line":96,"column":18},"end":{"line":96,"column":32}},"loc":{"start":{"line":96,"column":43},"end":{"line":98,"column":3}},"line":96},"8":{"name":"(anonymous_8)","decl":{"start":{"line":105,"column":0},"end":{"line":105,"column":1}},"loc":{"start":{"line":105,"column":12},"end":{"line":140,"column":1}},"line":105},"9":{"name":"_callee3","decl":{"start":{"line":108,"column":40},"end":{"line":108,"column":48}},"loc":{"start":{"line":108,"column":58},"end":{"line":135,"column":3}},"line":108},"10":{"name":"_callee3$","decl":{"start":{"line":110,"column":49},"end":{"line":110,"column":58}},"loc":{"start":{"line":110,"column":70},"end":{"line":134,"column":5}},"line":110},"11":{"name":"generateToken","decl":{"start":{"line":137,"column":18},"end":{"line":137,"column":31}},"loc":{"start":{"line":137,"column":37},"end":{"line":139,"column":3}},"line":137},"12":{"name":"verifyUser","decl":{"start":{"line":144,"column":26},"end":{"line":144,"column":36}},"loc":{"start":{"line":144,"column":53},"end":{"line":152,"column":1}},"line":144}},"branchMap":{"0":{"loc":{"start":{"line":26,"column":8},"end":{"line":43,"column":9}},"type":"switch","locations":[{"start":{"line":27,"column":10},"end":{"line":30,"column":57}},{"start":{"line":32,"column":10},"end":{"line":33,"column":60}},{"start":{"line":35,"column":10},"end":{"line":38,"column":41}},{"start":{"line":40,"column":10},"end":{"line":40,"column":17}},{"start":{"line":41,"column":10},"end":{"line":42,"column":35}}],"line":26},"1":{"loc":{"start":{"line":64,"column":8},"end":{"line":91,"column":9}},"type":"switch","locations":[{"start":{"line":65,"column":10},"end":{"line":68,"column":70}},{"start":{"line":70,"column":10},"end":{"line":78,"column":53}},{"start":{"line":80,"column":10},"end":{"line":81,"column":52}},{"start":{"line":83,"column":10},"end":{"line":86,"column":53}},{"start":{"line":88,"column":10},"end":{"line":88,"column":18}},{"start":{"line":89,"column":10},"end":{"line":90,"column":36}}],"line":64},"2":{"loc":{"start":{"line":73,"column":12},"end":{"line":76,"column":13}},"type":"if","locations":[{"start":{"line":73,"column":12},"end":{"line":76,"column":13}},{"start":{"line":73,"column":12},"end":{"line":76,"column":13}}],"line":73},"3":{"loc":{"start":{"line":112,"column":8},"end":{"line":132,"column":9}},"type":"switch","locations":[{"start":{"line":113,"column":10},"end":{"line":118,"column":15}},{"start":{"line":120,"column":10},"end":{"line":122,"column":53}},{"start":{"line":124,"column":10},"end":{"line":127,"column":42}},{"start":{"line":129,"column":10},"end":{"line":129,"column":18}},{"start":{"line":130,"column":10},"end":{"line":131,"column":36}}],"line":112},"4":{"loc":{"start":{"line":145,"column":2},"end":{"line":149,"column":3}},"type":"if","locations":[{"start":{"line":145,"column":2},"end":{"line":149,"column":3}},{"start":{"line":145,"column":2},"end":{"line":149,"column":3}}],"line":145},"5":{"loc":{"start":{"line":146,"column":4},"end":{"line":148,"column":5}},"type":"if","locations":[{"start":{"line":146,"column":4},"end":{"line":148,"column":5}},{"start":{"line":146,"column":4},"end":{"line":148,"column":5}}],"line":146}},"s":{"0":1,"1":1,"2":1,"3":1,"4":1,"5":1,"6":1,"7":1,"8":1,"9":103,"10":309,"11":309,"12":103,"13":103,"14":103,"15":103,"16":0,"17":0,"18":0,"19":103,"20":1,"21":103,"22":1,"23":1,"24":1,"25":2,"26":6,"27":7,"28":2,"29":2,"30":2,"31":2,"32":2,"33":1,"34":1,"35":1,"36":1,"37":0,"38":0,"39":0,"40":2,"41":1,"42":2,"43":1,"44":1,"45":1,"46":104,"47":312,"48":312,"49":104,"50":104,"51":104,"52":104,"53":104,"54":0,"55":0,"56":0,"57":104,"58":1,"59":104,"60":1,"61":1,"62":6,"63":6,"64":3,"65":3,"66":1},"f":{"0":1,"1":103,"2":309,"3":103,"4":1,"5":2,"6":6,"7":2,"8":1,"9":104,"10":312,"11":104,"12":6},"b":{"0":[103,103,0,0,103],"1":[2,2,1,0,0,2],"2":[1,1],"3":[104,104,0,0,104],"4":[6,0],"5":[3,3]},"_coverageSchema":"43e27e138ebf9cfc5966b082cf9a028302ed4184","hash":"5fda03ee285a4a7a1c7e444a48dbc66e3103d49f","contentHash":"b8df8d9de73039cb5fdc352b8d6ac51bad25e1e0514bdc87cfa015a38a3d89dc"},"C:\\Users\\CHANCERY AND SCRIBE\\Desktop\\Wayfare\\helperFunctions\\users.helperFunctions.js":{"path":"C:\\Users\\CHANCERY AND SCRIBE\\Desktop\\Wayfare\\helperFunctions\\users.helperFunctions.js","statementMap":{"0":{"start":{"line":3,"column":29},"end":{"line":3,"column":84}},"1":{"start":{"line":5,"column":0},"end":{"line":7,"column":3}},"2":{"start":{"line":8,"column":0},"end":{"line":8,"column":28}},"3":{"start":{"line":10,"column":19},"end":{"line":10,"column":80}},"4":{"start":{"line":12,"column":21},"end":{"line":12,"column":91}},"5":{"start":{"line":14,"column":25},"end":{"line":14,"column":99}},"6":{"start":{"line":16,"column":23},"end":{"line":16,"column":95}},"7":{"start":{"line":18,"column":20},"end":{"line":18,"column":89}},"8":{"start":{"line":20,"column":13},"end":{"line":20,"column":55}},"9":{"start":{"line":22,"column":9},"end":{"line":22,"column":23}},"10":{"start":{"line":26,"column":0},"end":{"line":185,"column":3}},"11":{"start":{"line":28,"column":4},"end":{"line":28,"column":65}},"12":{"start":{"line":31,"column":2},"end":{"line":183,"column":6}},"13":{"start":{"line":34,"column":24},"end":{"line":97,"column":9}},"14":{"start":{"line":38,"column":8},"end":{"line":96,"column":37}},"15":{"start":{"line":39,"column":10},"end":{"line":95,"column":11}},"16":{"start":{"line":40,"column":12},"end":{"line":94,"column":13}},"17":{"start":{"line":42,"column":16},"end":{"line":42,"column":143}},"18":{"start":{"line":44,"column":16},"end":{"line":44,"column":34}},"19":{"start":{"line":45,"column":16},"end":{"line":45,"column":66}},"20":{"start":{"line":48,"column":16},"end":{"line":48,"column":45}},"21":{"start":{"line":50,"column":16},"end":{"line":53,"column":17}},"22":{"start":{"line":51,"column":18},"end":{"line":51,"column":36}},"23":{"start":{"line":52,"column":18},"end":{"line":52,"column":24}},"24":{"start":{"line":55,"column":16},"end":{"line":55,"column":60}},"25":{"start":{"line":59,"column":16},"end":{"line":59,"column":150}},"26":{"start":{"line":60,"column":16},"end":{"line":60,"column":34}},"27":{"start":{"line":61,"column":16},"end":{"line":61,"column":35}},"28":{"start":{"line":62,"column":16},"end":{"line":62,"column":54}},"29":{"start":{"line":65,"column":16},"end":{"line":65,"column":47}},"30":{"start":{"line":66,"column":16},"end":{"line":66,"column":81}},"31":{"start":{"line":67,"column":16},"end":{"line":67,"column":35}},"32":{"start":{"line":68,"column":16},"end":{"line":68,"column":68}},"33":{"start":{"line":71,"column":16},"end":{"line":71,"column":44}},"34":{"start":{"line":72,"column":16},"end":{"line":76,"column":18}},"35":{"start":{"line":77,"column":16},"end":{"line":77,"column":35}},"36":{"start":{"line":78,"column":16},"end":{"line":78,"column":54}},"37":{"start":{"line":81,"column":16},"end":{"line":81,"column":38}},"38":{"start":{"line":82,"column":16},"end":{"line":84,"column":36}},"39":{"start":{"line":87,"column":16},"end":{"line":87,"column":35}},"40":{"start":{"line":88,"column":16},"end":{"line":88,"column":51}},"41":{"start":{"line":89,"column":16},"end":{"line":89,"column":45}},"42":{"start":{"line":93,"column":16},"end":{"line":93,"column":39}},"43":{"start":{"line":100,"column":8},"end":{"line":100,"column":50}},"44":{"start":{"line":103,"column":6},"end":{"line":103,"column":24}},"45":{"start":{"line":108,"column":28},"end":{"line":136,"column":9}},"46":{"start":{"line":112,"column":8},"end":{"line":135,"column":37}},"47":{"start":{"line":113,"column":10},"end":{"line":134,"column":11}},"48":{"start":{"line":114,"column":12},"end":{"line":133,"column":13}},"49":{"start":{"line":116,"column":16},"end":{"line":116,"column":67}},"50":{"start":{"line":117,"column":16},"end":{"line":117,"column":35}},"51":{"start":{"line":118,"column":16},"end":{"line":118,"column":35}},"52":{"start":{"line":119,"column":16},"end":{"line":119,"column":66}},"53":{"start":{"line":122,"column":16},"end":{"line":122,"column":39}},"54":{"start":{"line":123,"column":16},"end":{"line":123,"column":60}},"55":{"start":{"line":126,"column":16},"end":{"line":126,"column":35}},"56":{"start":{"line":127,"column":16},"end":{"line":127,"column":53}},"57":{"start":{"line":128,"column":16},"end":{"line":128,"column":46}},"58":{"start":{"line":132,"column":16},"end":{"line":132,"column":40}},"59":{"start":{"line":139,"column":8},"end":{"line":139,"column":54}},"60":{"start":{"line":142,"column":6},"end":{"line":142,"column":28}},"61":{"start":{"line":147,"column":25},"end":{"line":175,"column":9}},"62":{"start":{"line":151,"column":8},"end":{"line":174,"column":37}},"63":{"start":{"line":152,"column":10},"end":{"line":173,"column":11}},"64":{"start":{"line":153,"column":12},"end":{"line":172,"column":13}},"65":{"start":{"line":155,"column":16},"end":{"line":155,"column":45}},"66":{"start":{"line":156,"column":16},"end":{"line":156,"column":69}},"67":{"start":{"line":157,"column":16},"end":{"line":157,"column":35}},"68":{"start":{"line":158,"column":16},"end":{"line":158,"column":35}},"69":{"start":{"line":159,"column":16},"end":{"line":159,"column":63}},"70":{"start":{"line":162,"column":16},"end":{"line":162,"column":66}},"71":{"start":{"line":165,"column":16},"end":{"line":165,"column":35}},"72":{"start":{"line":166,"column":16},"end":{"line":166,"column":53}},"73":{"start":{"line":167,"column":16},"end":{"line":167,"column":54}},"74":{"start":{"line":171,"column":16},"end":{"line":171,"column":40}},"75":{"start":{"line":178,"column":8},"end":{"line":178,"column":51}},"76":{"start":{"line":181,"column":6},"end":{"line":181,"column":25}},"77":{"start":{"line":184,"column":2},"end":{"line":184,"column":30}},"78":{"start":{"line":187,"column":15},"end":{"line":187,"column":35}},"79":{"start":{"line":188,"column":0},"end":{"line":188,"column":30}}},"fnMap":{"0":{"name":"(anonymous_0)","decl":{"start":{"line":26,"column":0},"end":{"line":26,"column":1}},"loc":{"start":{"line":26,"column":12},"end":{"line":185,"column":1}},"line":26},"1":{"name":"UsersHelperFunctions","decl":{"start":{"line":27,"column":11},"end":{"line":27,"column":31}},"loc":{"start":{"line":27,"column":34},"end":{"line":29,"column":3}},"line":27},"2":{"name":"(anonymous_2)","decl":{"start":{"line":33,"column":11},"end":{"line":33,"column":12}},"loc":{"start":{"line":33,"column":23},"end":{"line":104,"column":5}},"line":33},"3":{"name":"_callee","decl":{"start":{"line":36,"column":44},"end":{"line":36,"column":51}},"loc":{"start":{"line":36,"column":58},"end":{"line":97,"column":7}},"line":36},"4":{"name":"_callee$","decl":{"start":{"line":38,"column":53},"end":{"line":38,"column":61}},"loc":{"start":{"line":38,"column":72},"end":{"line":96,"column":9}},"line":38},"5":{"name":"createUser","decl":{"start":{"line":99,"column":15},"end":{"line":99,"column":25}},"loc":{"start":{"line":99,"column":30},"end":{"line":101,"column":7}},"line":99},"6":{"name":"(anonymous_6)","decl":{"start":{"line":107,"column":11},"end":{"line":107,"column":12}},"loc":{"start":{"line":107,"column":23},"end":{"line":143,"column":5}},"line":107},"7":{"name":"_callee2","decl":{"start":{"line":110,"column":44},"end":{"line":110,"column":52}},"loc":{"start":{"line":110,"column":60},"end":{"line":136,"column":7}},"line":110},"8":{"name":"_callee2$","decl":{"start":{"line":112,"column":53},"end":{"line":112,"column":62}},"loc":{"start":{"line":112,"column":74},"end":{"line":135,"column":9}},"line":112},"9":{"name":"getUserByEmail","decl":{"start":{"line":138,"column":15},"end":{"line":138,"column":29}},"loc":{"start":{"line":138,"column":35},"end":{"line":140,"column":7}},"line":138},"10":{"name":"(anonymous_10)","decl":{"start":{"line":146,"column":11},"end":{"line":146,"column":12}},"loc":{"start":{"line":146,"column":23},"end":{"line":182,"column":5}},"line":146},"11":{"name":"_callee3","decl":{"start":{"line":149,"column":44},"end":{"line":149,"column":52}},"loc":{"start":{"line":149,"column":63},"end":{"line":175,"column":7}},"line":149},"12":{"name":"_callee3$","decl":{"start":{"line":151,"column":53},"end":{"line":151,"column":62}},"loc":{"start":{"line":151,"column":74},"end":{"line":174,"column":9}},"line":151},"13":{"name":"getUserById","decl":{"start":{"line":177,"column":15},"end":{"line":177,"column":26}},"loc":{"start":{"line":177,"column":37},"end":{"line":179,"column":7}},"line":177}},"branchMap":{"0":{"loc":{"start":{"line":40,"column":12},"end":{"line":94,"column":13}},"type":"switch","locations":[{"start":{"line":41,"column":14},"end":{"line":45,"column":66}},{"start":{"line":47,"column":14},"end":{"line":55,"column":60}},{"start":{"line":57,"column":14},"end":{"line":62,"column":54}},{"start":{"line":64,"column":14},"end":{"line":68,"column":68}},{"start":{"line":70,"column":14},"end":{"line":78,"column":54}},{"start":{"line":80,"column":14},"end":{"line":84,"column":36}},{"start":{"line":86,"column":14},"end":{"line":89,"column":45}},{"start":{"line":91,"column":14},"end":{"line":91,"column":22}},{"start":{"line":92,"column":14},"end":{"line":93,"column":39}}],"line":40},"1":{"loc":{"start":{"line":50,"column":16},"end":{"line":53,"column":17}},"type":"if","locations":[{"start":{"line":50,"column":16},"end":{"line":53,"column":17}},{"start":{"line":50,"column":16},"end":{"line":53,"column":17}}],"line":50},"2":{"loc":{"start":{"line":114,"column":12},"end":{"line":133,"column":13}},"type":"switch","locations":[{"start":{"line":115,"column":14},"end":{"line":119,"column":66}},{"start":{"line":121,"column":14},"end":{"line":123,"column":60}},{"start":{"line":125,"column":14},"end":{"line":128,"column":46}},{"start":{"line":130,"column":14},"end":{"line":130,"column":22}},{"start":{"line":131,"column":14},"end":{"line":132,"column":40}}],"line":114},"3":{"loc":{"start":{"line":153,"column":12},"end":{"line":172,"column":13}},"type":"switch","locations":[{"start":{"line":154,"column":14},"end":{"line":159,"column":63}},{"start":{"line":161,"column":14},"end":{"line":162,"column":66}},{"start":{"line":164,"column":14},"end":{"line":167,"column":54}},{"start":{"line":169,"column":14},"end":{"line":169,"column":22}},{"start":{"line":170,"column":14},"end":{"line":171,"column":40}}],"line":153}},"s":{"0":1,"1":1,"2":1,"3":1,"4":1,"5":1,"6":1,"7":1,"8":1,"9":1,"10":1,"11":0,"12":1,"13":1,"14":104,"15":621,"16":724,"17":104,"18":104,"19":104,"20":104,"21":104,"22":103,"23":103,"24":1,"25":103,"26":103,"27":103,"28":103,"29":103,"30":103,"31":103,"32":103,"33":103,"34":103,"35":103,"36":103,"37":103,"38":103,"39":0,"40":0,"41":0,"42":104,"43":104,"44":1,"45":1,"46":107,"47":321,"48":321,"49":107,"50":107,"51":107,"52":107,"53":107,"54":107,"55":0,"56":0,"57":0,"58":107,"59":107,"60":1,"61":1,"62":2,"63":5,"64":5,"65":2,"66":1,"67":1,"68":1,"69":1,"70":1,"71":0,"72":0,"73":0,"74":2,"75":2,"76":1,"77":1,"78":1,"79":1},"f":{"0":1,"1":0,"2":1,"3":104,"4":621,"5":104,"6":1,"7":107,"8":321,"9":107,"10":1,"11":2,"12":5,"13":2},"b":{"0":[104,104,103,103,103,103,0,0,104],"1":[103,1],"2":[107,107,0,0,107],"3":[2,1,0,0,2]},"_coverageSchema":"43e27e138ebf9cfc5966b082cf9a028302ed4184","hash":"b9b107fb2b02f322c26dbd3d8643d52d893756d7","contentHash":"7dbab9065f5a2e0d9223891b86a54aea55450f3091bc1c96a6051dcedfccb0df"},"C:\\Users\\CHANCERY AND SCRIBE\\Desktop\\Wayfare\\helperFunctions\\query.js":{"path":"C:\\Users\\CHANCERY AND SCRIBE\\Desktop\\Wayfare\\helperFunctions\\query.js","statementMap":{"0":{"start":{"line":3,"column":29},"end":{"line":3,"column":84}},"1":{"start":{"line":5,"column":0},"end":{"line":7,"column":3}},"2":{"start":{"line":8,"column":0},"end":{"line":8,"column":28}},"3":{"start":{"line":10,"column":19},"end":{"line":10,"column":80}},"4":{"start":{"line":12,"column":25},"end":{"line":12,"column":99}},"5":{"start":{"line":14,"column":16},"end":{"line":14,"column":45}},"6":{"start":{"line":18,"column":0},"end":{"line":53,"column":3}},"7":{"start":{"line":19,"column":13},"end":{"line":48,"column":5}},"8":{"start":{"line":24,"column":4},"end":{"line":47,"column":32}},"9":{"start":{"line":25,"column":6},"end":{"line":46,"column":7}},"10":{"start":{"line":26,"column":8},"end":{"line":45,"column":9}},"11":{"start":{"line":28,"column":12},"end":{"line":28,"column":30}},"12":{"start":{"line":29,"column":12},"end":{"line":29,"column":30}},"13":{"start":{"line":30,"column":12},"end":{"line":30,"column":52}},"14":{"start":{"line":33,"column":12},"end":{"line":33,"column":34}},"15":{"start":{"line":34,"column":12},"end":{"line":34,"column":30}},"16":{"start":{"line":35,"column":12},"end":{"line":35,"column":51}},"17":{"start":{"line":38,"column":12},"end":{"line":38,"column":30}},"18":{"start":{"line":39,"column":12},"end":{"line":39,"column":47}},"19":{"start":{"line":40,"column":12},"end":{"line":40,"column":41}},"20":{"start":{"line":44,"column":12},"end":{"line":44,"column":35}},"21":{"start":{"line":50,"column":2},"end":{"line":52,"column":4}},"22":{"start":{"line":51,"column":4},"end":{"line":51,"column":39}},"23":{"start":{"line":55,"column":15},"end":{"line":55,"column":20}},"24":{"start":{"line":56,"column":0},"end":{"line":56,"column":30}}},"fnMap":{"0":{"name":"(anonymous_0)","decl":{"start":{"line":18,"column":0},"end":{"line":18,"column":1}},"loc":{"start":{"line":18,"column":12},"end":{"line":53,"column":1}},"line":18},"1":{"name":"_callee","decl":{"start":{"line":21,"column":40},"end":{"line":21,"column":47}},"loc":{"start":{"line":21,"column":60},"end":{"line":48,"column":3}},"line":21},"2":{"name":"_callee$","decl":{"start":{"line":24,"column":49},"end":{"line":24,"column":57}},"loc":{"start":{"line":24,"column":68},"end":{"line":47,"column":5}},"line":24},"3":{"name":"query","decl":{"start":{"line":50,"column":18},"end":{"line":50,"column":23}},"loc":{"start":{"line":50,"column":33},"end":{"line":52,"column":3}},"line":50}},"branchMap":{"0":{"loc":{"start":{"line":26,"column":8},"end":{"line":45,"column":9}},"type":"switch","locations":[{"start":{"line":27,"column":10},"end":{"line":30,"column":52}},{"start":{"line":32,"column":10},"end":{"line":35,"column":51}},{"start":{"line":37,"column":10},"end":{"line":40,"column":41}},{"start":{"line":42,"column":10},"end":{"line":42,"column":18}},{"start":{"line":43,"column":10},"end":{"line":44,"column":35}}],"line":26}},"s":{"0":1,"1":1,"2":1,"3":1,"4":1,"5":1,"6":1,"7":1,"8":603,"9":1809,"10":1809,"11":603,"12":603,"13":603,"14":603,"15":603,"16":603,"17":0,"18":0,"19":0,"20":603,"21":1,"22":603,"23":1,"24":1},"f":{"0":1,"1":603,"2":1809,"3":603},"b":{"0":[603,603,0,0,603]},"_coverageSchema":"43e27e138ebf9cfc5966b082cf9a028302ed4184","hash":"7d6f5333f89425cdfd2a06ef1cfd15816d69d618","contentHash":"1eb39858cfc68ed87045c908a88b5174cdb89e145bdf26144aea36983befaabb"},"C:\\Users\\CHANCERY AND SCRIBE\\Desktop\\Wayfare\\models\\database.js":{"path":"C:\\Users\\CHANCERY AND SCRIBE\\Desktop\\Wayfare\\models\\database.js","statementMap":{"0":{"start":{"line":3,"column":29},"end":{"line":3,"column":84}},"1":{"start":{"line":5,"column":0},"end":{"line":7,"column":3}},"2":{"start":{"line":8,"column":0},"end":{"line":8,"column":22}},"3":{"start":{"line":10,"column":14},"end":{"line":10,"column":55}},"4":{"start":{"line":12,"column":10},"end":{"line":12,"column":23}},"5":{"start":{"line":14,"column":0},"end":{"line":14,"column":28}},"6":{"start":{"line":16,"column":23},"end":{"line":16,"column":101}},"7":{"start":{"line":17,"column":11},"end":{"line":19,"column":2}},"8":{"start":{"line":20,"column":0},"end":{"line":20,"column":20}},"9":{"start":{"line":21,"column":0},"end":{"line":23,"column":3}},"10":{"start":{"line":22,"column":2},"end":{"line":22,"column":33}}},"fnMap":{"0":{"name":"(anonymous_0)","decl":{"start":{"line":21,"column":19},"end":{"line":21,"column":20}},"loc":{"start":{"line":21,"column":31},"end":{"line":23,"column":1}},"line":21}},"branchMap":{"0":{"loc":{"start":{"line":16,"column":23},"end":{"line":16,"column":101}},"type":"cond-expr","locations":[{"start":{"line":16,"column":64},"end":{"line":16,"column":81}},{"start":{"line":16,"column":84},"end":{"line":16,"column":101}}],"line":16}},"s":{"0":1,"1":1,"2":1,"3":1,"4":1,"5":1,"6":1,"7":1,"8":1,"9":1,"10":1},"f":{"0":1},"b":{"0":[0,1]},"_coverageSchema":"43e27e138ebf9cfc5966b082cf9a028302ed4184","hash":"c074c499e110b4b919de0b9c6ac5db99059afb38","contentHash":"d02bf1e9a94042af6cb3d1cd3c766dd38b4ededb35636ad6e06fee934a0a35ed"},"C:\\Users\\CHANCERY AND SCRIBE\\Desktop\\Wayfare\\middlewares\\inputValidation.js":{"path":"C:\\Users\\CHANCERY AND SCRIBE\\Desktop\\Wayfare\\middlewares\\inputValidation.js","statementMap":{"0":{"start":{"line":3,"column":29},"end":{"line":3,"column":84}},"1":{"start":{"line":5,"column":0},"end":{"line":7,"column":3}},"2":{"start":{"line":8,"column":0},"end":{"line":8,"column":175}},"3":{"start":{"line":10,"column":19},"end":{"line":10,"column":80}},"4":{"start":{"line":12,"column":25},"end":{"line":12,"column":99}},"5":{"start":{"line":14,"column":11},"end":{"line":14,"column":55}},"6":{"start":{"line":16,"column":12},"end":{"line":18,"column":47}},"7":{"start":{"line":20,"column":15},"end":{"line":20,"column":125}},"8":{"start":{"line":22,"column":19},"end":{"line":27,"column":2}},"9":{"start":{"line":29,"column":18},"end":{"line":32,"column":2}},"10":{"start":{"line":34,"column":16},"end":{"line":40,"column":2}},"11":{"start":{"line":42,"column":21},"end":{"line":44,"column":1}},"12":{"start":{"line":43,"column":2},"end":{"line":43,"column":47}},"13":{"start":{"line":48,"column":0},"end":{"line":85,"column":3}},"14":{"start":{"line":49,"column":13},"end":{"line":80,"column":5}},"15":{"start":{"line":52,"column":4},"end":{"line":79,"column":32}},"16":{"start":{"line":53,"column":6},"end":{"line":78,"column":7}},"17":{"start":{"line":54,"column":8},"end":{"line":77,"column":9}},"18":{"start":{"line":56,"column":12},"end":{"line":56,"column":30}},"19":{"start":{"line":57,"column":12},"end":{"line":57,"column":30}},"20":{"start":{"line":58,"column":12},"end":{"line":58,"column":68}},"21":{"start":{"line":61,"column":12},"end":{"line":61,"column":62}},"22":{"start":{"line":62,"column":12},"end":{"line":62,"column":19}},"23":{"start":{"line":63,"column":12},"end":{"line":63,"column":31}},"24":{"start":{"line":64,"column":12},"end":{"line":64,"column":18}},"25":{"start":{"line":67,"column":12},"end":{"line":67,"column":30}},"26":{"start":{"line":68,"column":12},"end":{"line":68,"column":47}},"27":{"start":{"line":69,"column":12},"end":{"line":72,"column":15}},"28":{"start":{"line":76,"column":12},"end":{"line":76,"column":35}},"29":{"start":{"line":82,"column":2},"end":{"line":84,"column":4}},"30":{"start":{"line":83,"column":4},"end":{"line":83,"column":39}},"31":{"start":{"line":87,"column":0},"end":{"line":87,"column":40}},"32":{"start":{"line":91,"column":0},"end":{"line":136,"column":3}},"33":{"start":{"line":92,"column":14},"end":{"line":131,"column":5}},"34":{"start":{"line":95,"column":4},"end":{"line":130,"column":33}},"35":{"start":{"line":96,"column":6},"end":{"line":129,"column":7}},"36":{"start":{"line":97,"column":8},"end":{"line":128,"column":9}},"37":{"start":{"line":99,"column":12},"end":{"line":99,"column":31}},"38":{"start":{"line":101,"column":12},"end":{"line":104,"column":13}},"39":{"start":{"line":102,"column":14},"end":{"line":102,"column":33}},"40":{"start":{"line":103,"column":14},"end":{"line":103,"column":20}},"41":{"start":{"line":106,"column":12},"end":{"line":106,"column":49}},"42":{"start":{"line":109,"column":12},"end":{"line":109,"column":31}},"43":{"start":{"line":110,"column":12},"end":{"line":110,"column":67}},"44":{"start":{"line":113,"column":12},"end":{"line":113,"column":19}},"45":{"start":{"line":114,"column":12},"end":{"line":114,"column":32}},"46":{"start":{"line":115,"column":12},"end":{"line":115,"column":18}},"47":{"start":{"line":118,"column":12},"end":{"line":118,"column":31}},"48":{"start":{"line":119,"column":12},"end":{"line":119,"column":49}},"49":{"start":{"line":120,"column":12},"end":{"line":123,"column":15}},"50":{"start":{"line":127,"column":12},"end":{"line":127,"column":36}},"51":{"start":{"line":133,"column":2},"end":{"line":135,"column":4}},"52":{"start":{"line":134,"column":4},"end":{"line":134,"column":40}},"53":{"start":{"line":138,"column":0},"end":{"line":138,"column":38}},"54":{"start":{"line":142,"column":0},"end":{"line":179,"column":3}},"55":{"start":{"line":143,"column":14},"end":{"line":174,"column":5}},"56":{"start":{"line":146,"column":4},"end":{"line":173,"column":33}},"57":{"start":{"line":147,"column":6},"end":{"line":172,"column":7}},"58":{"start":{"line":148,"column":8},"end":{"line":171,"column":9}},"59":{"start":{"line":150,"column":12},"end":{"line":150,"column":31}},"60":{"start":{"line":151,"column":12},"end":{"line":151,"column":31}},"61":{"start":{"line":152,"column":12},"end":{"line":152,"column":65}},"62":{"start":{"line":155,"column":12},"end":{"line":155,"column":72}},"63":{"start":{"line":156,"column":12},"end":{"line":156,"column":19}},"64":{"start":{"line":157,"column":12},"end":{"line":157,"column":32}},"65":{"start":{"line":158,"column":12},"end":{"line":158,"column":18}},"66":{"start":{"line":161,"column":12},"end":{"line":161,"column":31}},"67":{"start":{"line":162,"column":12},"end":{"line":162,"column":49}},"68":{"start":{"line":163,"column":12},"end":{"line":166,"column":15}},"69":{"start":{"line":170,"column":12},"end":{"line":170,"column":36}},"70":{"start":{"line":176,"column":2},"end":{"line":178,"column":4}},"71":{"start":{"line":177,"column":4},"end":{"line":177,"column":40}},"72":{"start":{"line":181,"column":0},"end":{"line":181,"column":34}},"73":{"start":{"line":183,"column":19},"end":{"line":197,"column":1}},"74":{"start":{"line":184,"column":12},"end":{"line":184,"column":14}},"75":{"start":{"line":186,"column":2},"end":{"line":194,"column":3}},"76":{"start":{"line":187,"column":4},"end":{"line":187,"column":17}},"77":{"start":{"line":188,"column":9},"end":{"line":194,"column":3}},"78":{"start":{"line":189,"column":4},"end":{"line":189,"column":16}},"79":{"start":{"line":190,"column":9},"end":{"line":194,"column":3}},"80":{"start":{"line":191,"column":4},"end":{"line":191,"column":20}},"81":{"start":{"line":193,"column":4},"end":{"line":193,"column":17}},"82":{"start":{"line":196,"column":2},"end":{"line":196,"column":50}},"83":{"start":{"line":201,"column":0},"end":{"line":255,"column":3}},"84":{"start":{"line":202,"column":14},"end":{"line":250,"column":5}},"85":{"start":{"line":206,"column":4},"end":{"line":249,"column":33}},"86":{"start":{"line":207,"column":6},"end":{"line":248,"column":7}},"87":{"start":{"line":208,"column":8},"end":{"line":247,"column":9}},"88":{"start":{"line":210,"column":12},"end":{"line":213,"column":13}},"89":{"start":{"line":211,"column":14},"end":{"line":211,"column":33}},"90":{"start":{"line":212,"column":14},"end":{"line":212,"column":20}},"91":{"start":{"line":215,"column":12},"end":{"line":218,"column":16}},"92":{"start":{"line":221,"column":12},"end":{"line":223,"column":15}},"93":{"start":{"line":224,"column":12},"end":{"line":224,"column":31}},"94":{"start":{"line":225,"column":12},"end":{"line":225,"column":31}},"95":{"start":{"line":226,"column":12},"end":{"line":226,"column":64}},"96":{"start":{"line":229,"column":12},"end":{"line":229,"column":19}},"97":{"start":{"line":230,"column":12},"end":{"line":230,"column":32}},"98":{"start":{"line":231,"column":12},"end":{"line":231,"column":18}},"99":{"start":{"line":234,"column":12},"end":{"line":234,"column":31}},"100":{"start":{"line":235,"column":12},"end":{"line":235,"column":49}},"101":{"start":{"line":236,"column":12},"end":{"line":239,"column":15}},"102":{"start":{"line":242,"column":12},"end":{"line":242,"column":52}},"103":{"start":{"line":246,"column":12},"end":{"line":246,"column":36}},"104":{"start":{"line":252,"column":2},"end":{"line":254,"column":4}},"105":{"start":{"line":253,"column":4},"end":{"line":253,"column":40}},"106":{"start":{"line":257,"column":0},"end":{"line":257,"column":38}},"107":{"start":{"line":259,"column":20},"end":{"line":262,"column":2}},"108":{"start":{"line":266,"column":0},"end":{"line":311,"column":3}},"109":{"start":{"line":267,"column":14},"end":{"line":306,"column":5}},"110":{"start":{"line":270,"column":4},"end":{"line":305,"column":33}},"111":{"start":{"line":271,"column":6},"end":{"line":304,"column":7}},"112":{"start":{"line":272,"column":8},"end":{"line":303,"column":9}},"113":{"start":{"line":274,"column":12},"end":{"line":274,"column":31}},"114":{"start":{"line":276,"column":12},"end":{"line":279,"column":13}},"115":{"start":{"line":277,"column":14},"end":{"line":277,"column":33}},"116":{"start":{"line":278,"column":14},"end":{"line":278,"column":20}},"117":{"start":{"line":281,"column":12},"end":{"line":281,"column":48}},"118":{"start":{"line":284,"column":12},"end":{"line":284,"column":31}},"119":{"start":{"line":285,"column":12},"end":{"line":285,"column":69}},"120":{"start":{"line":288,"column":12},"end":{"line":288,"column":19}},"121":{"start":{"line":289,"column":12},"end":{"line":289,"column":32}},"122":{"start":{"line":290,"column":12},"end":{"line":290,"column":18}},"123":{"start":{"line":293,"column":12},"end":{"line":293,"column":31}},"124":{"start":{"line":294,"column":12},"end":{"line":294,"column":49}},"125":{"start":{"line":295,"column":12},"end":{"line":298,"column":15}},"126":{"start":{"line":302,"column":12},"end":{"line":302,"column":36}},"127":{"start":{"line":308,"column":2},"end":{"line":310,"column":4}},"128":{"start":{"line":309,"column":4},"end":{"line":309,"column":40}},"129":{"start":{"line":313,"column":0},"end":{"line":313,"column":42}},"130":{"start":{"line":315,"column":18},"end":{"line":318,"column":2}},"131":{"start":{"line":322,"column":0},"end":{"line":358,"column":3}},"132":{"start":{"line":323,"column":14},"end":{"line":353,"column":5}},"133":{"start":{"line":326,"column":4},"end":{"line":352,"column":33}},"134":{"start":{"line":327,"column":6},"end":{"line":351,"column":7}},"135":{"start":{"line":328,"column":8},"end":{"line":350,"column":9}},"136":{"start":{"line":330,"column":12},"end":{"line":330,"column":31}},"137":{"start":{"line":331,"column":12},"end":{"line":331,"column":31}},"138":{"start":{"line":332,"column":12},"end":{"line":332,"column":68}},"139":{"start":{"line":335,"column":12},"end":{"line":335,"column":19}},"140":{"start":{"line":336,"column":12},"end":{"line":336,"column":31}},"141":{"start":{"line":337,"column":12},"end":{"line":337,"column":18}},"142":{"start":{"line":340,"column":12},"end":{"line":340,"column":31}},"143":{"start":{"line":341,"column":12},"end":{"line":341,"column":49}},"144":{"start":{"line":342,"column":12},"end":{"line":345,"column":15}},"145":{"start":{"line":349,"column":12},"end":{"line":349,"column":36}},"146":{"start":{"line":355,"column":2},"end":{"line":357,"column":4}},"147":{"start":{"line":356,"column":4},"end":{"line":356,"column":40}},"148":{"start":{"line":360,"column":0},"end":{"line":360,"column":38}},"149":{"start":{"line":362,"column":17},"end":{"line":368,"column":2}},"150":{"start":{"line":372,"column":0},"end":{"line":432,"column":3}},"151":{"start":{"line":373,"column":14},"end":{"line":427,"column":5}},"152":{"start":{"line":377,"column":4},"end":{"line":426,"column":34}},"153":{"start":{"line":378,"column":6},"end":{"line":425,"column":7}},"154":{"start":{"line":379,"column":8},"end":{"line":424,"column":9}},"155":{"start":{"line":381,"column":12},"end":{"line":381,"column":43}},"156":{"start":{"line":382,"column":12},"end":{"line":382,"column":18}},"157":{"start":{"line":385,"column":12},"end":{"line":388,"column":13}},"158":{"start":{"line":386,"column":14},"end":{"line":386,"column":33}},"159":{"start":{"line":387,"column":14},"end":{"line":387,"column":20}},"160":{"start":{"line":390,"column":12},"end":{"line":393,"column":13}},"161":{"start":{"line":391,"column":14},"end":{"line":391,"column":33}},"162":{"start":{"line":392,"column":14},"end":{"line":392,"column":20}},"163":{"start":{"line":395,"column":12},"end":{"line":398,"column":16}},"164":{"start":{"line":401,"column":12},"end":{"line":401,"column":19}},"165":{"start":{"line":402,"column":12},"end":{"line":402,"column":31}},"166":{"start":{"line":403,"column":12},"end":{"line":403,"column":18}},"167":{"start":{"line":406,"column":12},"end":{"line":406,"column":31}},"168":{"start":{"line":407,"column":12},"end":{"line":407,"column":32}},"169":{"start":{"line":408,"column":12},"end":{"line":408,"column":66}},"170":{"start":{"line":411,"column":12},"end":{"line":411,"column":54}},"171":{"start":{"line":414,"column":12},"end":{"line":414,"column":32}},"172":{"start":{"line":415,"column":12},"end":{"line":415,"column":49}},"173":{"start":{"line":416,"column":12},"end":{"line":419,"column":16}},"174":{"start":{"line":423,"column":12},"end":{"line":423,"column":36}},"175":{"start":{"line":429,"column":2},"end":{"line":431,"column":4}},"176":{"start":{"line":430,"column":4},"end":{"line":430,"column":40}},"177":{"start":{"line":434,"column":0},"end":{"line":434,"column":36}}},"fnMap":{"0":{"name":"setAdminStatus","decl":{"start":{"line":42,"column":30},"end":{"line":42,"column":44}},"loc":{"start":{"line":42,"column":56},"end":{"line":44,"column":1}},"line":42},"1":{"name":"(anonymous_1)","decl":{"start":{"line":48,"column":0},"end":{"line":48,"column":1}},"loc":{"start":{"line":48,"column":12},"end":{"line":85,"column":1}},"line":48},"2":{"name":"_callee","decl":{"start":{"line":51,"column":40},"end":{"line":51,"column":47}},"loc":{"start":{"line":51,"column":64},"end":{"line":80,"column":3}},"line":51},"3":{"name":"_callee$","decl":{"start":{"line":52,"column":49},"end":{"line":52,"column":57}},"loc":{"start":{"line":52,"column":68},"end":{"line":79,"column":5}},"line":52},"4":{"name":"validateSignUp","decl":{"start":{"line":82,"column":18},"end":{"line":82,"column":32}},"loc":{"start":{"line":82,"column":47},"end":{"line":84,"column":3}},"line":82},"5":{"name":"(anonymous_5)","decl":{"start":{"line":91,"column":0},"end":{"line":91,"column":1}},"loc":{"start":{"line":91,"column":12},"end":{"line":136,"column":1}},"line":91},"6":{"name":"_callee2","decl":{"start":{"line":94,"column":40},"end":{"line":94,"column":48}},"loc":{"start":{"line":94,"column":65},"end":{"line":131,"column":3}},"line":94},"7":{"name":"_callee2$","decl":{"start":{"line":95,"column":49},"end":{"line":95,"column":58}},"loc":{"start":{"line":95,"column":70},"end":{"line":130,"column":5}},"line":95},"8":{"name":"validateLogin","decl":{"start":{"line":133,"column":18},"end":{"line":133,"column":31}},"loc":{"start":{"line":133,"column":47},"end":{"line":135,"column":3}},"line":133},"9":{"name":"(anonymous_9)","decl":{"start":{"line":142,"column":0},"end":{"line":142,"column":1}},"loc":{"start":{"line":142,"column":12},"end":{"line":179,"column":1}},"line":142},"10":{"name":"_callee3","decl":{"start":{"line":145,"column":40},"end":{"line":145,"column":48}},"loc":{"start":{"line":145,"column":65},"end":{"line":174,"column":3}},"line":145},"11":{"name":"_callee3$","decl":{"start":{"line":146,"column":49},"end":{"line":146,"column":58}},"loc":{"start":{"line":146,"column":70},"end":{"line":173,"column":5}},"line":146},"12":{"name":"validateBus","decl":{"start":{"line":176,"column":18},"end":{"line":176,"column":29}},"loc":{"start":{"line":176,"column":45},"end":{"line":178,"column":3}},"line":176},"13":{"name":"errorMessage","decl":{"start":{"line":183,"column":28},"end":{"line":183,"column":40}},"loc":{"start":{"line":183,"column":47},"end":{"line":197,"column":1}},"line":183},"14":{"name":"(anonymous_14)","decl":{"start":{"line":201,"column":0},"end":{"line":201,"column":1}},"loc":{"start":{"line":201,"column":12},"end":{"line":255,"column":1}},"line":201},"15":{"name":"_callee4","decl":{"start":{"line":204,"column":40},"end":{"line":204,"column":48}},"loc":{"start":{"line":204,"column":65},"end":{"line":250,"column":3}},"line":204},"16":{"name":"_callee4$","decl":{"start":{"line":206,"column":49},"end":{"line":206,"column":58}},"loc":{"start":{"line":206,"column":70},"end":{"line":249,"column":5}},"line":206},"17":{"name":"validateParam","decl":{"start":{"line":252,"column":18},"end":{"line":252,"column":31}},"loc":{"start":{"line":252,"column":50},"end":{"line":254,"column":3}},"line":252},"18":{"name":"(anonymous_18)","decl":{"start":{"line":266,"column":0},"end":{"line":266,"column":1}},"loc":{"start":{"line":266,"column":12},"end":{"line":311,"column":1}},"line":266},"19":{"name":"_callee5","decl":{"start":{"line":269,"column":40},"end":{"line":269,"column":48}},"loc":{"start":{"line":269,"column":65},"end":{"line":306,"column":3}},"line":269},"20":{"name":"_callee5$","decl":{"start":{"line":270,"column":49},"end":{"line":270,"column":58}},"loc":{"start":{"line":270,"column":70},"end":{"line":305,"column":5}},"line":270},"21":{"name":"validateBooking","decl":{"start":{"line":308,"column":18},"end":{"line":308,"column":33}},"loc":{"start":{"line":308,"column":52},"end":{"line":310,"column":3}},"line":308},"22":{"name":"(anonymous_22)","decl":{"start":{"line":322,"column":0},"end":{"line":322,"column":1}},"loc":{"start":{"line":322,"column":12},"end":{"line":358,"column":1}},"line":322},"23":{"name":"_callee6","decl":{"start":{"line":325,"column":40},"end":{"line":325,"column":48}},"loc":{"start":{"line":325,"column":65},"end":{"line":353,"column":3}},"line":325},"24":{"name":"_callee6$","decl":{"start":{"line":326,"column":49},"end":{"line":326,"column":58}},"loc":{"start":{"line":326,"column":70},"end":{"line":352,"column":5}},"line":326},"25":{"name":"validateQuery","decl":{"start":{"line":355,"column":18},"end":{"line":355,"column":31}},"loc":{"start":{"line":355,"column":50},"end":{"line":357,"column":3}},"line":355},"26":{"name":"(anonymous_26)","decl":{"start":{"line":372,"column":0},"end":{"line":372,"column":1}},"loc":{"start":{"line":372,"column":12},"end":{"line":432,"column":1}},"line":372},"27":{"name":"_callee7","decl":{"start":{"line":375,"column":40},"end":{"line":375,"column":48}},"loc":{"start":{"line":375,"column":65},"end":{"line":427,"column":3}},"line":375},"28":{"name":"_callee7$","decl":{"start":{"line":377,"column":49},"end":{"line":377,"column":58}},"loc":{"start":{"line":377,"column":70},"end":{"line":426,"column":5}},"line":377},"29":{"name":"validateTrip","decl":{"start":{"line":429,"column":18},"end":{"line":429,"column":30}},"loc":{"start":{"line":429,"column":49},"end":{"line":431,"column":3}},"line":429}},"branchMap":{"0":{"loc":{"start":{"line":54,"column":8},"end":{"line":77,"column":9}},"type":"switch","locations":[{"start":{"line":55,"column":10},"end":{"line":58,"column":68}},{"start":{"line":60,"column":10},"end":{"line":64,"column":18}},{"start":{"line":66,"column":10},"end":{"line":72,"column":15}},{"start":{"line":74,"column":10},"end":{"line":74,"column":18}},{"start":{"line":75,"column":10},"end":{"line":76,"column":35}}],"line":54},"1":{"loc":{"start":{"line":97,"column":8},"end":{"line":128,"column":9}},"type":"switch","locations":[{"start":{"line":98,"column":10},"end":{"line":106,"column":49}},{"start":{"line":108,"column":10},"end":{"line":110,"column":67}},{"start":{"line":112,"column":10},"end":{"line":115,"column":18}},{"start":{"line":117,"column":10},"end":{"line":123,"column":15}},{"start":{"line":125,"column":10},"end":{"line":125,"column":18}},{"start":{"line":126,"column":10},"end":{"line":127,"column":36}}],"line":97},"2":{"loc":{"start":{"line":101,"column":12},"end":{"line":104,"column":13}},"type":"if","locations":[{"start":{"line":101,"column":12},"end":{"line":104,"column":13}},{"start":{"line":101,"column":12},"end":{"line":104,"column":13}}],"line":101},"3":{"loc":{"start":{"line":148,"column":8},"end":{"line":171,"column":9}},"type":"switch","locations":[{"start":{"line":149,"column":10},"end":{"line":152,"column":65}},{"start":{"line":154,"column":10},"end":{"line":158,"column":18}},{"start":{"line":160,"column":10},"end":{"line":166,"column":15}},{"start":{"line":168,"column":10},"end":{"line":168,"column":18}},{"start":{"line":169,"column":10},"end":{"line":170,"column":36}}],"line":148},"4":{"loc":{"start":{"line":186,"column":2},"end":{"line":194,"column":3}},"type":"if","locations":[{"start":{"line":186,"column":2},"end":{"line":194,"column":3}},{"start":{"line":186,"column":2},"end":{"line":194,"column":3}}],"line":186},"5":{"loc":{"start":{"line":188,"column":9},"end":{"line":194,"column":3}},"type":"if","locations":[{"start":{"line":188,"column":9},"end":{"line":194,"column":3}},{"start":{"line":188,"column":9},"end":{"line":194,"column":3}}],"line":188},"6":{"loc":{"start":{"line":190,"column":9},"end":{"line":194,"column":3}},"type":"if","locations":[{"start":{"line":190,"column":9},"end":{"line":194,"column":3}},{"start":{"line":190,"column":9},"end":{"line":194,"column":3}}],"line":190},"7":{"loc":{"start":{"line":208,"column":8},"end":{"line":247,"column":9}},"type":"switch","locations":[{"start":{"line":209,"column":10},"end":{"line":218,"column":16}},{"start":{"line":220,"column":10},"end":{"line":226,"column":64}},{"start":{"line":228,"column":10},"end":{"line":231,"column":18}},{"start":{"line":233,"column":10},"end":{"line":239,"column":15}},{"start":{"line":241,"column":10},"end":{"line":242,"column":52}},{"start":{"line":244,"column":10},"end":{"line":244,"column":18}},{"start":{"line":245,"column":10},"end":{"line":246,"column":36}}],"line":208},"8":{"loc":{"start":{"line":210,"column":12},"end":{"line":213,"column":13}},"type":"if","locations":[{"start":{"line":210,"column":12},"end":{"line":213,"column":13}},{"start":{"line":210,"column":12},"end":{"line":213,"column":13}}],"line":210},"9":{"loc":{"start":{"line":272,"column":8},"end":{"line":303,"column":9}},"type":"switch","locations":[{"start":{"line":273,"column":10},"end":{"line":281,"column":48}},{"start":{"line":283,"column":10},"end":{"line":285,"column":69}},{"start":{"line":287,"column":10},"end":{"line":290,"column":18}},{"start":{"line":292,"column":10},"end":{"line":298,"column":15}},{"start":{"line":300,"column":10},"end":{"line":300,"column":18}},{"start":{"line":301,"column":10},"end":{"line":302,"column":36}}],"line":272},"10":{"loc":{"start":{"line":276,"column":12},"end":{"line":279,"column":13}},"type":"if","locations":[{"start":{"line":276,"column":12},"end":{"line":279,"column":13}},{"start":{"line":276,"column":12},"end":{"line":279,"column":13}}],"line":276},"11":{"loc":{"start":{"line":328,"column":8},"end":{"line":350,"column":9}},"type":"switch","locations":[{"start":{"line":329,"column":10},"end":{"line":332,"column":68}},{"start":{"line":334,"column":10},"end":{"line":337,"column":18}},{"start":{"line":339,"column":10},"end":{"line":345,"column":15}},{"start":{"line":347,"column":10},"end":{"line":347,"column":17}},{"start":{"line":348,"column":10},"end":{"line":349,"column":36}}],"line":328},"12":{"loc":{"start":{"line":379,"column":8},"end":{"line":424,"column":9}},"type":"switch","locations":[{"start":{"line":380,"column":10},"end":{"line":382,"column":18}},{"start":{"line":384,"column":10},"end":{"line":398,"column":16}},{"start":{"line":400,"column":10},"end":{"line":403,"column":18}},{"start":{"line":405,"column":10},"end":{"line":408,"column":66}},{"start":{"line":410,"column":10},"end":{"line":411,"column":54}},{"start":{"line":413,"column":10},"end":{"line":419,"column":16}},{"start":{"line":421,"column":10},"end":{"line":421,"column":18}},{"start":{"line":422,"column":10},"end":{"line":423,"column":36}}],"line":379},"13":{"loc":{"start":{"line":385,"column":12},"end":{"line":388,"column":13}},"type":"if","locations":[{"start":{"line":385,"column":12},"end":{"line":388,"column":13}},{"start":{"line":385,"column":12},"end":{"line":388,"column":13}}],"line":385},"14":{"loc":{"start":{"line":390,"column":12},"end":{"line":393,"column":13}},"type":"if","locations":[{"start":{"line":390,"column":12},"end":{"line":393,"column":13}},{"start":{"line":390,"column":12},"end":{"line":393,"column":13}}],"line":390}},"s":{"0":1,"1":1,"2":1,"3":1,"4":1,"5":1,"6":1,"7":1,"8":1,"9":1,"10":1,"11":1,"12":3,"13":1,"14":1,"15":4,"16":8,"17":11,"18":4,"19":4,"20":4,"21":3,"22":3,"23":3,"24":3,"25":1,"26":1,"27":1,"28":4,"29":1,"30":4,"31":1,"32":1,"33":1,"34":4,"35":8,"36":15,"37":4,"38":4,"39":4,"40":4,"41":0,"42":4,"43":4,"44":3,"45":3,"46":3,"47":1,"48":1,"49":1,"50":4,"51":1,"52":4,"53":1,"54":1,"55":1,"56":3,"57":6,"58":8,"59":3,"60":3,"61":3,"62":2,"63":2,"64":2,"65":2,"66":1,"67":1,"68":1,"69":3,"70":1,"71":3,"72":1,"73":1,"74":19,"75":19,"76":7,"77":12,"78":4,"79":8,"80":5,"81":3,"82":19,"83":1,"84":1,"85":19,"86":57,"87":89,"88":19,"89":19,"90":19,"91":0,"92":19,"93":19,"94":19,"95":19,"96":13,"97":13,"98":13,"99":6,"100":6,"101":6,"102":19,"103":19,"104":1,"105":19,"106":1,"107":1,"108":1,"109":1,"110":4,"111":8,"112":14,"113":4,"114":4,"115":3,"116":3,"117":1,"118":3,"119":3,"120":3,"121":3,"122":3,"123":1,"124":1,"125":1,"126":4,"127":1,"128":4,"129":1,"130":1,"131":1,"132":1,"133":2,"134":4,"135":6,"136":2,"137":2,"138":2,"139":2,"140":2,"141":2,"142":0,"143":0,"144":0,"145":2,"146":1,"147":2,"148":1,"149":1,"150":1,"151":1,"152":5,"153":14,"154":48,"155":5,"156":5,"157":20,"158":4,"159":4,"160":16,"161":15,"162":15,"163":1,"164":15,"165":15,"166":15,"167":4,"168":4,"169":4,"170":4,"171":0,"172":0,"173":0,"174":5,"175":1,"176":5,"177":1},"f":{"0":3,"1":1,"2":4,"3":8,"4":4,"5":1,"6":4,"7":8,"8":4,"9":1,"10":3,"11":6,"12":3,"13":19,"14":1,"15":19,"16":57,"17":19,"18":1,"19":4,"20":8,"21":4,"22":1,"23":2,"24":4,"25":2,"26":1,"27":5,"28":14,"29":5},"b":{"0":[4,3,1,4,4],"1":[4,4,3,1,4,4],"2":[4,0],"3":[3,2,1,3,3],"4":[7,12],"5":[4,8],"6":[5,3],"7":[19,19,13,6,19,0,19],"8":[19,0],"9":[4,3,3,1,4,4],"10":[3,1],"11":[2,2,0,2,2],"12":[5,20,15,4,4,0,0,5],"13":[4,16],"14":[15,1]},"_coverageSchema":"43e27e138ebf9cfc5966b082cf9a028302ed4184","hash":"20f695ee2f6f2c9e3cd54fbf778a599c0ea03080","contentHash":"47b7f74e674c340852730bb330d320b46c9a63841a24352f8746227863cbf619"},"C:\\Users\\CHANCERY AND SCRIBE\\Desktop\\Wayfare\\middlewares\\userValidation.js":{"path":"C:\\Users\\CHANCERY AND SCRIBE\\Desktop\\Wayfare\\middlewares\\userValidation.js","statementMap":{"0":{"start":{"line":3,"column":29},"end":{"line":3,"column":84}},"1":{"start":{"line":5,"column":0},"end":{"line":7,"column":3}},"2":{"start":{"line":8,"column":0},"end":{"line":8,"column":52}},"3":{"start":{"line":10,"column":19},"end":{"line":10,"column":80}},"4":{"start":{"line":12,"column":25},"end":{"line":12,"column":99}},"5":{"start":{"line":14,"column":20},"end":{"line":14,"column":67}},"6":{"start":{"line":18,"column":0},"end":{"line":73,"column":3}},"7":{"start":{"line":19,"column":13},"end":{"line":68,"column":5}},"8":{"start":{"line":23,"column":4},"end":{"line":67,"column":33}},"9":{"start":{"line":24,"column":6},"end":{"line":66,"column":7}},"10":{"start":{"line":25,"column":8},"end":{"line":65,"column":9}},"11":{"start":{"line":27,"column":12},"end":{"line":27,"column":50}},"12":{"start":{"line":29,"column":12},"end":{"line":32,"column":13}},"13":{"start":{"line":30,"column":14},"end":{"line":30,"column":32}},"14":{"start":{"line":31,"column":14},"end":{"line":31,"column":20}},"15":{"start":{"line":34,"column":12},"end":{"line":37,"column":16}},"16":{"start":{"line":40,"column":12},"end":{"line":40,"column":30}},"17":{"start":{"line":41,"column":12},"end":{"line":41,"column":30}},"18":{"start":{"line":42,"column":12},"end":{"line":42,"column":82}},"19":{"start":{"line":45,"column":12},"end":{"line":45,"column":41}},"20":{"start":{"line":46,"column":12},"end":{"line":46,"column":36}},"21":{"start":{"line":47,"column":12},"end":{"line":47,"column":19}},"22":{"start":{"line":48,"column":12},"end":{"line":48,"column":31}},"23":{"start":{"line":49,"column":12},"end":{"line":49,"column":18}},"24":{"start":{"line":52,"column":12},"end":{"line":52,"column":31}},"25":{"start":{"line":53,"column":12},"end":{"line":53,"column":47}},"26":{"start":{"line":54,"column":12},"end":{"line":57,"column":16}},"27":{"start":{"line":60,"column":12},"end":{"line":60,"column":51}},"28":{"start":{"line":64,"column":12},"end":{"line":64,"column":35}},"29":{"start":{"line":70,"column":2},"end":{"line":72,"column":4}},"30":{"start":{"line":71,"column":4},"end":{"line":71,"column":39}},"31":{"start":{"line":75,"column":0},"end":{"line":75,"column":38}},"32":{"start":{"line":77,"column":17},"end":{"line":86,"column":1}},"33":{"start":{"line":78,"column":2},"end":{"line":80,"column":3}},"34":{"start":{"line":79,"column":4},"end":{"line":79,"column":18}},"35":{"start":{"line":82,"column":2},"end":{"line":85,"column":5}},"36":{"start":{"line":88,"column":0},"end":{"line":88,"column":32}}},"fnMap":{"0":{"name":"(anonymous_0)","decl":{"start":{"line":18,"column":0},"end":{"line":18,"column":1}},"loc":{"start":{"line":18,"column":12},"end":{"line":73,"column":1}},"line":18},"1":{"name":"_callee","decl":{"start":{"line":21,"column":40},"end":{"line":21,"column":47}},"loc":{"start":{"line":21,"column":64},"end":{"line":68,"column":3}},"line":21},"2":{"name":"_callee$","decl":{"start":{"line":23,"column":49},"end":{"line":23,"column":57}},"loc":{"start":{"line":23,"column":68},"end":{"line":67,"column":5}},"line":23},"3":{"name":"validateToken","decl":{"start":{"line":70,"column":18},"end":{"line":70,"column":31}},"loc":{"start":{"line":70,"column":46},"end":{"line":72,"column":3}},"line":70},"4":{"name":"checkAdmin","decl":{"start":{"line":77,"column":26},"end":{"line":77,"column":36}},"loc":{"start":{"line":77,"column":53},"end":{"line":86,"column":1}},"line":77}},"branchMap":{"0":{"loc":{"start":{"line":25,"column":8},"end":{"line":65,"column":9}},"type":"switch","locations":[{"start":{"line":26,"column":10},"end":{"line":37,"column":16}},{"start":{"line":39,"column":10},"end":{"line":42,"column":82}},{"start":{"line":44,"column":10},"end":{"line":49,"column":18}},{"start":{"line":51,"column":10},"end":{"line":57,"column":16}},{"start":{"line":59,"column":10},"end":{"line":60,"column":51}},{"start":{"line":62,"column":10},"end":{"line":62,"column":18}},{"start":{"line":63,"column":10},"end":{"line":64,"column":35}}],"line":25},"1":{"loc":{"start":{"line":29,"column":12},"end":{"line":32,"column":13}},"type":"if","locations":[{"start":{"line":29,"column":12},"end":{"line":32,"column":13}},{"start":{"line":29,"column":12},"end":{"line":32,"column":13}}],"line":29},"2":{"loc":{"start":{"line":78,"column":2},"end":{"line":80,"column":3}},"type":"if","locations":[{"start":{"line":78,"column":2},"end":{"line":80,"column":3}},{"start":{"line":78,"column":2},"end":{"line":80,"column":3}}],"line":78}},"s":{"0":1,"1":1,"2":1,"3":1,"4":1,"5":1,"6":1,"7":1,"8":37,"9":107,"10":170,"11":37,"12":37,"13":33,"14":33,"15":4,"16":33,"17":33,"18":33,"19":30,"20":30,"21":30,"22":30,"23":30,"24":3,"25":3,"26":3,"27":30,"28":37,"29":1,"30":37,"31":1,"32":1,"33":13,"34":11,"35":2,"36":1},"f":{"0":1,"1":37,"2":107,"3":37,"4":13},"b":{"0":[37,33,30,3,30,0,37],"1":[33,4],"2":[11,2]},"_coverageSchema":"43e27e138ebf9cfc5966b082cf9a028302ed4184","hash":"e4a7b51b2fd3bdf27a63c50633a2ef00a5537022","contentHash":"01a182e192ac758dbc8bc422deec3b4a604d83cd2eda1de51611f6e03f81f90b"},"C:\\Users\\CHANCERY AND SCRIBE\\Desktop\\Wayfare\\routes\\buses.js":{"path":"C:\\Users\\CHANCERY AND SCRIBE\\Desktop\\Wayfare\\routes\\buses.js","statementMap":{"0":{"start":{"line":3,"column":29},"end":{"line":3,"column":84}},"1":{"start":{"line":5,"column":0},"end":{"line":7,"column":3}},"2":{"start":{"line":8,"column":0},"end":{"line":8,"column":28}},"3":{"start":{"line":10,"column":15},"end":{"line":10,"column":57}},"4":{"start":{"line":12,"column":13},"end":{"line":12,"column":69}},"5":{"start":{"line":14,"column":23},"end":{"line":14,"column":64}},"6":{"start":{"line":16,"column":22},"end":{"line":16,"column":62}},"7":{"start":{"line":18,"column":13},"end":{"line":18,"column":41}},"8":{"start":{"line":20,"column":0},"end":{"line":20,"column":137}},"9":{"start":{"line":21,"column":0},"end":{"line":21,"column":109}},"10":{"start":{"line":22,"column":0},"end":{"line":22,"column":140}},"11":{"start":{"line":23,"column":15},"end":{"line":23,"column":21}},"12":{"start":{"line":24,"column":0},"end":{"line":24,"column":30}}},"fnMap":{},"branchMap":{},"s":{"0":1,"1":1,"2":1,"3":1,"4":1,"5":1,"6":1,"7":1,"8":1,"9":1,"10":1,"11":1,"12":1},"f":{},"b":{},"_coverageSchema":"43e27e138ebf9cfc5966b082cf9a028302ed4184","hash":"d03f9cce2596181bf3c58615ff96779decc0009a","contentHash":"c97543068596c7a15fda1e5aa1f073f16988f19c7ed02b60d8e19643c551cc20"},"C:\\Users\\CHANCERY AND SCRIBE\\Desktop\\Wayfare\\controlllers\\buses.js":{"path":"C:\\Users\\CHANCERY AND SCRIBE\\Desktop\\Wayfare\\controlllers\\buses.js","statementMap":{"0":{"start":{"line":3,"column":29},"end":{"line":3,"column":84}},"1":{"start":{"line":5,"column":0},"end":{"line":7,"column":3}},"2":{"start":{"line":8,"column":0},"end":{"line":8,"column":28}},"3":{"start":{"line":10,"column":19},"end":{"line":10,"column":80}},"4":{"start":{"line":12,"column":32},"end":{"line":12,"column":113}},"5":{"start":{"line":14,"column":25},"end":{"line":14,"column":99}},"6":{"start":{"line":16,"column":23},"end":{"line":16,"column":95}},"7":{"start":{"line":18,"column":20},"end":{"line":18,"column":89}},"8":{"start":{"line":20,"column":11},"end":{"line":20,"column":68}},"9":{"start":{"line":24,"column":0},"end":{"line":248,"column":3}},"10":{"start":{"line":26,"column":4},"end":{"line":26,"column":48}},"11":{"start":{"line":29,"column":2},"end":{"line":246,"column":6}},"12":{"start":{"line":32,"column":23},"end":{"line":100,"column":9}},"13":{"start":{"line":36,"column":8},"end":{"line":99,"column":46}},"14":{"start":{"line":37,"column":10},"end":{"line":98,"column":11}},"15":{"start":{"line":38,"column":12},"end":{"line":97,"column":13}},"16":{"start":{"line":40,"column":16},"end":{"line":40,"column":34}},"17":{"start":{"line":41,"column":16},"end":{"line":41,"column":34}},"18":{"start":{"line":42,"column":16},"end":{"line":42,"column":77}},"19":{"start":{"line":45,"column":16},"end":{"line":45,"column":46}},"20":{"start":{"line":47,"column":16},"end":{"line":50,"column":17}},"21":{"start":{"line":48,"column":18},"end":{"line":48,"column":37}},"22":{"start":{"line":49,"column":18},"end":{"line":49,"column":24}},"23":{"start":{"line":52,"column":16},"end":{"line":52,"column":34}},"24":{"start":{"line":53,"column":16},"end":{"line":53,"column":34}},"25":{"start":{"line":54,"column":16},"end":{"line":54,"column":59}},"26":{"start":{"line":57,"column":16},"end":{"line":57,"column":39}},"27":{"start":{"line":58,"column":16},"end":{"line":58,"column":111}},"28":{"start":{"line":59,"column":16},"end":{"line":62,"column":20}},"29":{"start":{"line":65,"column":16},"end":{"line":65,"column":35}},"30":{"start":{"line":66,"column":16},"end":{"line":66,"column":51}},"31":{"start":{"line":67,"column":16},"end":{"line":70,"column":20}},"32":{"start":{"line":73,"column":16},"end":{"line":73,"column":35}},"33":{"start":{"line":74,"column":16},"end":{"line":74,"column":22}},"34":{"start":{"line":77,"column":16},"end":{"line":80,"column":20}},"35":{"start":{"line":83,"column":16},"end":{"line":83,"column":35}},"36":{"start":{"line":84,"column":16},"end":{"line":84,"column":22}},"37":{"start":{"line":87,"column":16},"end":{"line":87,"column":35}},"38":{"start":{"line":88,"column":16},"end":{"line":88,"column":51}},"39":{"start":{"line":89,"column":16},"end":{"line":92,"column":20}},"40":{"start":{"line":96,"column":16},"end":{"line":96,"column":39}},"41":{"start":{"line":103,"column":8},"end":{"line":103,"column":49}},"42":{"start":{"line":106,"column":6},"end":{"line":106,"column":23}},"43":{"start":{"line":111,"column":26},"end":{"line":149,"column":9}},"44":{"start":{"line":115,"column":8},"end":{"line":148,"column":37}},"45":{"start":{"line":116,"column":10},"end":{"line":147,"column":11}},"46":{"start":{"line":117,"column":12},"end":{"line":146,"column":13}},"47":{"start":{"line":119,"column":16},"end":{"line":119,"column":35}},"48":{"start":{"line":120,"column":16},"end":{"line":120,"column":35}},"49":{"start":{"line":121,"column":16},"end":{"line":121,"column":54}},"50":{"start":{"line":124,"column":16},"end":{"line":124,"column":39}},"51":{"start":{"line":125,"column":16},"end":{"line":129,"column":19}},"52":{"start":{"line":126,"column":30},"end":{"line":126,"column":39}},"53":{"start":{"line":127,"column":31},"end":{"line":127,"column":88}},"54":{"start":{"line":128,"column":18},"end":{"line":128,"column":32}},"55":{"start":{"line":130,"column":16},"end":{"line":133,"column":20}},"56":{"start":{"line":136,"column":16},"end":{"line":136,"column":35}},"57":{"start":{"line":137,"column":16},"end":{"line":137,"column":53}},"58":{"start":{"line":138,"column":16},"end":{"line":141,"column":20}},"59":{"start":{"line":145,"column":16},"end":{"line":145,"column":40}},"60":{"start":{"line":152,"column":8},"end":{"line":152,"column":52}},"61":{"start":{"line":155,"column":6},"end":{"line":155,"column":26}},"62":{"start":{"line":160,"column":22},"end":{"line":194,"column":9}},"63":{"start":{"line":164,"column":8},"end":{"line":193,"column":37}},"64":{"start":{"line":165,"column":10},"end":{"line":192,"column":11}},"65":{"start":{"line":166,"column":12},"end":{"line":191,"column":13}},"66":{"start":{"line":168,"column":16},"end":{"line":168,"column":35}},"67":{"start":{"line":169,"column":16},"end":{"line":169,"column":35}},"68":{"start":{"line":170,"column":16},"end":{"line":170,"column":66}},"69":{"start":{"line":173,"column":16},"end":{"line":173,"column":37}},"70":{"start":{"line":174,"column":16},"end":{"line":174,"column":102}},"71":{"start":{"line":175,"column":16},"end":{"line":178,"column":20}},"72":{"start":{"line":181,"column":16},"end":{"line":181,"column":35}},"73":{"start":{"line":182,"column":16},"end":{"line":182,"column":53}},"74":{"start":{"line":183,"column":16},"end":{"line":186,"column":20}},"75":{"start":{"line":190,"column":16},"end":{"line":190,"column":40}},"76":{"start":{"line":197,"column"
[...]
ocations":[{"start":{"line":321,"column":16},"end":{"line":324,"column":17}},{"start":{"line":321,"column":16},"end":{"line":324,"column":17}}],"line":321}},"s":{"0":1,"1":1,"2":1,"3":1,"4":1,"5":1,"6":1,"7":1,"8":1,"9":1,"10":1,"11":1,"12":0,"13":1,"14":1,"15":3,"16":14,"17":20,"18":3,"19":3,"20":3,"21":3,"22":3,"23":3,"24":3,"25":0,"26":3,"27":3,"28":0,"29":0,"30":0,"31":3,"32":3,"33":3,"34":2,"35":2,"36":2,"37":2,"38":2,"39":1,"40":1,"41":1,"42":3,"43":3,"44":1,"45":1,"46":3,"47":10,"48":11,"49":3,"50":3,"51":3,"52":2,"53":2,"54":2,"55":1,"56":1,"57":1,"58":1,"59":1,"60":1,"61":1,"62":1,"63":1,"64":3,"65":3,"66":1,"67":1,"68":2,"69":6,"70":6,"71":2,"72":2,"73":2,"74":2,"75":2,"76":3,"77":3,"78":3,"79":3,"80":3,"81":3,"82":3,"83":3,"84":2,"85":0,"86":0,"87":0,"88":2,"89":2,"90":1,"91":1,"92":2,"93":6,"94":7,"95":2,"96":2,"97":2,"98":1,"99":1,"100":1,"101":1,"102":0,"103":1,"104":1,"105":1,"106":1,"107":2,"108":2,"109":1,"110":1,"111":0,"112":0,"113":0,"114":0,"115":0,"116":0,"117":0,"118":0,"119":0,"120":0,"121":0,"122":0,"123":0,"124":0,"125":0,"126":0,"127":0,"128":0,"129":0,"130":0,"131":0,"132":0,"133":0,"134":0,"135":0,"136":0,"137":0,"138":0,"139":0,"140":0,"141":0,"142":0,"143":0,"144":1,"145":1,"146":1,"147":1},"f":{"0":1,"1":0,"2":1,"3":3,"4":14,"5":3,"6":1,"7":3,"8":10,"9":3,"10":1,"11":2,"12":6,"13":3,"14":2,"15":1,"16":2,"17":6,"18":2,"19":1,"20":0,"21":0,"22":0},"b":{"0":[3,3,3,0,3,2,2,1,0,3],"1":[3,0],"2":[3,2,1,1,1,0,3],"3":[2,2,0,0,2],"4":[2,1,1,1,0,2],"5":[1,0],"6":[0,0,0,0,0,0,0,0,0,0],"7":[0,0],"8":[0,0],"9":[0,0]},"_coverageSchema":"43e27e138ebf9cfc5966b082cf9a028302ed4184","hash":"f826c522ee2b1221a1ee56f53b2f11e0c67ca4d3","contentHash":"86322432c68d27633f39f984533e991c47776ff938526fdd53f7c18681e41341"},"C:\\Users\\CHANCERY AND SCRIBE\\Desktop\\Wayfare\\helperFunctions\\bookings.helperFunctions.js":{"path":"C:\\Users\\CHANCERY AND SCRIBE\\Desktop\\Wayfare\\helperFunctions\\bookings.helperFunctions.js","statementMap":{"0":{"start":{"line":3,"column":29},"end":{"line":3,"column":84}},"1":{"start":{"line":5,"column":0},"end":{"line":7,"column":3}},"2":{"start":{"line":8,"column":0},"end":{"line":8,"column":28}},"3":{"start":{"line":10,"column":16},"end":{"line":10,"column":81}},"4":{"start":{"line":12,"column":22},"end":{"line":12,"column":93}},"5":{"start":{"line":14,"column":19},"end":{"line":14,"column":80}},"6":{"start":{"line":16,"column":25},"end":{"line":16,"column":99}},"7":{"start":{"line":18,"column":23},"end":{"line":18,"column":95}},"8":{"start":{"line":20,"column":20},"end":{"line":20,"column":89}},"9":{"start":{"line":22,"column":13},"end":{"line":22,"column":55}},"10":{"start":{"line":24,"column":13},"end":{"line":24,"column":71}},"11":{"start":{"line":26,"column":11},"end":{"line":26,"column":51}},"12":{"start":{"line":28,"column":9},"end":{"line":28,"column":23}},"13":{"start":{"line":32,"column":0},"end":{"line":299,"column":3}},"14":{"start":{"line":34,"column":4},"end":{"line":34,"column":52}},"15":{"start":{"line":37,"column":2},"end":{"line":297,"column":6}},"16":{"start":{"line":40,"column":27},"end":{"line":79,"column":9}},"17":{"start":{"line":44,"column":8},"end":{"line":78,"column":37}},"18":{"start":{"line":45,"column":10},"end":{"line":77,"column":11}},"19":{"start":{"line":46,"column":12},"end":{"line":76,"column":13}},"20":{"start":{"line":48,"column":16},"end":{"line":48,"column":71}},"21":{"start":{"line":49,"column":16},"end":{"line":49,"column":34}},"22":{"start":{"line":50,"column":16},"end":{"line":50,"column":34}},"23":{"start":{"line":51,"column":16},"end":{"line":51,"column":59}},"24":{"start":{"line":54,"column":16},"end":{"line":54,"column":43}},"25":{"start":{"line":55,"column":16},"end":{"line":55,"column":34}},"26":{"start":{"line":56,"column":16},"end":{"line":56,"column":80}},"27":{"start":{"line":59,"column":16},"end":{"line":59,"column":43}},"28":{"start":{"line":60,"column":16},"end":{"line":60,"column":122}},"29":{"start":{"line":61,"column":16},"end":{"line":61,"column":35}},"30":{"start":{"line":62,"column":16},"end":{"line":62,"column":97}},"31":{"start":{"line":65,"column":16},"end":{"line":65,"column":43}},"32":{"start":{"line":66,"column":16},"end":{"line":66,"column":64}},"33":{"start":{"line":69,"column":16},"end":{"line":69,"column":35}},"34":{"start":{"line":70,"column":16},"end":{"line":70,"column":51}},"35":{"start":{"line":71,"column":16},"end":{"line":71,"column":53}},"36":{"start":{"line":75,"column":16},"end":{"line":75,"column":39}},"37":{"start":{"line":82,"column":8},"end":{"line":82,"column":53}},"38":{"start":{"line":85,"column":6},"end":{"line":85,"column":27}},"39":{"start":{"line":90,"column":26},"end":{"line":143,"column":9}},"40":{"start":{"line":95,"column":8},"end":{"line":142,"column":38}},"41":{"start":{"line":96,"column":10},"end":{"line":141,"column":11}},"42":{"start":{"line":97,"column":12},"end":{"line":140,"column":13}},"43":{"start":{"line":99,"column":16},"end":{"line":99,"column":223}},"44":{"start":{"line":100,"column":16},"end":{"line":100,"column":35}},"45":{"start":{"line":101,"column":16},"end":{"line":101,"column":35}},"46":{"start":{"line":102,"column":16},"end":{"line":102,"column":70}},"47":{"start":{"line":105,"column":16},"end":{"line":105,"column":38}},"48":{"start":{"line":106,"column":16},"end":{"line":106,"column":65}},"49":{"start":{"line":107,"column":16},"end":{"line":107,"column":71}},"50":{"start":{"line":109,"column":16},"end":{"line":112,"column":17}},"51":{"start":{"line":110,"column":18},"end":{"line":110,"column":38}},"52":{"start":{"line":111,"column":18},"end":{"line":111,"column":24}},"53":{"start":{"line":114,"column":16},"end":{"line":114,"column":313}},"54":{"start":{"line":115,"column":16},"end":{"line":126,"column":18}},"55":{"start":{"line":127,"column":16},"end":{"line":127,"column":59}},"56":{"start":{"line":130,"column":16},"end":{"line":130,"column":53}},"57":{"start":{"line":133,"column":16},"end":{"line":133,"column":36}},"58":{"start":{"line":134,"column":16},"end":{"line":134,"column":53}},"59":{"start":{"line":135,"column":16},"end":{"line":135,"column":54}},"60":{"start":{"line":139,"column":16},"end":{"line":139,"column":40}},"61":{"start":{"line":146,"column":8},"end":{"line":146,"column":52}},"62":{"start":{"line":149,"column":6},"end":{"line":149,"column":26}},"63":{"start":{"line":154,"column":29},"end":{"line":193,"column":9}},"64":{"start":{"line":158,"column":8},"end":{"line":192,"column":38}},"65":{"start":{"line":159,"column":10},"end":{"line":191,"column":11}},"66":{"start":{"line":160,"column":12},"end":{"line":190,"column":13}},"67":{"start":{"line":162,"column":16},"end":{"line":162,"column":187}},"68":{"start":{"line":163,"column":16},"end":{"line":163,"column":35}},"69":{"start":{"line":164,"column":16},"end":{"line":164,"column":35}},"70":{"start":{"line":165,"column":16},"end":{"line":165,"column":68}},"71":{"start":{"line":168,"column":16},"end":{"line":168,"column":45}},"72":{"start":{"line":170,"column":16},"end":{"line":173,"column":17}},"73":{"start":{"line":171,"column":18},"end":{"line":171,"column":37}},"74":{"start":{"line":172,"column":18},"end":{"line":172,"column":24}},"75":{"start":{"line":175,"column":16},"end":{"line":177,"column":20}},"76":{"start":{"line":176,"column":18},"end":{"line":176,"column":57}},"77":{"start":{"line":180,"column":16},"end":{"line":180,"column":63}},"78":{"start":{"line":183,"column":16},"end":{"line":183,"column":36}},"79":{"start":{"line":184,"column":16},"end":{"line":184,"column":53}},"80":{"start":{"line":185,"column":16},"end":{"line":185,"column":57}},"81":{"start":{"line":189,"column":16},"end":{"line":189,"column":40}},"82":{"start":{"line":196,"column":8},"end":{"line":196,"column":55}},"83":{"start":{"line":199,"column":6},"end":{"line":199,"column":29}},"84":{"start":{"line":204,"column":27},"end":{"line":246,"column":9}},"85":{"start":{"line":208,"column":8},"end":{"line":245,"column":38}},"86":{"start":{"line":209,"column":10},"end":{"line":244,"column":11}},"87":{"start":{"line":210,"column":12},"end":{"line":243,"column":13}},"88":{"start":{"line":212,"column":16},"end":{"line":212,"column":35}},"89":{"start":{"line":213,"column":16},"end":{"line":213,"column":35}},"90":{"start":{"line":214,"column":16},"end":{"line":214,"column":48}},"91":{"start":{"line":217,"column":16},"end":{"line":217,"column":49}},"92":{"start":{"line":219,"column":16},"end":{"line":222,"column":17}},"93":{"start":{"line":220,"column":18},"end":{"line":220,"column":37}},"94":{"start":{"line":221,"column":18},"end":{"line":221,"column":24}},"95":{"start":{"line":224,"column":16},"end":{"line":224,"column":57}},"96":{"start":{"line":227,"column":16},"end":{"line":227,"column":66}},"97":{"start":{"line":228,"column":16},"end":{"line":228,"column":80}},"98":{"start":{"line":229,"column":16},"end":{"line":229,"column":36}},"99":{"start":{"line":230,"column":16},"end":{"line":230,"column":72}},"100":{"start":{"line":233,"column":16},"end":{"line":233,"column":56}},"101":{"start":{"line":236,"column":16},"end":{"line":236,"column":36}},"102":{"start":{"line":237,"column":16},"end":{"line":237,"column":53}},"103":{"start":{"line":238,"column":16},"end":{"line":238,"column":54}},"104":{"start":{"line":242,"column":16},"end":{"line":242,"column":40}},"105":{"start":{"line":249,"column":8},"end":{"line":249,"column":53}},"106":{"start":{"line":252,"column":6},"end":{"line":252,"column":27}},"107":{"start":{"line":257,"column":24},"end":{"line":289,"column":9}},"108":{"start":{"line":261,"column":8},"end":{"line":288,"column":38}},"109":{"start":{"line":262,"column":10},"end":{"line":287,"column":11}},"110":{"start":{"line":263,"column":12},"end":{"line":286,"column":13}},"111":{"start":{"line":265,"column":16},"end":{"line":265,"column":35}},"112":{"start":{"line":266,"column":16},"end":{"line":266,"column":35}},"113":{"start":{"line":267,"column":16},"end":{"line":267,"column":78}},"114":{"start":{"line":270,"column":16},"end":{"line":270,"column":52}},"115":{"start":{"line":271,"column":16},"end":{"line":271,"column":103}},"116":{"start":{"line":272,"column":16},"end":{"line":272,"column":35}},"117":{"start":{"line":273,"column":16},"end":{"line":273,"column":96}},"118":{"start":{"line":276,"column":16},"end":{"line":276,"column":66}},"119":{"start":{"line":279,"column":16},"end":{"line":279,"column":36}},"120":{"start":{"line":280,"column":16},"end":{"line":280,"column":53}},"121":{"start":{"line":281,"column":16},"end":{"line":281,"column":35}},"122":{"start":{"line":285,"column":16},"end":{"line":285,"column":40}},"123":{"start":{"line":292,"column":8},"end":{"line":292,"column":50}},"124":{"start":{"line":295,"column":6},"end":{"line":295,"column":24}},"125":{"start":{"line":298,"column":2},"end":{"line":298,"column":17}},"126":{"start":{"line":301,"column":15},"end":{"line":301,"column":22}},"127":{"start":{"line":302,"column":0},"end":{"line":302,"column":30}}},"fnMap":{"0":{"name":"(anonymous_0)","decl":{"start":{"line":32,"column":0},"end":{"line":32,"column":1}},"loc":{"start":{"line":32,"column":12},"end":{"line":299,"column":1}},"line":32},"1":{"name":"Booking","decl":{"start":{"line":33,"column":11},"end":{"line":33,"column":18}},"loc":{"start":{"line":33,"column":21},"end":{"line":35,"column":3}},"line":33},"2":{"name":"(anonymous_2)","decl":{"start":{"line":39,"column":11},"end":{"line":39,"column":12}},"loc":{"start":{"line":39,"column":23},"end":{"line":86,"column":5}},"line":39},"3":{"name":"_callee","decl":{"start":{"line":42,"column":44},"end":{"line":42,"column":51}},"loc":{"start":{"line":42,"column":66},"end":{"line":79,"column":7}},"line":42},"4":{"name":"_callee$","decl":{"start":{"line":44,"column":53},"end":{"line":44,"column":61}},"loc":{"start":{"line":44,"column":72},"end":{"line":78,"column":9}},"line":44},"5":{"name":"createBooking","decl":{"start":{"line":81,"column":15},"end":{"line":81,"column":28}},"loc":{"start":{"line":81,"column":38},"end":{"line":83,"column":7}},"line":81},"6":{"name":"(anonymous_6)","decl":{"start":{"line":89,"column":11},"end":{"line":89,"column":12}},"loc":{"start":{"line":89,"column":23},"end":{"line":150,"column":5}},"line":89},"7":{"name":"_callee2","decl":{"start":{"line":92,"column":44},"end":{"line":92,"column":52}},"loc":{"start":{"line":92,"column":57},"end":{"line":143,"column":7}},"line":92},"8":{"name":"_callee2$","decl":{"start":{"line":95,"column":53},"end":{"line":95,"column":62}},"loc":{"start":{"line":95,"column":74},"end":{"line":142,"column":9}},"line":95},"9":{"name":"findABooking","decl":{"start":{"line":145,"column":15},"end":{"line":145,"column":27}},"loc":{"start":{"line":145,"column":33},"end":{"line":147,"column":7}},"line":145},"10":{"name":"(anonymous_10)","decl":{"start":{"line":153,"column":11},"end":{"line":153,"column":12}},"loc":{"start":{"line":153,"column":23},"end":{"line":200,"column":5}},"line":153},"11":{"name":"_callee3","decl":{"start":{"line":156,"column":44},"end":{"line":156,"column":52}},"loc":{"start":{"line":156,"column":59},"end":{"line":193,"column":7}},"line":156},"12":{"name":"_callee3$","decl":{"start":{"line":158,"column":53},"end":{"line":158,"column":62}},"loc":{"start":{"line":158,"column":74},"end":{"line":192,"column":9}},"line":158},"13":{"name":"(anonymous_13)","decl":{"start":{"line":175,"column":69},"end":{"line":175,"column":70}},"loc":{"start":{"line":175,"column":88},"end":{"line":177,"column":17}},"line":175},"14":{"name":"findAllBookings","decl":{"start":{"line":195,"column":15},"end":{"line":195,"column":30}},"loc":{"start":{"line":195,"column":36},"end":{"line":197,"column":7}},"line":195},"15":{"name":"(anonymous_15)","decl":{"start":{"line":203,"column":11},"end":{"line":203,"column":12}},"loc":{"start":{"line":203,"column":23},"end":{"line":253,"column":5}},"line":203},"16":{"name":"_callee4","decl":{"start":{"line":206,"column":44},"end":{"line":206,"column":52}},"loc":{"start":{"line":206,"column":63},"end":{"line":246,"column":7}},"line":206},"17":{"name":"_callee4$","decl":{"start":{"line":208,"column":53},"end":{"line":208,"column":62}},"loc":{"start":{"line":208,"column":74},"end":{"line":245,"column":9}},"line":208},"18":{"name":"deleteBooking","decl":{"start":{"line":248,"column":15},"end":{"line":248,"column":28}},"loc":{"start":{"line":248,"column":39},"end":{"line":250,"column":7}},"line":248},"19":{"name":"(anonymous_19)","decl":{"start":{"line":256,"column":11},"end":{"line":256,"column":12}},"loc":{"start":{"line":256,"column":23},"end":{"line":296,"column":5}},"line":256},"20":{"name":"_callee5","decl":{"start":{"line":259,"column":44},"end":{"line":259,"column":52}},"loc":{"start":{"line":259,"column":89},"end":{"line":289,"column":7}},"line":259},"21":{"name":"_callee5$","decl":{"start":{"line":261,"column":53},"end":{"line":261,"column":62}},"loc":{"start":{"line":261,"column":74},"end":{"line":288,"column":9}},"line":261},"22":{"name":"changeSeat","decl":{"start":{"line":291,"column":15},"end":{"line":291,"column":25}},"loc":{"start":{"line":291,"column":47},"end":{"line":293,"column":7}},"line":291}},"branchMap":{"0":{"loc":{"start":{"line":46,"column":12},"end":{"line":76,"column":13}},"type":"switch","locations":[{"start":{"line":47,"column":14},"end":{"line":51,"column":59}},{"start":{"line":53,"column":14},"end":{"line":56,"column":80}},{"start":{"line":58,"column":14},"end":{"line":62,"column":97}},{"start":{"line":64,"column":14},"end":{"line":66,"column":64}},{"start":{"line":68,"column":14},"end":{"line":71,"column":53}},{"start":{"line":73,"column":14},"end":{"line":73,"column":22}},{"start":{"line":74,"column":14},"end":{"line":75,"column":39}}],"line":46},"1":{"loc":{"start":{"line":97,"column":12},"end":{"line":140,"column":13}},"type":"switch","locations":[{"start":{"line":98,"column":14},"end":{"line":102,"column":70}},{"start":{"line":104,"column":14},"end":{"line":127,"column":59}},{"start":{"line":129,"column":14},"end":{"line":130,"column":53}},{"start":{"line":132,"column":14},"end":{"line":135,"column":54}},{"start":{"line":137,"column":14},"end":{"line":137,"column":22}},{"start":{"line":138,"column":14},"end":{"line":139,"column":40}}],"line":97},"2":{"loc":{"start":{"line":109,"column":16},"end":{"line":112,"column":17}},"type":"if","locations":[{"start":{"line":109,"column":16},"end":{"line":112,"column":17}},{"start":{"line":109,"column":16},"end":{"line":112,"column":17}}],"line":109},"3":{"loc":{"start":{"line":160,"column":12},"end":{"line":190,"column":13}},"type":"switch","locations":[{"start":{"line":161,"column":14},"end":{"line":165,"column":68}},{"start":{"line":167,"column":14},"end":{"line":177,"column":20}},{"start":{"line":179,"column":14},"end":{"line":180,"column":63}},{"start":{"line":182,"column":14},"end":{"line":185,"column":57}},{"start":{"line":187,"column":14},"end":{"line":187,"column":22}},{"start":{"line":188,"column":14},"end":{"line":189,"column":40}}],"line":160},"4":{"loc":{"start":{"line":170,"column":16},"end":{"line":173,"column":17}},"type":"if","locations":[{"start":{"line":170,"column":16},"end":{"line":173,"column":17}},{"start":{"line":170,"column":16},"end":{"line":173,"column":17}}],"line":170},"5":{"loc":{"start":{"line":210,"column":12},"end":{"line":243,"column":13}},"type":"switch","locations":[{"start":{"line":211,"column":14},"end":{"line":214,"column":48}},{"start":{"line":216,"column":14},"end":{"line":224,"column":57}},{"start":{"line":226,"column":14},"end":{"line":230,"column":72}},{"start":{"line":232,"column":14},"end":{"line":233,"column":56}},{"start":{"line":235,"column":14},"end":{"line":238,"column":54}},{"start":{"line":240,"column":14},"end":{"line":240,"column":22}},{"start":{"line":241,"column":14},"end":{"line":242,"column":40}}],"line":210},"6":{"loc":{"start":{"line":219,"column":16},"end":{"line":222,"column":17}},"type":"if","locations":[{"start":{"line":219,"column":16},"end":{"line":222,"column":17}},{"start":{"line":219,"column":16},"end":{"line":222,"column":17}}],"line":219},"7":{"loc":{"start":{"line":263,"column":12},"end":{"line":286,"column":13}},"type":"switch","locations":[{"start":{"line":264,"column":14},"end":{"line":267,"column":78}},{"start":{"line":269,"column":14},"end":{"line":273,"column":96}},{"start":{"line":275,"column":14},"end":{"line":276,"column":66}},{"start":{"line":278,"column":14},"end":{"line":281,"column":35}},{"start":{"line":283,"column":14},"end":{"line":283,"column":22}},{"start":{"line":284,"column":14},"end":{"line":285,"column":40}}],"line":263}},"s":{"0":1,"1":1,"2":1,"3":1,"4":1,"5":1,"6":1,"7":1,"8":1,"9":1,"10":1,"11":1,"12":1,"13":1,"14":0,"15":1,"16":1,"17":16,"18":79,"19":79,"20":16,"21":16,"22":16,"23":16,"24":16,"25":16,"26":16,"27":15,"28":15,"29":15,"30":15,"31":15,"32":15,"33":1,"34":1,"35":1,"36":16,"37":16,"38":1,"39":1,"40":7,"41":22,"42":23,"43":7,"44":7,"45":7,"46":7,"47":7,"48":7,"49":7,"50":7,"51":1,"52":1,"53":6,"54":6,"55":6,"56":1,"57":1,"58":1,"59":1,"60":7,"61":7,"62":1,"63":1,"64":2,"65":6,"66":8,"67":2,"68":2,"69":2,"70":2,"71":2,"72":2,"73":2,"74":2,"75":0,"76":0,"77":2,"78":0,"79":0,"80":0,"81":2,"82":2,"83":1,"84":1,"85":2,"86":8,"87":10,"88":2,"89":2,"90":2,"91":2,"92":2,"93":2,"94":2,"95":0,"96":2,"97":1,"98":1,"99":1,"100":1,"101":1,"102":1,"103":1,"104":2,"105":2,"106":1,"107":1,"108":0,"109":0,"110":0,"111":0,"112":0,"113":0,"114":0,"115":0,"116":0,"117":0,"118":0,"119":0,"120":0,"121":0,"122":0,"123":0,"124":1,"125":1,"126":1,"127":1},"f":{"0":1,"1":0,"2":1,"3":16,"4":79,"5":16,"6":1,"7":7,"8":22,"9":7,"10":1,"11":2,"12":6,"13":0,"14":2,"15":1,"16":2,"17":8,"18":2,"19":1,"20":0,"21":0,"22":0},"b":{"0":[16,16,15,15,1,0,16],"1":[7,7,1,1,0,7],"2":[1,6],"3":[2,2,2,0,0,2],"4":[2,0],"5":[2,2,2,1,1,0,2],"6":[2,0],"7":[0,0,0,0,0,0]},"_coverageSchema":"43e27e138ebf9cfc5966b082cf9a028302ed4184","hash":"15fde5a50f5c17a3d2b0942410dbd4ab063e11f3","contentHash":"417f6563a0fe6cb58702ea9b6cceb156cc0445b9ce8fa9e4ffca8d4c1d0be72c"}}